{"/Users/jasonsutter/Documents/Companies/VeilForms/veilforms/netlify/functions/api-keys.js": {"path":"/Users/jasonsutter/Documents/Companies/VeilForms/veilforms/netlify/functions/api-keys.js","statementMap":{"0":{"start":{"line":16,"column":17},"end":{"line":16,"column":22}},"1":{"start":{"line":17,"column":16},"end":{"line":17,"column":80}},"2":{"start":{"line":18,"column":12},"end":{"line":18,"column":18}},"3":{"start":{"line":19,"column":16},"end":{"line":19,"column":34}},"4":{"start":{"line":20,"column":2},"end":{"line":20,"column":32}},"5":{"start":{"line":21,"column":2},"end":{"line":23,"column":3}},"6":{"start":{"line":21,"column":15},"end":{"line":21,"column":16}},"7":{"start":{"line":22,"column":4},"end":{"line":22,"column":42}},"8":{"start":{"line":24,"column":2},"end":{"line":24,"column":13}},"9":{"start":{"line":29,"column":18},"end":{"line":29,"column":35}},"10":{"start":{"line":30,"column":15},"end":{"line":30,"column":34}},"11":{"start":{"line":31,"column":21},"end":{"line":31,"column":64}},"12":{"start":{"line":32,"column":20},"end":{"line":32,"column":58}},"13":{"start":{"line":33,"column":2},"end":{"line":33,"column":70}},"14":{"start":{"line":33,"column":28},"end":{"line":33,"column":59}},"15":{"start":{"line":37,"column":17},"end":{"line":37,"column":48}},"16":{"start":{"line":38,"column":18},"end":{"line":40,"column":4}},"17":{"start":{"line":42,"column":2},"end":{"line":44,"column":3}},"18":{"start":{"line":43,"column":4},"end":{"line":43,"column":39}},"19":{"start":{"line":47,"column":20},"end":{"line":47,"column":89}},"20":{"start":{"line":48,"column":2},"end":{"line":53,"column":3}},"21":{"start":{"line":49,"column":4},"end":{"line":52,"column":6}},"22":{"start":{"line":56,"column":15},"end":{"line":56,"column":39}},"23":{"start":{"line":57,"column":2},"end":{"line":59,"column":3}},"24":{"start":{"line":58,"column":4},"end":{"line":58,"column":60}},"25":{"start":{"line":61,"column":16},"end":{"line":61,"column":72}},"26":{"start":{"line":64,"column":14},"end":{"line":64,"column":30}},"27":{"start":{"line":65,"column":20},"end":{"line":65,"column":118}},"28":{"start":{"line":66,"column":16},"end":{"line":66,"column":28}},"29":{"start":{"line":68,"column":2},"end":{"line":88,"column":3}},"30":{"start":{"line":70,"column":4},"end":{"line":72,"column":5}},"31":{"start":{"line":71,"column":6},"end":{"line":71,"column":58}},"32":{"start":{"line":75,"column":4},"end":{"line":77,"column":5}},"33":{"start":{"line":76,"column":6},"end":{"line":76,"column":64}},"34":{"start":{"line":80,"column":4},"end":{"line":82,"column":5}},"35":{"start":{"line":81,"column":6},"end":{"line":81,"column":66}},"36":{"start":{"line":84,"column":4},"end":{"line":84,"column":46}},"37":{"start":{"line":86,"column":4},"end":{"line":86,"column":42}},"38":{"start":{"line":87,"column":4},"end":{"line":87,"column":41}},"39":{"start":{"line":95,"column":22},"end":{"line":95,"column":43}},"40":{"start":{"line":97,"column":13},"end":{"line":97,"column":15}},"41":{"start":{"line":98,"column":2},"end":{"line":118,"column":3}},"42":{"start":{"line":99,"column":19},"end":{"line":99,"column":71}},"43":{"start":{"line":102,"column":4},"end":{"line":113,"column":8}},"44":{"start":{"line":103,"column":22},"end":{"line":103,"column":62}},"45":{"start":{"line":104,"column":6},"end":{"line":104,"column":32}},"46":{"start":{"line":104,"column":20},"end":{"line":104,"column":32}},"47":{"start":{"line":105,"column":6},"end":{"line":112,"column":8}},"48":{"start":{"line":115,"column":4},"end":{"line":115,"column":40}},"49":{"start":{"line":115,"column":28},"end":{"line":115,"column":38}},"50":{"start":{"line":117,"column":4},"end":{"line":117,"column":14}},"51":{"start":{"line":120,"column":2},"end":{"line":123,"column":14}},"52":{"start":{"line":130,"column":15},"end":{"line":130,"column":31}},"53":{"start":{"line":131,"column":32},"end":{"line":131,"column":36}},"54":{"start":{"line":133,"column":2},"end":{"line":135,"column":3}},"55":{"start":{"line":134,"column":4},"end":{"line":134,"column":64}},"56":{"start":{"line":137,"column":2},"end":{"line":139,"column":3}},"57":{"start":{"line":138,"column":4},"end":{"line":138,"column":82}},"58":{"start":{"line":142,"column":27},"end":{"line":142,"column":98}},"59":{"start":{"line":143,"column":25},"end":{"line":143,"column":56}},"60":{"start":{"line":145,"column":2},"end":{"line":149,"column":3}},"61":{"start":{"line":146,"column":4},"end":{"line":148,"column":5}},"62":{"start":{"line":147,"column":6},"end":{"line":147,"column":73}},"63":{"start":{"line":152,"column":22},"end":{"line":152,"column":43}},"64":{"start":{"line":153,"column":21},"end":{"line":153,"column":23}},"65":{"start":{"line":154,"column":2},"end":{"line":158,"column":3}},"66":{"start":{"line":155,"column":4},"end":{"line":155,"column":72}},"67":{"start":{"line":157,"column":4},"end":{"line":157,"column":22}},"68":{"start":{"line":160,"column":2},"end":{"line":165,"column":3}},"69":{"start":{"line":161,"column":4},"end":{"line":164,"column":6}},"70":{"start":{"line":168,"column":17},"end":{"line":168,"column":33}},"71":{"start":{"line":169,"column":18},"end":{"line":169,"column":42}},"72":{"start":{"line":171,"column":18},"end":{"line":179,"column":3}},"73":{"start":{"line":182,"column":2},"end":{"line":182,"column":40}},"74":{"start":{"line":185,"column":2},"end":{"line":185,"column":29}},"75":{"start":{"line":186,"column":2},"end":{"line":186,"column":49}},"76":{"start":{"line":188,"column":2},"end":{"line":197,"column":14}},"77":{"start":{"line":205,"column":18},"end":{"line":205,"column":58}},"78":{"start":{"line":207,"column":2},"end":{"line":209,"column":3}},"79":{"start":{"line":208,"column":4},"end":{"line":208,"column":59}},"80":{"start":{"line":211,"column":2},"end":{"line":213,"column":3}},"81":{"start":{"line":212,"column":4},"end":{"line":212,"column":56}},"82":{"start":{"line":216,"column":2},"end":{"line":216,"column":28}},"83":{"start":{"line":219,"column":22},"end":{"line":219,"column":43}},"84":{"start":{"line":220,"column":17},"end":{"line":220,"column":19}},"85":{"start":{"line":221,"column":2},"end":{"line":225,"column":3}},"86":{"start":{"line":222,"column":4},"end":{"line":222,"column":68}},"87":{"start":{"line":224,"column":4},"end":{"line":224,"column":18}},"88":{"start":{"line":226,"column":2},"end":{"line":226,"column":47}},"89":{"start":{"line":226,"column":34},"end":{"line":226,"column":45}},"90":{"start":{"line":227,"column":2},"end":{"line":227,"column":45}},"91":{"start":{"line":229,"column":2},"end":{"line":232,"column":14}},"92":{"start":{"line":235,"column":22},"end":{"line":237,"column":1}}},"fnMap":{"0":{"name":"generateApiKey","decl":{"start":{"line":15,"column":9},"end":{"line":15,"column":23}},"loc":{"start":{"line":15,"column":26},"end":{"line":25,"column":1}},"line":15},"1":{"name":"hashApiKey","decl":{"start":{"line":28,"column":15},"end":{"line":28,"column":25}},"loc":{"start":{"line":28,"column":31},"end":{"line":34,"column":1}},"line":28},"2":{"name":"(anonymous_2)","decl":{"start":{"line":33,"column":23},"end":{"line":33,"column":24}},"loc":{"start":{"line":33,"column":28},"end":{"line":33,"column":59}},"line":33},"3":{"name":"handler","decl":{"start":{"line":36,"column":30},"end":{"line":36,"column":37}},"loc":{"start":{"line":36,"column":52},"end":{"line":89,"column":1}},"line":36},"4":{"name":"handleListKeys","decl":{"start":{"line":94,"column":15},"end":{"line":94,"column":29}},"loc":{"start":{"line":94,"column":54},"end":{"line":124,"column":1}},"line":94},"5":{"name":"(anonymous_5)","decl":{"start":{"line":102,"column":40},"end":{"line":102,"column":41}},"loc":{"start":{"line":102,"column":57},"end":{"line":113,"column":5}},"line":102},"6":{"name":"(anonymous_6)","decl":{"start":{"line":115,"column":23},"end":{"line":115,"column":24}},"loc":{"start":{"line":115,"column":28},"end":{"line":115,"column":38}},"line":115},"7":{"name":"handleCreateKey","decl":{"start":{"line":129,"column":15},"end":{"line":129,"column":30}},"loc":{"start":{"line":129,"column":60},"end":{"line":198,"column":1}},"line":129},"8":{"name":"handleRevokeKey","decl":{"start":{"line":203,"column":15},"end":{"line":203,"column":30}},"loc":{"start":{"line":203,"column":62},"end":{"line":233,"column":1}},"line":203},"9":{"name":"(anonymous_9)","decl":{"start":{"line":226,"column":29},"end":{"line":226,"column":30}},"loc":{"start":{"line":226,"column":34},"end":{"line":226,"column":45}},"line":226}},"branchMap":{"0":{"loc":{"start":{"line":37,"column":17},"end":{"line":37,"column":48}},"type":"binary-expr","locations":[{"start":{"line":37,"column":17},"end":{"line":37,"column":42}},{"start":{"line":37,"column":46},"end":{"line":37,"column":48}}],"line":37},"1":{"loc":{"start":{"line":42,"column":2},"end":{"line":44,"column":3}},"type":"if","locations":[{"start":{"line":42,"column":2},"end":{"line":44,"column":3}},{"start":{},"end":{}}],"line":42},"2":{"loc":{"start":{"line":48,"column":2},"end":{"line":53,"column":3}},"type":"if","locations":[{"start":{"line":48,"column":2},"end":{"line":53,"column":3}},{"start":{},"end":{}}],"line":48},"3":{"loc":{"start":{"line":57,"column":2},"end":{"line":59,"column":3}},"type":"if","locations":[{"start":{"line":57,"column":2},"end":{"line":59,"column":3}},{"start":{},"end":{}}],"line":57},"4":{"loc":{"start":{"line":70,"column":4},"end":{"line":72,"column":5}},"type":"if","locations":[{"start":{"line":70,"column":4},"end":{"line":72,"column":5}},{"start":{},"end":{}}],"line":70},"5":{"loc":{"start":{"line":70,"column":8},"end":{"line":70,"column":38}},"type":"binary-expr","locations":[{"start":{"line":70,"column":8},"end":{"line":70,"column":28}},{"start":{"line":70,"column":32},"end":{"line":70,"column":38}}],"line":70},"6":{"loc":{"start":{"line":75,"column":4},"end":{"line":77,"column":5}},"type":"if","locations":[{"start":{"line":75,"column":4},"end":{"line":77,"column":5}},{"start":{},"end":{}}],"line":75},"7":{"loc":{"start":{"line":75,"column":8},"end":{"line":75,"column":39}},"type":"binary-expr","locations":[{"start":{"line":75,"column":8},"end":{"line":75,"column":29}},{"start":{"line":75,"column":33},"end":{"line":75,"column":39}}],"line":75},"8":{"loc":{"start":{"line":80,"column":4},"end":{"line":82,"column":5}},"type":"if","locations":[{"start":{"line":80,"column":4},"end":{"line":82,"column":5}},{"start":{},"end":{}}],"line":80},"9":{"loc":{"start":{"line":80,"column":8},"end":{"line":80,"column":40}},"type":"binary-expr","locations":[{"start":{"line":80,"column":8},"end":{"line":80,"column":31}},{"start":{"line":80,"column":35},"end":{"line":80,"column":40}}],"line":80},"10":{"loc":{"start":{"line":99,"column":19},"end":{"line":99,"column":71}},"type":"binary-expr","locations":[{"start":{"line":99,"column":19},"end":{"line":99,"column":65}},{"start":{"line":99,"column":69},"end":{"line":99,"column":71}}],"line":99},"11":{"loc":{"start":{"line":104,"column":6},"end":{"line":104,"column":32}},"type":"if","locations":[{"start":{"line":104,"column":6},"end":{"line":104,"column":32}},{"start":{},"end":{}}],"line":104},"12":{"loc":{"start":{"line":133,"column":2},"end":{"line":135,"column":3}},"type":"if","locations":[{"start":{"line":133,"column":2},"end":{"line":135,"column":3}},{"start":{},"end":{}}],"line":133},"13":{"loc":{"start":{"line":133,"column":6},"end":{"line":133,"column":67}},"type":"binary-expr","locations":[{"start":{"line":133,"column":6},"end":{"line":133,"column":11}},{"start":{"line":133,"column":15},"end":{"line":133,"column":39}},{"start":{"line":133,"column":43},"end":{"line":133,"column":67}}],"line":133},"14":{"loc":{"start":{"line":137,"column":2},"end":{"line":139,"column":3}},"type":"if","locations":[{"start":{"line":137,"column":2},"end":{"line":139,"column":3}},{"start":{},"end":{}}],"line":137},"15":{"loc":{"start":{"line":143,"column":25},"end":{"line":143,"column":56}},"type":"binary-expr","locations":[{"start":{"line":143,"column":25},"end":{"line":143,"column":36}},{"start":{"line":143,"column":40},"end":{"line":143,"column":56}}],"line":143},"16":{"loc":{"start":{"line":146,"column":4},"end":{"line":148,"column":5}},"type":"if","locations":[{"start":{"line":146,"column":4},"end":{"line":148,"column":5}},{"start":{},"end":{}}],"line":146},"17":{"loc":{"start":{"line":155,"column":19},"end":{"line":155,"column":71}},"type":"binary-expr","locations":[{"start":{"line":155,"column":19},"end":{"line":155,"column":65}},{"start":{"line":155,"column":69},"end":{"line":155,"column":71}}],"line":155},"18":{"loc":{"start":{"line":160,"column":2},"end":{"line":165,"column":3}},"type":"if","locations":[{"start":{"line":160,"column":2},"end":{"line":165,"column":3}},{"start":{},"end":{}}],"line":160},"19":{"loc":{"start":{"line":207,"column":2},"end":{"line":209,"column":3}},"type":"if","locations":[{"start":{"line":207,"column":2},"end":{"line":209,"column":3}},{"start":{},"end":{}}],"line":207},"20":{"loc":{"start":{"line":211,"column":2},"end":{"line":213,"column":3}},"type":"if","locations":[{"start":{"line":211,"column":2},"end":{"line":213,"column":3}},{"start":{},"end":{}}],"line":211},"21":{"loc":{"start":{"line":222,"column":15},"end":{"line":222,"column":67}},"type":"binary-expr","locations":[{"start":{"line":222,"column":15},"end":{"line":222,"column":61}},{"start":{"line":222,"column":65},"end":{"line":222,"column":67}}],"line":222}},"s":{"0":0,"1":0,"2":0,"3":0,"4":0,"5":0,"6":0,"7":0,"8":0,"9":0,"10":0,"11":0,"12":0,"13":0,"14":0,"15":0,"16":0,"17":0,"18":0,"19":0,"20":0,"21":0,"22":0,"23":0,"24":0,"25":0,"26":0,"27":0,"28":0,"29":0,"30":0,"31":0,"32":0,"33":0,"34":0,"35":0,"36":0,"37":0,"38":0,"39":0,"40":0,"41":0,"42":0,"43":0,"44":0,"45":0,"46":0,"47":0,"48":0,"49":0,"50":0,"51":0,"52":0,"53":0,"54":0,"55":0,"56":0,"57":0,"58":0,"59":0,"60":0,"61":0,"62":0,"63":0,"64":0,"65":0,"66":0,"67":0,"68":0,"69":0,"70":0,"71":0,"72":0,"73":0,"74":0,"75":0,"76":0,"77":0,"78":0,"79":0,"80":0,"81":0,"82":0,"83":0,"84":0,"85":0,"86":0,"87":0,"88":0,"89":0,"90":0,"91":0,"92":0},"f":{"0":0,"1":0,"2":0,"3":0,"4":0,"5":0,"6":0,"7":0,"8":0,"9":0},"b":{"0":[0,0],"1":[0,0],"2":[0,0],"3":[0,0],"4":[0,0],"5":[0,0],"6":[0,0],"7":[0,0],"8":[0,0],"9":[0,0],"10":[0,0],"11":[0,0],"12":[0,0],"13":[0,0,0],"14":[0,0],"15":[0,0],"16":[0,0],"17":[0,0],"18":[0,0],"19":[0,0],"20":[0,0],"21":[0,0]},"inputSourceMap":null}
,"/Users/jasonsutter/Documents/Companies/VeilForms/veilforms/netlify/functions/audit-logs.js": {"path":"/Users/jasonsutter/Documents/Companies/VeilForms/veilforms/netlify/functions/audit-logs.js","statementMap":{"0":{"start":{"line":15,"column":17},"end":{"line":15,"column":48}},"1":{"start":{"line":16,"column":18},"end":{"line":18,"column":4}},"2":{"start":{"line":20,"column":2},"end":{"line":22,"column":3}},"3":{"start":{"line":21,"column":4},"end":{"line":21,"column":39}},"4":{"start":{"line":24,"column":2},"end":{"line":26,"column":3}},"5":{"start":{"line":25,"column":4},"end":{"line":25,"column":46}},"6":{"start":{"line":29,"column":20},"end":{"line":29,"column":91}},"7":{"start":{"line":30,"column":2},"end":{"line":35,"column":3}},"8":{"start":{"line":31,"column":4},"end":{"line":34,"column":6}},"9":{"start":{"line":38,"column":15},"end":{"line":38,"column":39}},"10":{"start":{"line":39,"column":2},"end":{"line":41,"column":3}},"11":{"start":{"line":40,"column":4},"end":{"line":40,"column":60}},"12":{"start":{"line":43,"column":2},"end":{"line":68,"column":3}},"13":{"start":{"line":44,"column":16},"end":{"line":44,"column":32}},"14":{"start":{"line":45,"column":19},"end":{"line":45,"column":49}},"15":{"start":{"line":46,"column":22},"end":{"line":46,"column":51}},"16":{"start":{"line":47,"column":18},"end":{"line":47,"column":84}},"17":{"start":{"line":48,"column":19},"end":{"line":48,"column":70}},"18":{"start":{"line":51,"column":4},"end":{"line":59,"column":5}},"19":{"start":{"line":52,"column":19},"end":{"line":52,"column":40}},"20":{"start":{"line":53,"column":6},"end":{"line":55,"column":7}},"21":{"start":{"line":54,"column":8},"end":{"line":54,"column":77}},"22":{"start":{"line":57,"column":21},"end":{"line":57,"column":72}},"23":{"start":{"line":58,"column":6},"end":{"line":58,"column":47}},"24":{"start":{"line":62,"column":19},"end":{"line":62,"column":77}},"25":{"start":{"line":64,"column":4},"end":{"line":64,"column":45}},"26":{"start":{"line":66,"column":4},"end":{"line":66,"column":44}},"27":{"start":{"line":67,"column":4},"end":{"line":67,"column":41}},"28":{"start":{"line":71,"column":22},"end":{"line":73,"column":1}}},"fnMap":{"0":{"name":"handler","decl":{"start":{"line":14,"column":30},"end":{"line":14,"column":37}},"loc":{"start":{"line":14,"column":52},"end":{"line":69,"column":1}},"line":14}},"branchMap":{"0":{"loc":{"start":{"line":15,"column":17},"end":{"line":15,"column":48}},"type":"binary-expr","locations":[{"start":{"line":15,"column":17},"end":{"line":15,"column":42}},{"start":{"line":15,"column":46},"end":{"line":15,"column":48}}],"line":15},"1":{"loc":{"start":{"line":20,"column":2},"end":{"line":22,"column":3}},"type":"if","locations":[{"start":{"line":20,"column":2},"end":{"line":22,"column":3}},{"start":{},"end":{}}],"line":20},"2":{"loc":{"start":{"line":24,"column":2},"end":{"line":26,"column":3}},"type":"if","locations":[{"start":{"line":24,"column":2},"end":{"line":26,"column":3}},{"start":{},"end":{}}],"line":24},"3":{"loc":{"start":{"line":30,"column":2},"end":{"line":35,"column":3}},"type":"if","locations":[{"start":{"line":30,"column":2},"end":{"line":35,"column":3}},{"start":{},"end":{}}],"line":30},"4":{"loc":{"start":{"line":39,"column":2},"end":{"line":41,"column":3}},"type":"if","locations":[{"start":{"line":39,"column":2},"end":{"line":41,"column":3}},{"start":{},"end":{}}],"line":39},"5":{"loc":{"start":{"line":47,"column":36},"end":{"line":47,"column":73}},"type":"binary-expr","locations":[{"start":{"line":47,"column":36},"end":{"line":47,"column":65}},{"start":{"line":47,"column":69},"end":{"line":47,"column":73}}],"line":47},"6":{"loc":{"start":{"line":48,"column":28},"end":{"line":48,"column":65}},"type":"binary-expr","locations":[{"start":{"line":48,"column":28},"end":{"line":48,"column":58}},{"start":{"line":48,"column":62},"end":{"line":48,"column":65}}],"line":48},"7":{"loc":{"start":{"line":51,"column":4},"end":{"line":59,"column":5}},"type":"if","locations":[{"start":{"line":51,"column":4},"end":{"line":59,"column":5}},{"start":{},"end":{}}],"line":51},"8":{"loc":{"start":{"line":53,"column":6},"end":{"line":55,"column":7}},"type":"if","locations":[{"start":{"line":53,"column":6},"end":{"line":55,"column":7}},{"start":{},"end":{}}],"line":53},"9":{"loc":{"start":{"line":53,"column":10},"end":{"line":53,"column":47}},"type":"binary-expr","locations":[{"start":{"line":53,"column":10},"end":{"line":53,"column":15}},{"start":{"line":53,"column":19},"end":{"line":53,"column":47}}],"line":53}},"s":{"0":0,"1":0,"2":0,"3":0,"4":0,"5":0,"6":0,"7":0,"8":0,"9":0,"10":0,"11":0,"12":0,"13":0,"14":0,"15":0,"16":0,"17":0,"18":0,"19":0,"20":0,"21":0,"22":0,"23":0,"24":0,"25":0,"26":0,"27":0,"28":0},"f":{"0":0},"b":{"0":[0,0],"1":[0,0],"2":[0,0],"3":[0,0],"4":[0,0],"5":[0,0],"6":[0,0],"7":[0,0],"8":[0,0],"9":[0,0]},"inputSourceMap":null}
,"/Users/jasonsutter/Documents/Companies/VeilForms/veilforms/netlify/functions/auth-forgot.js": {"path":"/Users/jasonsutter/Documents/Companies/VeilForms/veilforms/netlify/functions/auth-forgot.js","statementMap":{"0":{"start":{"line":10,"column":17},"end":{"line":10,"column":48}},"1":{"start":{"line":11,"column":18},"end":{"line":11,"column":40}},"2":{"start":{"line":13,"column":2},"end":{"line":15,"column":3}},"3":{"start":{"line":14,"column":4},"end":{"line":14,"column":39}},"4":{"start":{"line":17,"column":2},"end":{"line":19,"column":3}},"5":{"start":{"line":18,"column":4},"end":{"line":18,"column":46}},"6":{"start":{"line":22,"column":20},"end":{"line":22,"column":86}},"7":{"start":{"line":23,"column":2},"end":{"line":25,"column":3}},"8":{"start":{"line":24,"column":4},"end":{"line":24,"column":109}},"9":{"start":{"line":27,"column":2},"end":{"line":91,"column":3}},"10":{"start":{"line":28,"column":22},"end":{"line":28,"column":38}},"11":{"start":{"line":30,"column":4},"end":{"line":32,"column":5}},"12":{"start":{"line":31,"column":6},"end":{"line":31,"column":105}},"13":{"start":{"line":35,"column":27},"end":{"line":35,"column":76}},"14":{"start":{"line":36,"column":4},"end":{"line":51,"column":5}},"15":{"start":{"line":37,"column":36},"end":{"line":41,"column":7}},"16":{"start":{"line":42,"column":6},"end":{"line":50,"column":8}},"17":{"start":{"line":54,"column":28},"end":{"line":57,"column":57}},"18":{"start":{"line":54,"column":34},"end":{"line":57,"column":57}},"19":{"start":{"line":60,"column":17},"end":{"line":60,"column":37}},"20":{"start":{"line":61,"column":4},"end":{"line":64,"column":5}},"21":{"start":{"line":63,"column":6},"end":{"line":63,"column":31}},"22":{"start":{"line":67,"column":18},"end":{"line":67,"column":56}},"23":{"start":{"line":70,"column":4},"end":{"line":70,"column":49}},"24":{"start":{"line":73,"column":20},"end":{"line":73,"column":62}},"25":{"start":{"line":74,"column":21},"end":{"line":74,"column":55}},"26":{"start":{"line":77,"column":4},"end":{"line":85,"column":5}},"27":{"start":{"line":78,"column":6},"end":{"line":78,"column":52}},"28":{"start":{"line":79,"column":6},"end":{"line":81,"column":7}},"29":{"start":{"line":80,"column":8},"end":{"line":80,"column":61}},"30":{"start":{"line":83,"column":6},"end":{"line":83,"column":72}},"31":{"start":{"line":87,"column":4},"end":{"line":87,"column":29}},"32":{"start":{"line":89,"column":4},"end":{"line":89,"column":49}},"33":{"start":{"line":90,"column":4},"end":{"line":90,"column":62}},"34":{"start":{"line":94,"column":22},"end":{"line":96,"column":1}}},"fnMap":{"0":{"name":"handler","decl":{"start":{"line":9,"column":30},"end":{"line":9,"column":37}},"loc":{"start":{"line":9,"column":52},"end":{"line":92,"column":1}},"line":9},"1":{"name":"(anonymous_1)","decl":{"start":{"line":54,"column":28},"end":{"line":54,"column":29}},"loc":{"start":{"line":54,"column":34},"end":{"line":57,"column":57}},"line":54}},"branchMap":{"0":{"loc":{"start":{"line":10,"column":17},"end":{"line":10,"column":48}},"type":"binary-expr","locations":[{"start":{"line":10,"column":17},"end":{"line":10,"column":42}},{"start":{"line":10,"column":46},"end":{"line":10,"column":48}}],"line":10},"1":{"loc":{"start":{"line":13,"column":2},"end":{"line":15,"column":3}},"type":"if","locations":[{"start":{"line":13,"column":2},"end":{"line":15,"column":3}},{"start":{},"end":{}}],"line":13},"2":{"loc":{"start":{"line":17,"column":2},"end":{"line":19,"column":3}},"type":"if","locations":[{"start":{"line":17,"column":2},"end":{"line":19,"column":3}},{"start":{},"end":{}}],"line":17},"3":{"loc":{"start":{"line":23,"column":2},"end":{"line":25,"column":3}},"type":"if","locations":[{"start":{"line":23,"column":2},"end":{"line":25,"column":3}},{"start":{},"end":{}}],"line":23},"4":{"loc":{"start":{"line":30,"column":4},"end":{"line":32,"column":5}},"type":"if","locations":[{"start":{"line":30,"column":4},"end":{"line":32,"column":5}},{"start":{},"end":{}}],"line":30},"5":{"loc":{"start":{"line":36,"column":4},"end":{"line":51,"column":5}},"type":"if","locations":[{"start":{"line":36,"column":4},"end":{"line":51,"column":5}},{"start":{},"end":{}}],"line":36},"6":{"loc":{"start":{"line":61,"column":4},"end":{"line":64,"column":5}},"type":"if","locations":[{"start":{"line":61,"column":4},"end":{"line":64,"column":5}},{"start":{},"end":{}}],"line":61},"7":{"loc":{"start":{"line":73,"column":20},"end":{"line":73,"column":62}},"type":"binary-expr","locations":[{"start":{"line":73,"column":20},"end":{"line":73,"column":35}},{"start":{"line":73,"column":39},"end":{"line":73,"column":62}}],"line":73},"8":{"loc":{"start":{"line":79,"column":6},"end":{"line":81,"column":7}},"type":"if","locations":[{"start":{"line":79,"column":6},"end":{"line":81,"column":7}},{"start":{},"end":{}}],"line":79}},"s":{"0":0,"1":0,"2":0,"3":0,"4":0,"5":0,"6":0,"7":0,"8":0,"9":0,"10":0,"11":0,"12":0,"13":0,"14":0,"15":0,"16":0,"17":0,"18":0,"19":0,"20":0,"21":0,"22":0,"23":0,"24":0,"25":0,"26":0,"27":0,"28":0,"29":0,"30":0,"31":0,"32":0,"33":0,"34":0},"f":{"0":0,"1":0},"b":{"0":[0,0],"1":[0,0],"2":[0,0],"3":[0,0],"4":[0,0],"5":[0,0],"6":[0,0],"7":[0,0],"8":[0,0]},"inputSourceMap":null}
,"/Users/jasonsutter/Documents/Companies/VeilForms/veilforms/netlify/functions/auth-login.js": {"path":"/Users/jasonsutter/Documents/Companies/VeilForms/veilforms/netlify/functions/auth-login.js","statementMap":{"0":{"start":{"line":15,"column":17},"end":{"line":15,"column":48}},"1":{"start":{"line":16,"column":18},"end":{"line":16,"column":40}},"2":{"start":{"line":18,"column":2},"end":{"line":20,"column":3}},"3":{"start":{"line":19,"column":4},"end":{"line":19,"column":39}},"4":{"start":{"line":22,"column":2},"end":{"line":24,"column":3}},"5":{"start":{"line":23,"column":4},"end":{"line":23,"column":46}},"6":{"start":{"line":27,"column":20},"end":{"line":27,"column":69}},"7":{"start":{"line":28,"column":2},"end":{"line":30,"column":3}},"8":{"start":{"line":29,"column":4},"end":{"line":29,"column":109}},"9":{"start":{"line":32,"column":2},"end":{"line":99,"column":3}},"10":{"start":{"line":33,"column":32},"end":{"line":33,"column":48}},"11":{"start":{"line":35,"column":4},"end":{"line":39,"column":5}},"12":{"start":{"line":36,"column":6},"end":{"line":38,"column":9}},"13":{"start":{"line":42,"column":20},"end":{"line":42,"column":48}},"14":{"start":{"line":43,"column":4},"end":{"line":50,"column":5}},"15":{"start":{"line":44,"column":6},"end":{"line":49,"column":8}},"16":{"start":{"line":53,"column":17},"end":{"line":53,"column":37}},"17":{"start":{"line":54,"column":4},"end":{"line":58,"column":5}},"18":{"start":{"line":56,"column":6},"end":{"line":56,"column":39}},"19":{"start":{"line":57,"column":6},"end":{"line":57,"column":115}},"20":{"start":{"line":61,"column":18},"end":{"line":61,"column":67}},"21":{"start":{"line":62,"column":4},"end":{"line":69,"column":5}},"22":{"start":{"line":63,"column":22},"end":{"line":63,"column":54}},"23":{"start":{"line":64,"column":24},"end":{"line":64,"column":41}},"24":{"start":{"line":66,"column":6},"end":{"line":68,"column":9}},"25":{"start":{"line":72,"column":4},"end":{"line":72,"column":37}},"26":{"start":{"line":75,"column":4},"end":{"line":79,"column":5}},"27":{"start":{"line":76,"column":6},"end":{"line":78,"column":9}},"28":{"start":{"line":82,"column":18},"end":{"line":82,"column":65}},"29":{"start":{"line":84,"column":4},"end":{"line":93,"column":58}},"30":{"start":{"line":95,"column":4},"end":{"line":95,"column":39}},"31":{"start":{"line":96,"column":4},"end":{"line":98,"column":7}},"32":{"start":{"line":102,"column":22},"end":{"line":104,"column":1}}},"fnMap":{"0":{"name":"handler","decl":{"start":{"line":14,"column":30},"end":{"line":14,"column":37}},"loc":{"start":{"line":14,"column":52},"end":{"line":100,"column":1}},"line":14}},"branchMap":{"0":{"loc":{"start":{"line":15,"column":17},"end":{"line":15,"column":48}},"type":"binary-expr","locations":[{"start":{"line":15,"column":17},"end":{"line":15,"column":42}},{"start":{"line":15,"column":46},"end":{"line":15,"column":48}}],"line":15},"1":{"loc":{"start":{"line":18,"column":2},"end":{"line":20,"column":3}},"type":"if","locations":[{"start":{"line":18,"column":2},"end":{"line":20,"column":3}},{"start":{},"end":{}}],"line":18},"2":{"loc":{"start":{"line":22,"column":2},"end":{"line":24,"column":3}},"type":"if","locations":[{"start":{"line":22,"column":2},"end":{"line":24,"column":3}},{"start":{},"end":{}}],"line":22},"3":{"loc":{"start":{"line":28,"column":2},"end":{"line":30,"column":3}},"type":"if","locations":[{"start":{"line":28,"column":2},"end":{"line":30,"column":3}},{"start":{},"end":{}}],"line":28},"4":{"loc":{"start":{"line":35,"column":4},"end":{"line":39,"column":5}},"type":"if","locations":[{"start":{"line":35,"column":4},"end":{"line":39,"column":5}},{"start":{},"end":{}}],"line":35},"5":{"loc":{"start":{"line":35,"column":8},"end":{"line":35,"column":27}},"type":"binary-expr","locations":[{"start":{"line":35,"column":8},"end":{"line":35,"column":14}},{"start":{"line":35,"column":18},"end":{"line":35,"column":27}}],"line":35},"6":{"loc":{"start":{"line":43,"column":4},"end":{"line":50,"column":5}},"type":"if","locations":[{"start":{"line":43,"column":4},"end":{"line":50,"column":5}},{"start":{},"end":{}}],"line":43},"7":{"loc":{"start":{"line":54,"column":4},"end":{"line":58,"column":5}},"type":"if","locations":[{"start":{"line":54,"column":4},"end":{"line":58,"column":5}},{"start":{},"end":{}}],"line":54},"8":{"loc":{"start":{"line":62,"column":4},"end":{"line":69,"column":5}},"type":"if","locations":[{"start":{"line":62,"column":4},"end":{"line":69,"column":5}},{"start":{},"end":{}}],"line":62},"9":{"loc":{"start":{"line":67,"column":17},"end":{"line":67,"column":88}},"type":"cond-expr","locations":[{"start":{"line":67,"column":51},"end":{"line":67,"column":83}},{"start":{"line":67,"column":86},"end":{"line":67,"column":88}}],"line":67},"10":{"loc":{"start":{"line":67,"column":17},"end":{"line":67,"column":48}},"type":"binary-expr","locations":[{"start":{"line":67,"column":17},"end":{"line":67,"column":30}},{"start":{"line":67,"column":34},"end":{"line":67,"column":48}}],"line":67},"11":{"loc":{"start":{"line":75,"column":4},"end":{"line":79,"column":5}},"type":"if","locations":[{"start":{"line":75,"column":4},"end":{"line":79,"column":5}},{"start":{},"end":{}}],"line":75}},"s":{"0":0,"1":0,"2":0,"3":0,"4":0,"5":0,"6":0,"7":0,"8":0,"9":0,"10":0,"11":0,"12":0,"13":0,"14":0,"15":0,"16":0,"17":0,"18":0,"19":0,"20":0,"21":0,"22":0,"23":0,"24":0,"25":0,"26":0,"27":0,"28":0,"29":0,"30":0,"31":0,"32":0},"f":{"0":0},"b":{"0":[0,0],"1":[0,0],"2":[0,0],"3":[0,0],"4":[0,0],"5":[0,0],"6":[0,0],"7":[0,0],"8":[0,0],"9":[0,0],"10":[0,0],"11":[0,0]},"inputSourceMap":null}
,"/Users/jasonsutter/Documents/Companies/VeilForms/veilforms/netlify/functions/auth-logout.js": {"path":"/Users/jasonsutter/Documents/Companies/VeilForms/veilforms/netlify/functions/auth-logout.js","statementMap":{"0":{"start":{"line":6,"column":17},"end":{"line":6,"column":48}},"1":{"start":{"line":7,"column":18},"end":{"line":7,"column":40}},"2":{"start":{"line":9,"column":2},"end":{"line":11,"column":3}},"3":{"start":{"line":10,"column":4},"end":{"line":10,"column":39}},"4":{"start":{"line":13,"column":2},"end":{"line":15,"column":3}},"5":{"start":{"line":14,"column":4},"end":{"line":14,"column":46}},"6":{"start":{"line":17,"column":2},"end":{"line":45,"column":3}},"7":{"start":{"line":18,"column":18},"end":{"line":18,"column":49}},"8":{"start":{"line":20,"column":4},"end":{"line":22,"column":5}},"9":{"start":{"line":21,"column":6},"end":{"line":21,"column":65}},"10":{"start":{"line":25,"column":20},"end":{"line":25,"column":44}},"11":{"start":{"line":26,"column":4},"end":{"line":28,"column":5}},"12":{"start":{"line":27,"column":6},"end":{"line":27,"column":61}},"13":{"start":{"line":31,"column":19},"end":{"line":31,"column":43}},"14":{"start":{"line":33,"column":4},"end":{"line":36,"column":5}},"15":{"start":{"line":34,"column":6},"end":{"line":34,"column":62}},"16":{"start":{"line":35,"column":6},"end":{"line":35,"column":60}},"17":{"start":{"line":38,"column":4},"end":{"line":41,"column":16}},"18":{"start":{"line":43,"column":4},"end":{"line":43,"column":40}},"19":{"start":{"line":44,"column":4},"end":{"line":44,"column":58}},"20":{"start":{"line":48,"column":22},"end":{"line":50,"column":1}}},"fnMap":{"0":{"name":"handler","decl":{"start":{"line":5,"column":30},"end":{"line":5,"column":37}},"loc":{"start":{"line":5,"column":52},"end":{"line":46,"column":1}},"line":5}},"branchMap":{"0":{"loc":{"start":{"line":6,"column":17},"end":{"line":6,"column":48}},"type":"binary-expr","locations":[{"start":{"line":6,"column":17},"end":{"line":6,"column":42}},{"start":{"line":6,"column":46},"end":{"line":6,"column":48}}],"line":6},"1":{"loc":{"start":{"line":9,"column":2},"end":{"line":11,"column":3}},"type":"if","locations":[{"start":{"line":9,"column":2},"end":{"line":11,"column":3}},{"start":{},"end":{}}],"line":9},"2":{"loc":{"start":{"line":13,"column":2},"end":{"line":15,"column":3}},"type":"if","locations":[{"start":{"line":13,"column":2},"end":{"line":15,"column":3}},{"start":{},"end":{}}],"line":13},"3":{"loc":{"start":{"line":20,"column":4},"end":{"line":22,"column":5}},"type":"if","locations":[{"start":{"line":20,"column":4},"end":{"line":22,"column":5}},{"start":{},"end":{}}],"line":20},"4":{"loc":{"start":{"line":26,"column":4},"end":{"line":28,"column":5}},"type":"if","locations":[{"start":{"line":26,"column":4},"end":{"line":28,"column":5}},{"start":{},"end":{}}],"line":26},"5":{"loc":{"start":{"line":33,"column":4},"end":{"line":36,"column":5}},"type":"if","locations":[{"start":{"line":33,"column":4},"end":{"line":36,"column":5}},{"start":{},"end":{}}],"line":33}},"s":{"0":0,"1":0,"2":0,"3":0,"4":0,"5":0,"6":0,"7":0,"8":0,"9":0,"10":0,"11":0,"12":0,"13":0,"14":0,"15":0,"16":0,"17":0,"18":0,"19":0,"20":0},"f":{"0":0},"b":{"0":[0,0],"1":[0,0],"2":[0,0],"3":[0,0],"4":[0,0],"5":[0,0]},"inputSourceMap":null}
,"/Users/jasonsutter/Documents/Companies/VeilForms/veilforms/netlify/functions/auth-register.js": {"path":"/Users/jasonsutter/Documents/Companies/VeilForms/veilforms/netlify/functions/auth-register.js","statementMap":{"0":{"start":{"line":10,"column":17},"end":{"line":10,"column":48}},"1":{"start":{"line":11,"column":18},"end":{"line":11,"column":40}},"2":{"start":{"line":13,"column":2},"end":{"line":15,"column":3}},"3":{"start":{"line":14,"column":4},"end":{"line":14,"column":39}},"4":{"start":{"line":17,"column":2},"end":{"line":19,"column":3}},"5":{"start":{"line":18,"column":4},"end":{"line":18,"column":46}},"6":{"start":{"line":21,"column":2},"end":{"line":103,"column":3}},"7":{"start":{"line":22,"column":32},"end":{"line":22,"column":48}},"8":{"start":{"line":24,"column":4},"end":{"line":26,"column":5}},"9":{"start":{"line":25,"column":6},"end":{"line":25,"column":73}},"10":{"start":{"line":29,"column":23},"end":{"line":29,"column":51}},"11":{"start":{"line":30,"column":4},"end":{"line":32,"column":5}},"12":{"start":{"line":31,"column":6},"end":{"line":31,"column":66}},"13":{"start":{"line":35,"column":22},"end":{"line":35,"column":70}},"14":{"start":{"line":36,"column":4},"end":{"line":50,"column":5}},"15":{"start":{"line":37,"column":31},"end":{"line":40,"column":7}},"16":{"start":{"line":41,"column":6},"end":{"line":49,"column":8}},"17":{"start":{"line":53,"column":26},"end":{"line":53,"column":52}},"18":{"start":{"line":54,"column":4},"end":{"line":61,"column":5}},"19":{"start":{"line":55,"column":6},"end":{"line":60,"column":8}},"20":{"start":{"line":64,"column":21},"end":{"line":64,"column":41}},"21":{"start":{"line":65,"column":4},"end":{"line":67,"column":5}},"22":{"start":{"line":66,"column":6},"end":{"line":66,"column":70}},"23":{"start":{"line":70,"column":25},"end":{"line":70,"column":53}},"24":{"start":{"line":71,"column":17},"end":{"line":71,"column":54}},"25":{"start":{"line":74,"column":30},"end":{"line":74,"column":68}},"26":{"start":{"line":75,"column":4},"end":{"line":75,"column":65}},"27":{"start":{"line":78,"column":20},"end":{"line":78,"column":62}},"28":{"start":{"line":79,"column":22},"end":{"line":79,"column":69}},"29":{"start":{"line":82,"column":4},"end":{"line":84,"column":7}},"30":{"start":{"line":83,"column":6},"end":{"line":83,"column":55}},"31":{"start":{"line":87,"column":18},"end":{"line":87,"column":65}},"32":{"start":{"line":89,"column":4},"end":{"line":99,"column":16}},"33":{"start":{"line":101,"column":4},"end":{"line":101,"column":42}},"34":{"start":{"line":102,"column":4},"end":{"line":102,"column":64}},"35":{"start":{"line":106,"column":22},"end":{"line":108,"column":1}}},"fnMap":{"0":{"name":"handler","decl":{"start":{"line":9,"column":30},"end":{"line":9,"column":37}},"loc":{"start":{"line":9,"column":52},"end":{"line":104,"column":1}},"line":9},"1":{"name":"(anonymous_1)","decl":{"start":{"line":82,"column":50},"end":{"line":82,"column":51}},"loc":{"start":{"line":82,"column":57},"end":{"line":84,"column":5}},"line":82}},"branchMap":{"0":{"loc":{"start":{"line":10,"column":17},"end":{"line":10,"column":48}},"type":"binary-expr","locations":[{"start":{"line":10,"column":17},"end":{"line":10,"column":42}},{"start":{"line":10,"column":46},"end":{"line":10,"column":48}}],"line":10},"1":{"loc":{"start":{"line":13,"column":2},"end":{"line":15,"column":3}},"type":"if","locations":[{"start":{"line":13,"column":2},"end":{"line":15,"column":3}},{"start":{},"end":{}}],"line":13},"2":{"loc":{"start":{"line":17,"column":2},"end":{"line":19,"column":3}},"type":"if","locations":[{"start":{"line":17,"column":2},"end":{"line":19,"column":3}},{"start":{},"end":{}}],"line":17},"3":{"loc":{"start":{"line":24,"column":4},"end":{"line":26,"column":5}},"type":"if","locations":[{"start":{"line":24,"column":4},"end":{"line":26,"column":5}},{"start":{},"end":{}}],"line":24},"4":{"loc":{"start":{"line":24,"column":8},"end":{"line":24,"column":27}},"type":"binary-expr","locations":[{"start":{"line":24,"column":8},"end":{"line":24,"column":14}},{"start":{"line":24,"column":18},"end":{"line":24,"column":27}}],"line":24},"5":{"loc":{"start":{"line":30,"column":4},"end":{"line":32,"column":5}},"type":"if","locations":[{"start":{"line":30,"column":4},"end":{"line":32,"column":5}},{"start":{},"end":{}}],"line":30},"6":{"loc":{"start":{"line":36,"column":4},"end":{"line":50,"column":5}},"type":"if","locations":[{"start":{"line":36,"column":4},"end":{"line":50,"column":5}},{"start":{},"end":{}}],"line":36},"7":{"loc":{"start":{"line":54,"column":4},"end":{"line":61,"column":5}},"type":"if","locations":[{"start":{"line":54,"column":4},"end":{"line":61,"column":5}},{"start":{},"end":{}}],"line":54},"8":{"loc":{"start":{"line":65,"column":4},"end":{"line":67,"column":5}},"type":"if","locations":[{"start":{"line":65,"column":4},"end":{"line":67,"column":5}},{"start":{},"end":{}}],"line":65},"9":{"loc":{"start":{"line":78,"column":20},"end":{"line":78,"column":62}},"type":"binary-expr","locations":[{"start":{"line":78,"column":20},"end":{"line":78,"column":35}},{"start":{"line":78,"column":39},"end":{"line":78,"column":62}}],"line":78}},"s":{"0":0,"1":0,"2":0,"3":0,"4":0,"5":0,"6":0,"7":0,"8":0,"9":0,"10":0,"11":0,"12":0,"13":0,"14":0,"15":0,"16":0,"17":0,"18":0,"19":0,"20":0,"21":0,"22":0,"23":0,"24":0,"25":0,"26":0,"27":0,"28":0,"29":0,"30":0,"31":0,"32":0,"33":0,"34":0,"35":0},"f":{"0":0,"1":0},"b":{"0":[0,0],"1":[0,0],"2":[0,0],"3":[0,0],"4":[0,0],"5":[0,0],"6":[0,0],"7":[0,0],"8":[0,0],"9":[0,0]},"inputSourceMap":null}
,"/Users/jasonsutter/Documents/Companies/VeilForms/veilforms/netlify/functions/auth-resend-verification.js": {"path":"/Users/jasonsutter/Documents/Companies/VeilForms/veilforms/netlify/functions/auth-resend-verification.js","statementMap":{"0":{"start":{"line":10,"column":17},"end":{"line":10,"column":48}},"1":{"start":{"line":11,"column":18},"end":{"line":11,"column":40}},"2":{"start":{"line":13,"column":2},"end":{"line":15,"column":3}},"3":{"start":{"line":14,"column":4},"end":{"line":14,"column":39}},"4":{"start":{"line":17,"column":2},"end":{"line":19,"column":3}},"5":{"start":{"line":18,"column":4},"end":{"line":18,"column":46}},"6":{"start":{"line":22,"column":20},"end":{"line":22,"column":93}},"7":{"start":{"line":23,"column":2},"end":{"line":30,"column":3}},"8":{"start":{"line":24,"column":4},"end":{"line":29,"column":6}},"9":{"start":{"line":32,"column":2},"end":{"line":104,"column":3}},"10":{"start":{"line":33,"column":22},"end":{"line":33,"column":38}},"11":{"start":{"line":35,"column":4},"end":{"line":37,"column":5}},"12":{"start":{"line":36,"column":6},"end":{"line":36,"column":105}},"13":{"start":{"line":40,"column":27},"end":{"line":40,"column":75}},"14":{"start":{"line":41,"column":4},"end":{"line":56,"column":5}},"15":{"start":{"line":42,"column":36},"end":{"line":46,"column":7}},"16":{"start":{"line":47,"column":6},"end":{"line":55,"column":8}},"17":{"start":{"line":59,"column":28},"end":{"line":62,"column":57}},"18":{"start":{"line":59,"column":34},"end":{"line":62,"column":57}},"19":{"start":{"line":65,"column":17},"end":{"line":65,"column":37}},"20":{"start":{"line":66,"column":4},"end":{"line":68,"column":5}},"21":{"start":{"line":67,"column":6},"end":{"line":67,"column":31}},"22":{"start":{"line":71,"column":4},"end":{"line":77,"column":5}},"23":{"start":{"line":72,"column":6},"end":{"line":76,"column":60}},"24":{"start":{"line":80,"column":26},"end":{"line":80,"column":71}},"25":{"start":{"line":81,"column":4},"end":{"line":83,"column":5}},"26":{"start":{"line":82,"column":6},"end":{"line":82,"column":62}},"27":{"start":{"line":86,"column":18},"end":{"line":86,"column":56}},"28":{"start":{"line":87,"column":4},"end":{"line":87,"column":53}},"29":{"start":{"line":90,"column":20},"end":{"line":90,"column":62}},"30":{"start":{"line":91,"column":22},"end":{"line":91,"column":57}},"31":{"start":{"line":94,"column":4},"end":{"line":98,"column":5}},"32":{"start":{"line":95,"column":6},"end":{"line":95,"column":52}},"33":{"start":{"line":97,"column":6},"end":{"line":97,"column":70}},"34":{"start":{"line":100,"column":4},"end":{"line":100,"column":29}},"35":{"start":{"line":102,"column":4},"end":{"line":102,"column":53}},"36":{"start":{"line":103,"column":4},"end":{"line":103,"column":62}},"37":{"start":{"line":107,"column":22},"end":{"line":109,"column":1}}},"fnMap":{"0":{"name":"handler","decl":{"start":{"line":9,"column":30},"end":{"line":9,"column":37}},"loc":{"start":{"line":9,"column":52},"end":{"line":105,"column":1}},"line":9},"1":{"name":"(anonymous_1)","decl":{"start":{"line":59,"column":28},"end":{"line":59,"column":29}},"loc":{"start":{"line":59,"column":34},"end":{"line":62,"column":57}},"line":59}},"branchMap":{"0":{"loc":{"start":{"line":10,"column":17},"end":{"line":10,"column":48}},"type":"binary-expr","locations":[{"start":{"line":10,"column":17},"end":{"line":10,"column":42}},{"start":{"line":10,"column":46},"end":{"line":10,"column":48}}],"line":10},"1":{"loc":{"start":{"line":13,"column":2},"end":{"line":15,"column":3}},"type":"if","locations":[{"start":{"line":13,"column":2},"end":{"line":15,"column":3}},{"start":{},"end":{}}],"line":13},"2":{"loc":{"start":{"line":17,"column":2},"end":{"line":19,"column":3}},"type":"if","locations":[{"start":{"line":17,"column":2},"end":{"line":19,"column":3}},{"start":{},"end":{}}],"line":17},"3":{"loc":{"start":{"line":23,"column":2},"end":{"line":30,"column":3}},"type":"if","locations":[{"start":{"line":23,"column":2},"end":{"line":30,"column":3}},{"start":{},"end":{}}],"line":23},"4":{"loc":{"start":{"line":35,"column":4},"end":{"line":37,"column":5}},"type":"if","locations":[{"start":{"line":35,"column":4},"end":{"line":37,"column":5}},{"start":{},"end":{}}],"line":35},"5":{"loc":{"start":{"line":41,"column":4},"end":{"line":56,"column":5}},"type":"if","locations":[{"start":{"line":41,"column":4},"end":{"line":56,"column":5}},{"start":{},"end":{}}],"line":41},"6":{"loc":{"start":{"line":66,"column":4},"end":{"line":68,"column":5}},"type":"if","locations":[{"start":{"line":66,"column":4},"end":{"line":68,"column":5}},{"start":{},"end":{}}],"line":66},"7":{"loc":{"start":{"line":71,"column":4},"end":{"line":77,"column":5}},"type":"if","locations":[{"start":{"line":71,"column":4},"end":{"line":77,"column":5}},{"start":{},"end":{}}],"line":71},"8":{"loc":{"start":{"line":81,"column":4},"end":{"line":83,"column":5}},"type":"if","locations":[{"start":{"line":81,"column":4},"end":{"line":83,"column":5}},{"start":{},"end":{}}],"line":81},"9":{"loc":{"start":{"line":90,"column":20},"end":{"line":90,"column":62}},"type":"binary-expr","locations":[{"start":{"line":90,"column":20},"end":{"line":90,"column":35}},{"start":{"line":90,"column":39},"end":{"line":90,"column":62}}],"line":90}},"s":{"0":0,"1":0,"2":0,"3":0,"4":0,"5":0,"6":0,"7":0,"8":0,"9":0,"10":0,"11":0,"12":0,"13":0,"14":0,"15":0,"16":0,"17":0,"18":0,"19":0,"20":0,"21":0,"22":0,"23":0,"24":0,"25":0,"26":0,"27":0,"28":0,"29":0,"30":0,"31":0,"32":0,"33":0,"34":0,"35":0,"36":0,"37":0},"f":{"0":0,"1":0},"b":{"0":[0,0],"1":[0,0],"2":[0,0],"3":[0,0],"4":[0,0],"5":[0,0],"6":[0,0],"7":[0,0],"8":[0,0],"9":[0,0]},"inputSourceMap":null}
,"/Users/jasonsutter/Documents/Companies/VeilForms/veilforms/netlify/functions/auth-reset.js": {"path":"/Users/jasonsutter/Documents/Companies/VeilForms/veilforms/netlify/functions/auth-reset.js","statementMap":{"0":{"start":{"line":8,"column":17},"end":{"line":8,"column":48}},"1":{"start":{"line":9,"column":18},"end":{"line":9,"column":40}},"2":{"start":{"line":11,"column":2},"end":{"line":13,"column":3}},"3":{"start":{"line":12,"column":4},"end":{"line":12,"column":39}},"4":{"start":{"line":15,"column":2},"end":{"line":17,"column":3}},"5":{"start":{"line":16,"column":4},"end":{"line":16,"column":46}},"6":{"start":{"line":20,"column":20},"end":{"line":20,"column":85}},"7":{"start":{"line":21,"column":2},"end":{"line":23,"column":3}},"8":{"start":{"line":22,"column":4},"end":{"line":22,"column":109}},"9":{"start":{"line":25,"column":2},"end":{"line":72,"column":3}},"10":{"start":{"line":26,"column":32},"end":{"line":26,"column":48}},"11":{"start":{"line":28,"column":4},"end":{"line":30,"column":5}},"12":{"start":{"line":29,"column":6},"end":{"line":29,"column":119}},"13":{"start":{"line":33,"column":26},"end":{"line":33,"column":52}},"14":{"start":{"line":34,"column":4},"end":{"line":41,"column":5}},"15":{"start":{"line":35,"column":6},"end":{"line":40,"column":8}},"16":{"start":{"line":44,"column":22},"end":{"line":44,"column":56}},"17":{"start":{"line":45,"column":4},"end":{"line":47,"column":5}},"18":{"start":{"line":46,"column":6},"end":{"line":46,"column":117}},"19":{"start":{"line":50,"column":25},"end":{"line":50,"column":53}},"20":{"start":{"line":53,"column":20},"end":{"line":53,"column":71}},"21":{"start":{"line":54,"column":4},"end":{"line":56,"column":5}},"22":{"start":{"line":55,"column":6},"end":{"line":55,"column":114}},"23":{"start":{"line":59,"column":4},"end":{"line":59,"column":42}},"24":{"start":{"line":61,"column":4},"end":{"line":63,"column":5}},"25":{"start":{"line":62,"column":6},"end":{"line":62,"column":70}},"26":{"start":{"line":65,"column":4},"end":{"line":68,"column":58}},"27":{"start":{"line":70,"column":4},"end":{"line":70,"column":48}},"28":{"start":{"line":71,"column":4},"end":{"line":71,"column":62}},"29":{"start":{"line":75,"column":22},"end":{"line":77,"column":1}}},"fnMap":{"0":{"name":"handler","decl":{"start":{"line":7,"column":30},"end":{"line":7,"column":37}},"loc":{"start":{"line":7,"column":52},"end":{"line":73,"column":1}},"line":7}},"branchMap":{"0":{"loc":{"start":{"line":8,"column":17},"end":{"line":8,"column":48}},"type":"binary-expr","locations":[{"start":{"line":8,"column":17},"end":{"line":8,"column":42}},{"start":{"line":8,"column":46},"end":{"line":8,"column":48}}],"line":8},"1":{"loc":{"start":{"line":11,"column":2},"end":{"line":13,"column":3}},"type":"if","locations":[{"start":{"line":11,"column":2},"end":{"line":13,"column":3}},{"start":{},"end":{}}],"line":11},"2":{"loc":{"start":{"line":15,"column":2},"end":{"line":17,"column":3}},"type":"if","locations":[{"start":{"line":15,"column":2},"end":{"line":17,"column":3}},{"start":{},"end":{}}],"line":15},"3":{"loc":{"start":{"line":21,"column":2},"end":{"line":23,"column":3}},"type":"if","locations":[{"start":{"line":21,"column":2},"end":{"line":23,"column":3}},{"start":{},"end":{}}],"line":21},"4":{"loc":{"start":{"line":28,"column":4},"end":{"line":30,"column":5}},"type":"if","locations":[{"start":{"line":28,"column":4},"end":{"line":30,"column":5}},{"start":{},"end":{}}],"line":28},"5":{"loc":{"start":{"line":28,"column":8},"end":{"line":28,"column":27}},"type":"binary-expr","locations":[{"start":{"line":28,"column":8},"end":{"line":28,"column":14}},{"start":{"line":28,"column":18},"end":{"line":28,"column":27}}],"line":28},"6":{"loc":{"start":{"line":34,"column":4},"end":{"line":41,"column":5}},"type":"if","locations":[{"start":{"line":34,"column":4},"end":{"line":41,"column":5}},{"start":{},"end":{}}],"line":34},"7":{"loc":{"start":{"line":45,"column":4},"end":{"line":47,"column":5}},"type":"if","locations":[{"start":{"line":45,"column":4},"end":{"line":47,"column":5}},{"start":{},"end":{}}],"line":45},"8":{"loc":{"start":{"line":54,"column":4},"end":{"line":56,"column":5}},"type":"if","locations":[{"start":{"line":54,"column":4},"end":{"line":56,"column":5}},{"start":{},"end":{}}],"line":54},"9":{"loc":{"start":{"line":61,"column":4},"end":{"line":63,"column":5}},"type":"if","locations":[{"start":{"line":61,"column":4},"end":{"line":63,"column":5}},{"start":{},"end":{}}],"line":61}},"s":{"0":0,"1":0,"2":0,"3":0,"4":0,"5":0,"6":0,"7":0,"8":0,"9":0,"10":0,"11":0,"12":0,"13":0,"14":0,"15":0,"16":0,"17":0,"18":0,"19":0,"20":0,"21":0,"22":0,"23":0,"24":0,"25":0,"26":0,"27":0,"28":0,"29":0},"f":{"0":0},"b":{"0":[0,0],"1":[0,0],"2":[0,0],"3":[0,0],"4":[0,0],"5":[0,0],"6":[0,0],"7":[0,0],"8":[0,0],"9":[0,0]},"inputSourceMap":null}
,"/Users/jasonsutter/Documents/Companies/VeilForms/veilforms/netlify/functions/auth-verify.js": {"path":"/Users/jasonsutter/Documents/Companies/VeilForms/veilforms/netlify/functions/auth-verify.js","statementMap":{"0":{"start":{"line":7,"column":17},"end":{"line":7,"column":48}},"1":{"start":{"line":8,"column":18},"end":{"line":8,"column":40}},"2":{"start":{"line":10,"column":2},"end":{"line":12,"column":3}},"3":{"start":{"line":11,"column":4},"end":{"line":11,"column":39}},"4":{"start":{"line":15,"column":20},"end":{"line":15,"column":87}},"5":{"start":{"line":16,"column":2},"end":{"line":18,"column":3}},"6":{"start":{"line":17,"column":4},"end":{"line":17,"column":109}},"7":{"start":{"line":20,"column":2},"end":{"line":84,"column":3}},"8":{"start":{"line":23,"column":4},"end":{"line":31,"column":5}},"9":{"start":{"line":24,"column":18},"end":{"line":24,"column":34}},"10":{"start":{"line":25,"column":6},"end":{"line":25,"column":44}},"11":{"start":{"line":26,"column":11},"end":{"line":31,"column":5}},"12":{"start":{"line":27,"column":19},"end":{"line":27,"column":35}},"13":{"start":{"line":28,"column":6},"end":{"line":28,"column":25}},"14":{"start":{"line":30,"column":6},"end":{"line":30,"column":48}},"15":{"start":{"line":33,"column":4},"end":{"line":35,"column":5}},"16":{"start":{"line":34,"column":6},"end":{"line":34,"column":118}},"17":{"start":{"line":38,"column":22},"end":{"line":38,"column":60}},"18":{"start":{"line":39,"column":4},"end":{"line":46,"column":5}},"19":{"start":{"line":40,"column":6},"end":{"line":45,"column":8}},"20":{"start":{"line":49,"column":17},"end":{"line":49,"column":47}},"21":{"start":{"line":50,"column":4},"end":{"line":52,"column":5}},"22":{"start":{"line":51,"column":6},"end":{"line":51,"column":100}},"23":{"start":{"line":54,"column":4},"end":{"line":62,"column":5}},"24":{"start":{"line":56,"column":6},"end":{"line":56,"column":48}},"25":{"start":{"line":57,"column":6},"end":{"line":61,"column":60}},"26":{"start":{"line":65,"column":4},"end":{"line":68,"column":7}},"27":{"start":{"line":71,"column":4},"end":{"line":71,"column":46}},"28":{"start":{"line":73,"column":4},"end":{"line":75,"column":5}},"29":{"start":{"line":74,"column":6},"end":{"line":74,"column":59}},"30":{"start":{"line":77,"column":4},"end":{"line":80,"column":58}},"31":{"start":{"line":82,"column":4},"end":{"line":82,"column":46}},"32":{"start":{"line":83,"column":4},"end":{"line":83,"column":64}},"33":{"start":{"line":87,"column":22},"end":{"line":89,"column":1}}},"fnMap":{"0":{"name":"handler","decl":{"start":{"line":6,"column":30},"end":{"line":6,"column":37}},"loc":{"start":{"line":6,"column":52},"end":{"line":85,"column":1}},"line":6}},"branchMap":{"0":{"loc":{"start":{"line":7,"column":17},"end":{"line":7,"column":48}},"type":"binary-expr","locations":[{"start":{"line":7,"column":17},"end":{"line":7,"column":42}},{"start":{"line":7,"column":46},"end":{"line":7,"column":48}}],"line":7},"1":{"loc":{"start":{"line":10,"column":2},"end":{"line":12,"column":3}},"type":"if","locations":[{"start":{"line":10,"column":2},"end":{"line":12,"column":3}},{"start":{},"end":{}}],"line":10},"2":{"loc":{"start":{"line":16,"column":2},"end":{"line":18,"column":3}},"type":"if","locations":[{"start":{"line":16,"column":2},"end":{"line":18,"column":3}},{"start":{},"end":{}}],"line":16},"3":{"loc":{"start":{"line":23,"column":4},"end":{"line":31,"column":5}},"type":"if","locations":[{"start":{"line":23,"column":4},"end":{"line":31,"column":5}},{"start":{"line":26,"column":11},"end":{"line":31,"column":5}}],"line":23},"4":{"loc":{"start":{"line":26,"column":11},"end":{"line":31,"column":5}},"type":"if","locations":[{"start":{"line":26,"column":11},"end":{"line":31,"column":5}},{"start":{"line":29,"column":11},"end":{"line":31,"column":5}}],"line":26},"5":{"loc":{"start":{"line":33,"column":4},"end":{"line":35,"column":5}},"type":"if","locations":[{"start":{"line":33,"column":4},"end":{"line":35,"column":5}},{"start":{},"end":{}}],"line":33},"6":{"loc":{"start":{"line":39,"column":4},"end":{"line":46,"column":5}},"type":"if","locations":[{"start":{"line":39,"column":4},"end":{"line":46,"column":5}},{"start":{},"end":{}}],"line":39},"7":{"loc":{"start":{"line":50,"column":4},"end":{"line":52,"column":5}},"type":"if","locations":[{"start":{"line":50,"column":4},"end":{"line":52,"column":5}},{"start":{},"end":{}}],"line":50},"8":{"loc":{"start":{"line":54,"column":4},"end":{"line":62,"column":5}},"type":"if","locations":[{"start":{"line":54,"column":4},"end":{"line":62,"column":5}},{"start":{},"end":{}}],"line":54},"9":{"loc":{"start":{"line":73,"column":4},"end":{"line":75,"column":5}},"type":"if","locations":[{"start":{"line":73,"column":4},"end":{"line":75,"column":5}},{"start":{},"end":{}}],"line":73}},"s":{"0":0,"1":0,"2":0,"3":0,"4":0,"5":0,"6":0,"7":0,"8":0,"9":0,"10":0,"11":0,"12":0,"13":0,"14":0,"15":0,"16":0,"17":0,"18":0,"19":0,"20":0,"21":0,"22":0,"23":0,"24":0,"25":0,"26":0,"27":0,"28":0,"29":0,"30":0,"31":0,"32":0,"33":0},"f":{"0":0},"b":{"0":[0,0],"1":[0,0],"2":[0,0],"3":[0,0],"4":[0,0],"5":[0,0],"6":[0,0],"7":[0,0],"8":[0,0],"9":[0,0]},"inputSourceMap":null}
,"/Users/jasonsutter/Documents/Companies/VeilForms/veilforms/netlify/functions/billing.js": {"path":"/Users/jasonsutter/Documents/Companies/VeilForms/veilforms/netlify/functions/billing.js","statementMap":{"0":{"start":{"line":27,"column":17},"end":{"line":27,"column":48}},"1":{"start":{"line":28,"column":18},"end":{"line":30,"column":4}},"2":{"start":{"line":33,"column":2},"end":{"line":35,"column":3}},"3":{"start":{"line":34,"column":4},"end":{"line":34,"column":39}},"4":{"start":{"line":38,"column":14},"end":{"line":38,"column":30}},"5":{"start":{"line":39,"column":20},"end":{"line":39,"column":87}},"6":{"start":{"line":40,"column":17},"end":{"line":40,"column":35}},"7":{"start":{"line":42,"column":2},"end":{"line":71,"column":3}},"8":{"start":{"line":44,"column":17},"end":{"line":44,"column":47}},"9":{"start":{"line":45,"column":4},"end":{"line":47,"column":5}},"10":{"start":{"line":46,"column":6},"end":{"line":46,"column":56}},"11":{"start":{"line":49,"column":17},"end":{"line":49,"column":42}},"12":{"start":{"line":50,"column":4},"end":{"line":52,"column":5}},"13":{"start":{"line":51,"column":6},"end":{"line":51,"column":58}},"14":{"start":{"line":54,"column":4},"end":{"line":67,"column":5}},"15":{"start":{"line":56,"column":8},"end":{"line":56,"column":50}},"16":{"start":{"line":58,"column":8},"end":{"line":58,"column":48}},"17":{"start":{"line":60,"column":8},"end":{"line":60,"column":57}},"18":{"start":{"line":62,"column":8},"end":{"line":62,"column":48}},"19":{"start":{"line":64,"column":8},"end":{"line":64,"column":52}},"20":{"start":{"line":66,"column":8},"end":{"line":66,"column":64}},"21":{"start":{"line":69,"column":4},"end":{"line":69,"column":43}},"22":{"start":{"line":70,"column":4},"end":{"line":70,"column":86}},"23":{"start":{"line":78,"column":2},"end":{"line":80,"column":3}},"24":{"start":{"line":79,"column":4},"end":{"line":79,"column":46}},"25":{"start":{"line":82,"column":15},"end":{"line":82,"column":31}},"26":{"start":{"line":83,"column":19},"end":{"line":83,"column":23}},"27":{"start":{"line":86,"column":21},"end":{"line":86,"column":40}},"28":{"start":{"line":87,"column":2},"end":{"line":89,"column":3}},"29":{"start":{"line":88,"column":4},"end":{"line":88,"column":65}},"30":{"start":{"line":92,"column":2},"end":{"line":94,"column":3}},"31":{"start":{"line":93,"column":4},"end":{"line":93,"column":83}},"32":{"start":{"line":96,"column":2},"end":{"line":130,"column":3}},"33":{"start":{"line":98,"column":20},"end":{"line":98,"column":62}},"34":{"start":{"line":99,"column":23},"end":{"line":99,"column":74}},"35":{"start":{"line":100,"column":22},"end":{"line":100,"column":61}},"36":{"start":{"line":102,"column":20},"end":{"line":107,"column":6}},"37":{"start":{"line":110,"column":4},"end":{"line":114,"column":5}},"38":{"start":{"line":111,"column":6},"end":{"line":113,"column":9}},"39":{"start":{"line":116,"column":4},"end":{"line":120,"column":7}},"40":{"start":{"line":122,"column":4},"end":{"line":126,"column":16}},"41":{"start":{"line":128,"column":4},"end":{"line":128,"column":44}},"42":{"start":{"line":129,"column":4},"end":{"line":129,"column":95}},"43":{"start":{"line":137,"column":2},"end":{"line":139,"column":3}},"44":{"start":{"line":138,"column":4},"end":{"line":138,"column":46}},"45":{"start":{"line":141,"column":2},"end":{"line":143,"column":3}},"46":{"start":{"line":142,"column":4},"end":{"line":142,"column":72}},"47":{"start":{"line":145,"column":2},"end":{"line":158,"column":3}},"48":{"start":{"line":146,"column":20},"end":{"line":146,"column":62}},"49":{"start":{"line":147,"column":22},"end":{"line":147,"column":61}},"50":{"start":{"line":149,"column":20},"end":{"line":149,"column":79}},"51":{"start":{"line":151,"column":4},"end":{"line":154,"column":16}},"52":{"start":{"line":156,"column":4},"end":{"line":156,"column":42}},"53":{"start":{"line":157,"column":4},"end":{"line":157,"column":76}},"54":{"start":{"line":165,"column":2},"end":{"line":167,"column":3}},"55":{"start":{"line":166,"column":4},"end":{"line":166,"column":46}},"56":{"start":{"line":169,"column":21},"end":{"line":169,"column":63}},"57":{"start":{"line":170,"column":17},"end":{"line":170,"column":59}},"58":{"start":{"line":173,"column":28},"end":{"line":173,"column":32}},"59":{"start":{"line":174,"column":2},"end":{"line":179,"column":3}},"60":{"start":{"line":175,"column":25},"end":{"line":175,"column":73}},"61":{"start":{"line":176,"column":4},"end":{"line":178,"column":5}},"62":{"start":{"line":177,"column":6},"end":{"line":177,"column":65}},"63":{"start":{"line":181,"column":2},"end":{"line":191,"column":14}},"64":{"start":{"line":198,"column":2},"end":{"line":200,"column":3}},"65":{"start":{"line":199,"column":4},"end":{"line":199,"column":46}},"66":{"start":{"line":202,"column":2},"end":{"line":204,"column":3}},"67":{"start":{"line":203,"column":4},"end":{"line":203,"column":76}},"68":{"start":{"line":206,"column":2},"end":{"line":223,"column":3}},"69":{"start":{"line":207,"column":25},"end":{"line":207,"column":83}},"70":{"start":{"line":209,"column":4},"end":{"line":213,"column":7}},"71":{"start":{"line":215,"column":4},"end":{"line":219,"column":16}},"72":{"start":{"line":221,"column":4},"end":{"line":221,"column":42}},"73":{"start":{"line":222,"column":4},"end":{"line":222,"column":74}},"74":{"start":{"line":230,"column":2},"end":{"line":232,"column":3}},"75":{"start":{"line":231,"column":4},"end":{"line":231,"column":46}},"76":{"start":{"line":234,"column":2},"end":{"line":236,"column":3}},"77":{"start":{"line":235,"column":4},"end":{"line":235,"column":73}},"78":{"start":{"line":238,"column":2},"end":{"line":253,"column":3}},"79":{"start":{"line":239,"column":25},"end":{"line":239,"column":80}},"80":{"start":{"line":241,"column":4},"end":{"line":244,"column":7}},"81":{"start":{"line":246,"column":4},"end":{"line":249,"column":16}},"82":{"start":{"line":251,"column":4},"end":{"line":251,"column":46}},"83":{"start":{"line":252,"column":4},"end":{"line":252,"column":78}}},"fnMap":{"0":{"name":"handler","decl":{"start":{"line":26,"column":30},"end":{"line":26,"column":37}},"loc":{"start":{"line":26,"column":52},"end":{"line":72,"column":1}},"line":26},"1":{"name":"handleCheckout","decl":{"start":{"line":77,"column":15},"end":{"line":77,"column":29}},"loc":{"start":{"line":77,"column":50},"end":{"line":131,"column":1}},"line":77},"2":{"name":"handlePortal","decl":{"start":{"line":136,"column":15},"end":{"line":136,"column":27}},"loc":{"start":{"line":136,"column":48},"end":{"line":159,"column":1}},"line":136},"3":{"name":"handleGetSubscription","decl":{"start":{"line":164,"column":15},"end":{"line":164,"column":36}},"loc":{"start":{"line":164,"column":57},"end":{"line":192,"column":1}},"line":164},"4":{"name":"handleCancel","decl":{"start":{"line":197,"column":15},"end":{"line":197,"column":27}},"loc":{"start":{"line":197,"column":48},"end":{"line":224,"column":1}},"line":197},"5":{"name":"handleReactivate","decl":{"start":{"line":229,"column":15},"end":{"line":229,"column":31}},"loc":{"start":{"line":229,"column":52},"end":{"line":254,"column":1}},"line":229}},"branchMap":{"0":{"loc":{"start":{"line":27,"column":17},"end":{"line":27,"column":48}},"type":"binary-expr","locations":[{"start":{"line":27,"column":17},"end":{"line":27,"column":42}},{"start":{"line":27,"column":46},"end":{"line":27,"column":48}}],"line":27},"1":{"loc":{"start":{"line":33,"column":2},"end":{"line":35,"column":3}},"type":"if","locations":[{"start":{"line":33,"column":2},"end":{"line":35,"column":3}},{"start":{},"end":{}}],"line":33},"2":{"loc":{"start":{"line":40,"column":17},"end":{"line":40,"column":35}},"type":"binary-expr","locations":[{"start":{"line":40,"column":17},"end":{"line":40,"column":29}},{"start":{"line":40,"column":33},"end":{"line":40,"column":35}}],"line":40},"3":{"loc":{"start":{"line":45,"column":4},"end":{"line":47,"column":5}},"type":"if","locations":[{"start":{"line":45,"column":4},"end":{"line":47,"column":5}},{"start":{},"end":{}}],"line":45},"4":{"loc":{"start":{"line":50,"column":4},"end":{"line":52,"column":5}},"type":"if","locations":[{"start":{"line":50,"column":4},"end":{"line":52,"column":5}},{"start":{},"end":{}}],"line":50},"5":{"loc":{"start":{"line":54,"column":4},"end":{"line":67,"column":5}},"type":"switch","locations":[{"start":{"line":55,"column":6},"end":{"line":56,"column":50}},{"start":{"line":57,"column":6},"end":{"line":58,"column":48}},{"start":{"line":59,"column":6},"end":{"line":60,"column":57}},{"start":{"line":61,"column":6},"end":{"line":62,"column":48}},{"start":{"line":63,"column":6},"end":{"line":64,"column":52}},{"start":{"line":65,"column":6},"end":{"line":66,"column":64}}],"line":54},"6":{"loc":{"start":{"line":78,"column":2},"end":{"line":80,"column":3}},"type":"if","locations":[{"start":{"line":78,"column":2},"end":{"line":80,"column":3}},{"start":{},"end":{}}],"line":78},"7":{"loc":{"start":{"line":87,"column":2},"end":{"line":89,"column":3}},"type":"if","locations":[{"start":{"line":87,"column":2},"end":{"line":89,"column":3}},{"start":{},"end":{}}],"line":87},"8":{"loc":{"start":{"line":87,"column":6},"end":{"line":87,"column":40}},"type":"binary-expr","locations":[{"start":{"line":87,"column":6},"end":{"line":87,"column":17}},{"start":{"line":87,"column":21},"end":{"line":87,"column":40}}],"line":87},"9":{"loc":{"start":{"line":92,"column":2},"end":{"line":94,"column":3}},"type":"if","locations":[{"start":{"line":92,"column":2},"end":{"line":94,"column":3}},{"start":{},"end":{}}],"line":92},"10":{"loc":{"start":{"line":98,"column":20},"end":{"line":98,"column":62}},"type":"binary-expr","locations":[{"start":{"line":98,"column":20},"end":{"line":98,"column":35}},{"start":{"line":98,"column":39},"end":{"line":98,"column":62}}],"line":98},"11":{"loc":{"start":{"line":110,"column":4},"end":{"line":114,"column":5}},"type":"if","locations":[{"start":{"line":110,"column":4},"end":{"line":114,"column":5}},{"start":{},"end":{}}],"line":110},"12":{"loc":{"start":{"line":110,"column":8},"end":{"line":110,"column":50}},"type":"binary-expr","locations":[{"start":{"line":110,"column":8},"end":{"line":110,"column":24}},{"start":{"line":110,"column":28},"end":{"line":110,"column":50}}],"line":110},"13":{"loc":{"start":{"line":129,"column":41},"end":{"line":129,"column":93}},"type":"binary-expr","locations":[{"start":{"line":129,"column":41},"end":{"line":129,"column":54}},{"start":{"line":129,"column":58},"end":{"line":129,"column":93}}],"line":129},"14":{"loc":{"start":{"line":137,"column":2},"end":{"line":139,"column":3}},"type":"if","locations":[{"start":{"line":137,"column":2},"end":{"line":139,"column":3}},{"start":{},"end":{}}],"line":137},"15":{"loc":{"start":{"line":141,"column":2},"end":{"line":143,"column":3}},"type":"if","locations":[{"start":{"line":141,"column":2},"end":{"line":143,"column":3}},{"start":{},"end":{}}],"line":141},"16":{"loc":{"start":{"line":146,"column":20},"end":{"line":146,"column":62}},"type":"binary-expr","locations":[{"start":{"line":146,"column":20},"end":{"line":146,"column":35}},{"start":{"line":146,"column":39},"end":{"line":146,"column":62}}],"line":146},"17":{"loc":{"start":{"line":165,"column":2},"end":{"line":167,"column":3}},"type":"if","locations":[{"start":{"line":165,"column":2},"end":{"line":167,"column":3}},{"start":{},"end":{}}],"line":165},"18":{"loc":{"start":{"line":169,"column":35},"end":{"line":169,"column":62}},"type":"binary-expr","locations":[{"start":{"line":169,"column":35},"end":{"line":169,"column":52}},{"start":{"line":169,"column":56},"end":{"line":169,"column":62}}],"line":169},"19":{"loc":{"start":{"line":170,"column":31},"end":{"line":170,"column":58}},"type":"binary-expr","locations":[{"start":{"line":170,"column":31},"end":{"line":170,"column":48}},{"start":{"line":170,"column":52},"end":{"line":170,"column":58}}],"line":170},"20":{"loc":{"start":{"line":174,"column":2},"end":{"line":179,"column":3}},"type":"if","locations":[{"start":{"line":174,"column":2},"end":{"line":179,"column":3}},{"start":{},"end":{}}],"line":174},"21":{"loc":{"start":{"line":176,"column":4},"end":{"line":178,"column":5}},"type":"if","locations":[{"start":{"line":176,"column":4},"end":{"line":178,"column":5}},{"start":{},"end":{}}],"line":176},"22":{"loc":{"start":{"line":184,"column":12},"end":{"line":184,"column":39}},"type":"binary-expr","locations":[{"start":{"line":184,"column":12},"end":{"line":184,"column":29}},{"start":{"line":184,"column":33},"end":{"line":184,"column":39}}],"line":184},"23":{"loc":{"start":{"line":188,"column":14},"end":{"line":188,"column":98}},"type":"binary-expr","locations":[{"start":{"line":188,"column":14},"end":{"line":188,"column":41}},{"start":{"line":188,"column":46},"end":{"line":188,"column":97}}],"line":188},"24":{"loc":{"start":{"line":188,"column":46},"end":{"line":188,"column":97}},"type":"cond-expr","locations":[{"start":{"line":188,"column":77},"end":{"line":188,"column":85}},{"start":{"line":188,"column":88},"end":{"line":188,"column":97}}],"line":188},"25":{"loc":{"start":{"line":198,"column":2},"end":{"line":200,"column":3}},"type":"if","locations":[{"start":{"line":198,"column":2},"end":{"line":200,"column":3}},{"start":{},"end":{}}],"line":198},"26":{"loc":{"start":{"line":202,"column":2},"end":{"line":204,"column":3}},"type":"if","locations":[{"start":{"line":202,"column":2},"end":{"line":204,"column":3}},{"start":{},"end":{}}],"line":202},"27":{"loc":{"start":{"line":230,"column":2},"end":{"line":232,"column":3}},"type":"if","locations":[{"start":{"line":230,"column":2},"end":{"line":232,"column":3}},{"start":{},"end":{}}],"line":230},"28":{"loc":{"start":{"line":234,"column":2},"end":{"line":236,"column":3}},"type":"if","locations":[{"start":{"line":234,"column":2},"end":{"line":236,"column":3}},{"start":{},"end":{}}],"line":234}},"s":{"0":0,"1":0,"2":0,"3":0,"4":0,"5":0,"6":0,"7":0,"8":0,"9":0,"10":0,"11":0,"12":0,"13":0,"14":0,"15":0,"16":0,"17":0,"18":0,"19":0,"20":0,"21":0,"22":0,"23":0,"24":0,"25":0,"26":0,"27":0,"28":0,"29":0,"30":0,"31":0,"32":0,"33":0,"34":0,"35":0,"36":0,"37":0,"38":0,"39":0,"40":0,"41":0,"42":0,"43":0,"44":0,"45":0,"46":0,"47":0,"48":0,"49":0,"50":0,"51":0,"52":0,"53":0,"54":0,"55":0,"56":0,"57":0,"58":0,"59":0,"60":0,"61":0,"62":0,"63":0,"64":0,"65":0,"66":0,"67":0,"68":0,"69":0,"70":0,"71":0,"72":0,"73":0,"74":0,"75":0,"76":0,"77":0,"78":0,"79":0,"80":0,"81":0,"82":0,"83":0},"f":{"0":0,"1":0,"2":0,"3":0,"4":0,"5":0},"b":{"0":[0,0],"1":[0,0],"2":[0,0],"3":[0,0],"4":[0,0],"5":[0,0,0,0,0,0],"6":[0,0],"7":[0,0],"8":[0,0],"9":[0,0],"10":[0,0],"11":[0,0],"12":[0,0],"13":[0,0],"14":[0,0],"15":[0,0],"16":[0,0],"17":[0,0],"18":[0,0],"19":[0,0],"20":[0,0],"21":[0,0],"22":[0,0],"23":[0,0],"24":[0,0],"25":[0,0],"26":[0,0],"27":[0,0],"28":[0,0]},"inputSourceMap":null}
,"/Users/jasonsutter/Documents/Companies/VeilForms/veilforms/netlify/functions/csrf-token.js": {"path":"/Users/jasonsutter/Documents/Companies/VeilForms/veilforms/netlify/functions/csrf-token.js","statementMap":{"0":{"start":{"line":12,"column":17},"end":{"line":12,"column":48}},"1":{"start":{"line":13,"column":18},"end":{"line":13,"column":40}},"2":{"start":{"line":15,"column":2},"end":{"line":17,"column":3}},"3":{"start":{"line":16,"column":4},"end":{"line":16,"column":39}},"4":{"start":{"line":19,"column":2},"end":{"line":21,"column":3}},"5":{"start":{"line":20,"column":4},"end":{"line":20,"column":46}},"6":{"start":{"line":24,"column":15},"end":{"line":24,"column":39}},"7":{"start":{"line":25,"column":2},"end":{"line":27,"column":3}},"8":{"start":{"line":26,"column":4},"end":{"line":26,"column":60}},"9":{"start":{"line":30,"column":16},"end":{"line":30,"column":35}},"10":{"start":{"line":31,"column":22},"end":{"line":31,"column":43}},"11":{"start":{"line":33,"column":2},"end":{"line":39,"column":4}},"12":{"start":{"line":42,"column":22},"end":{"line":44,"column":1}}},"fnMap":{"0":{"name":"handler","decl":{"start":{"line":11,"column":30},"end":{"line":11,"column":37}},"loc":{"start":{"line":11,"column":52},"end":{"line":40,"column":1}},"line":11}},"branchMap":{"0":{"loc":{"start":{"line":12,"column":17},"end":{"line":12,"column":48}},"type":"binary-expr","locations":[{"start":{"line":12,"column":17},"end":{"line":12,"column":42}},{"start":{"line":12,"column":46},"end":{"line":12,"column":48}}],"line":12},"1":{"loc":{"start":{"line":15,"column":2},"end":{"line":17,"column":3}},"type":"if","locations":[{"start":{"line":15,"column":2},"end":{"line":17,"column":3}},{"start":{},"end":{}}],"line":15},"2":{"loc":{"start":{"line":19,"column":2},"end":{"line":21,"column":3}},"type":"if","locations":[{"start":{"line":19,"column":2},"end":{"line":21,"column":3}},{"start":{},"end":{}}],"line":19},"3":{"loc":{"start":{"line":25,"column":2},"end":{"line":27,"column":3}},"type":"if","locations":[{"start":{"line":25,"column":2},"end":{"line":27,"column":3}},{"start":{},"end":{}}],"line":25}},"s":{"0":0,"1":0,"2":0,"3":0,"4":0,"5":0,"6":0,"7":0,"8":0,"9":0,"10":0,"11":0,"12":0},"f":{"0":0},"b":{"0":[0,0],"1":[0,0],"2":[0,0],"3":[0,0]},"inputSourceMap":null}
,"/Users/jasonsutter/Documents/Companies/VeilForms/veilforms/netlify/functions/forms.js": {"path":"/Users/jasonsutter/Documents/Companies/VeilForms/veilforms/netlify/functions/forms.js","statementMap":{"0":{"start":{"line":30,"column":20},"end":{"line":36,"column":1}},"1":{"start":{"line":40,"column":18},"end":{"line":49,"column":3}},"2":{"start":{"line":51,"column":20},"end":{"line":51,"column":75}},"3":{"start":{"line":52,"column":21},"end":{"line":52,"column":77}},"4":{"start":{"line":54,"column":2},"end":{"line":54,"column":35}},"5":{"start":{"line":58,"column":17},"end":{"line":58,"column":48}},"6":{"start":{"line":59,"column":18},"end":{"line":59,"column":40}},"7":{"start":{"line":61,"column":2},"end":{"line":63,"column":3}},"8":{"start":{"line":62,"column":4},"end":{"line":62,"column":39}},"9":{"start":{"line":66,"column":20},"end":{"line":66,"column":90}},"10":{"start":{"line":67,"column":2},"end":{"line":69,"column":3}},"11":{"start":{"line":68,"column":4},"end":{"line":68,"column":109}},"12":{"start":{"line":72,"column":15},"end":{"line":72,"column":39}},"13":{"start":{"line":73,"column":2},"end":{"line":75,"column":3}},"14":{"start":{"line":74,"column":4},"end":{"line":74,"column":60}},"15":{"start":{"line":78,"column":26},"end":{"line":78,"column":72}},"16":{"start":{"line":79,"column":2},"end":{"line":81,"column":3}},"17":{"start":{"line":80,"column":4},"end":{"line":80,"column":72}},"18":{"start":{"line":84,"column":20},"end":{"line":84,"column":56}},"19":{"start":{"line":85,"column":17},"end":{"line":85,"column":29}},"20":{"start":{"line":86,"column":17},"end":{"line":86,"column":29}},"21":{"start":{"line":88,"column":2},"end":{"line":142,"column":3}},"22":{"start":{"line":90,"column":21},"end":{"line":90,"column":50}},"23":{"start":{"line":93,"column":4},"end":{"line":95,"column":5}},"24":{"start":{"line":94,"column":6},"end":{"line":94,"column":52}},"25":{"start":{"line":98,"column":4},"end":{"line":100,"column":5}},"26":{"start":{"line":99,"column":6},"end":{"line":99,"column":68}},"27":{"start":{"line":103,"column":4},"end":{"line":105,"column":5}},"28":{"start":{"line":104,"column":6},"end":{"line":104,"column":68}},"29":{"start":{"line":108,"column":17},"end":{"line":108,"column":38}},"30":{"start":{"line":109,"column":4},"end":{"line":111,"column":5}},"31":{"start":{"line":110,"column":6},"end":{"line":110,"column":58}},"32":{"start":{"line":113,"column":4},"end":{"line":115,"column":5}},"33":{"start":{"line":114,"column":6},"end":{"line":114,"column":58}},"34":{"start":{"line":118,"column":4},"end":{"line":120,"column":5}},"35":{"start":{"line":119,"column":6},"end":{"line":119,"column":51}},"36":{"start":{"line":122,"column":4},"end":{"line":124,"column":5}},"37":{"start":{"line":123,"column":6},"end":{"line":123,"column":42}},"38":{"start":{"line":126,"column":4},"end":{"line":128,"column":5}},"39":{"start":{"line":127,"column":6},"end":{"line":127,"column":82}},"40":{"start":{"line":130,"column":4},"end":{"line":132,"column":5}},"41":{"start":{"line":131,"column":6},"end":{"line":131,"column":71}},"42":{"start":{"line":134,"column":4},"end":{"line":136,"column":5}},"43":{"start":{"line":135,"column":6},"end":{"line":135,"column":75}},"44":{"start":{"line":138,"column":4},"end":{"line":138,"column":46}},"45":{"start":{"line":140,"column":4},"end":{"line":140,"column":39}},"46":{"start":{"line":141,"column":4},"end":{"line":141,"column":41}},"47":{"start":{"line":149,"column":16},"end":{"line":149,"column":42}},"48":{"start":{"line":152,"column":25},"end":{"line":167,"column":7}},"49":{"start":{"line":153,"column":17},"end":{"line":153,"column":39}},"50":{"start":{"line":154,"column":18},"end":{"line":167,"column":5}},"51":{"start":{"line":169,"column":2},"end":{"line":172,"column":14}},"52":{"start":{"line":179,"column":15},"end":{"line":179,"column":31}},"53":{"start":{"line":180,"column":29},"end":{"line":180,"column":33}},"54":{"start":{"line":182,"column":25},"end":{"line":182,"column":47}},"55":{"start":{"line":183,"column":2},"end":{"line":185,"column":3}},"56":{"start":{"line":184,"column":4},"end":{"line":184,"column":62}},"57":{"start":{"line":188,"column":15},"end":{"line":188,"column":40}},"58":{"start":{"line":189,"column":23},"end":{"line":189,"column":51}},"59":{"start":{"line":190,"column":16},"end":{"line":190,"column":61}},"60":{"start":{"line":193,"column":24},"end":{"line":193,"column":50}},"61":{"start":{"line":194,"column":26},"end":{"line":194,"column":82}},"62":{"start":{"line":194,"column":52},"end":{"line":194,"column":74}},"63":{"start":{"line":196,"column":2},"end":{"line":214,"column":3}},"64":{"start":{"line":197,"column":4},"end":{"line":213,"column":6}},"65":{"start":{"line":217,"column":36},"end":{"line":217,"column":59}},"66":{"start":{"line":220,"column":15},"end":{"line":248,"column":4}},"67":{"start":{"line":251,"column":2},"end":{"line":254,"column":15}},"68":{"start":{"line":256,"column":2},"end":{"line":267,"column":14}},"69":{"start":{"line":274,"column":2},"end":{"line":286,"column":14}},"70":{"start":{"line":293,"column":15},"end":{"line":293,"column":31}},"71":{"start":{"line":294,"column":37},"end":{"line":294,"column":41}},"72":{"start":{"line":296,"column":18},"end":{"line":296,"column":20}},"73":{"start":{"line":297,"column":18},"end":{"line":297,"column":20}},"74":{"start":{"line":299,"column":2},"end":{"line":306,"column":3}},"75":{"start":{"line":300,"column":27},"end":{"line":300,"column":49}},"76":{"start":{"line":301,"column":4},"end":{"line":303,"column":5}},"77":{"start":{"line":302,"column":6},"end":{"line":302,"column":64}},"78":{"start":{"line":304,"column":4},"end":{"line":304,"column":31}},"79":{"start":{"line":305,"column":4},"end":{"line":305,"column":25}},"80":{"start":{"line":308,"column":2},"end":{"line":314,"column":3}},"81":{"start":{"line":309,"column":4},"end":{"line":311,"column":5}},"82":{"start":{"line":310,"column":6},"end":{"line":310,"column":90}},"83":{"start":{"line":312,"column":4},"end":{"line":312,"column":28}},"84":{"start":{"line":313,"column":4},"end":{"line":313,"column":27}},"85":{"start":{"line":316,"column":2},"end":{"line":376,"column":3}},"86":{"start":{"line":317,"column":4},"end":{"line":320,"column":6}},"87":{"start":{"line":323,"column":4},"end":{"line":325,"column":5}},"88":{"start":{"line":324,"column":6},"end":{"line":324,"column":65}},"89":{"start":{"line":328,"column":4},"end":{"line":330,"column":5}},"90":{"start":{"line":329,"column":6},"end":{"line":329,"column":77}},"91":{"start":{"line":333,"column":4},"end":{"line":343,"column":5}},"92":{"start":{"line":334,"column":33},"end":{"line":334,"column":68}},"93":{"start":{"line":335,"column":6},"end":{"line":337,"column":7}},"94":{"start":{"line":336,"column":8},"end":{"line":336,"column":70}},"95":{"start":{"line":338,"column":6},"end":{"line":341,"column":8}},"96":{"start":{"line":342,"column":6},"end":{"line":342,"column":31}},"97":{"start":{"line":346,"column":4},"end":{"line":356,"column":5}},"98":{"start":{"line":347,"column":34},"end":{"line":347,"column":71}},"99":{"start":{"line":348,"column":6},"end":{"line":350,"column":7}},"100":{"start":{"line":349,"column":8},"end":{"line":349,"column":71}},"101":{"start":{"line":351,"column":6},"end":{"line":354,"column":8}},"102":{"start":{"line":355,"column":6},"end":{"line":355,"column":32}},"103":{"start":{"line":359,"column":4},"end":{"line":373,"column":5}},"104":{"start":{"line":361,"column":6},"end":{"line":366,"column":7}},"105":{"start":{"line":362,"column":37},"end":{"line":362,"column":90}},"106":{"start":{"line":363,"column":8},"end":{"line":365,"column":9}},"107":{"start":{"line":364,"column":10},"end":{"line":364,"column":74}},"108":{"start":{"line":368,"column":6},"end":{"line":371,"column":8}},"109":{"start":{"line":372,"column":6},"end":{"line":372,"column":36}},"110":{"start":{"line":375,"column":4},"end":{"line":375,"column":29}},"111":{"start":{"line":378,"column":18},"end":{"line":378,"column":51}},"112":{"start":{"line":381,"column":2},"end":{"line":384,"column":15}},"113":{"start":{"line":386,"column":2},"end":{"line":398,"column":14}},"114":{"start":{"line":406,"column":2},"end":{"line":409,"column":5}},"115":{"start":{"line":412,"column":2},"end":{"line":414,"column":15}},"116":{"start":{"line":416,"column":2},"end":{"line":419,"column":14}},"117":{"start":{"line":428,"column":17},"end":{"line":428,"column":53}},"118":{"start":{"line":431,"column":14},"end":{"line":
[...]
,"/Users/jasonsutter/Documents/Companies/VeilForms/veilforms/src/dashboard/app.js": {"path":"/Users/jasonsutter/Documents/Companies/VeilForms/veilforms/src/dashboard/app.js","statementMap":{"0":{"start":{"line":12,"column":4},"end":{"line":12,"column":51}},"1":{"start":{"line":13,"column":4},"end":{"line":13,"column":23}},"2":{"start":{"line":14,"column":4},"end":{"line":14,"column":26}},"3":{"start":{"line":15,"column":4},"end":{"line":15,"column":30}},"4":{"start":{"line":22,"column":4},"end":{"line":22,"column":25}},"5":{"start":{"line":25,"column":4},"end":{"line":25,"column":27}},"6":{"start":{"line":28,"column":19},"end":{"line":28,"column":44}},"7":{"start":{"line":29,"column":4},"end":{"line":29,"column":32}},"8":{"start":{"line":31,"column":4},"end":{"line":31,"column":18}},"9":{"start":{"line":39,"column":4},"end":{"line":47,"column":5}},"10":{"start":{"line":40,"column":21},"end":{"line":40,"column":67}},"11":{"start":{"line":41,"column":6},"end":{"line":43,"column":7}},"12":{"start":{"line":42,"column":8},"end":{"line":42,"column":46}},"13":{"start":{"line":45,"column":6},"end":{"line":45,"column":54}},"14":{"start":{"line":46,"column":6},"end":{"line":46,"column":28}},"15":{"start":{"line":54,"column":4},"end":{"line":54,"column":42}},"16":{"start":{"line":55,"column":4},"end":{"line":55,"column":85}},"17":{"start":{"line":62,"column":21},"end":{"line":64,"column":6}},"18":{"start":{"line":66,"column":4},"end":{"line":68,"column":5}},"19":{"start":{"line":67,"column":6},"end":{"line":67,"column":41}},"20":{"start":{"line":70,"column":4},"end":{"line":70,"column":27}},"21":{"start":{"line":78,"column":44},"end":{"line":78,"column":50}},"22":{"start":{"line":81,"column":20},"end":{"line":81,"column":43}},"23":{"start":{"line":84,"column":19},"end":{"line":84,"column":44}},"24":{"start":{"line":87,"column":21},"end":{"line":94,"column":5}},"25":{"start":{"line":96,"column":21},"end":{"line":103,"column":6}},"26":{"start":{"line":105,"column":4},"end":{"line":107,"column":5}},"27":{"start":{"line":106,"column":6},"end":{"line":106,"column":47}},"28":{"start":{"line":110,"column":4},"end":{"line":110,"column":52}},"29":{"start":{"line":112,"column":4},"end":{"line":118,"column":6}},"30":{"start":{"line":125,"column":25},"end":{"line":125,"column":56}},"31":{"start":{"line":127,"column":4},"end":{"line":140,"column":9}},"32":{"start":{"line":147,"column":21},"end":{"line":149,"column":6}},"33":{"start":{"line":151,"column":4},"end":{"line":153,"column":5}},"34":{"start":{"line":152,"column":6},"end":{"line":152,"column":46}},"35":{"start":{"line":155,"column":17},"end":{"line":155,"column":38}},"36":{"start":{"line":158,"column":4},"end":{"line":161,"column":8}},"37":{"start":{"line":158,"column":35},"end":{"line":161,"column":5}},"38":{"start":{"line":169,"column":55},"end":{"line":169,"column":62}},"39":{"start":{"line":171,"column":21},"end":{"line":174,"column":5}},"40":{"start":{"line":176,"column":4},"end":{"line":178,"column":5}},"41":{"start":{"line":177,"column":6},"end":{"line":177,"column":53}},"42":{"start":{"line":180,"column":17},"end":{"line":180,"column":38}},"43":{"start":{"line":183,"column":4},"end":{"line":199,"column":5}},"44":{"start":{"line":184,"column":25},"end":{"line":184,"column":49}},"45":{"start":{"line":186,"column":6},"end":{"line":198,"column":8}},"46":{"start":{"line":188,"column":10},"end":{"line":195,"column":11}},"47":{"start":{"line":189,"column":12},"end":{"line":194,"column":13}},"48":{"start":{"line":190,"column":32},"end":{"line":190,"column":80}},"49":{"start":{"line":191,"column":14},"end":{"line":191,"column":66}},"50":{"start":{"line":193,"column":14},"end":{"line":193,"column":75}},"51":{"start":{"line":196,"column":10},"end":{"line":196,"column":70}},"52":{"start":{"line":201,"column":4},"end":{"line":201,"column":16}},"53":{"start":{"line":209,"column":28},"end":{"line":209,"column":79}},"54":{"start":{"line":211,"column":4},"end":{"line":213,"column":5}},"55":{"start":{"line":212,"column":6},"end":{"line":212,"column":16}},"56":{"start":{"line":216,"column":19},"end":{"line":216,"column":28}},"57":{"start":{"line":217,"column":4},"end":{"line":221,"column":7}},"58":{"start":{"line":218,"column":6},"end":{"line":220,"column":7}},"59":{"start":{"line":219,"column":8},"end":{"line":219,"column":62}},"60":{"start":{"line":219,"column":45},"end":{"line":219,"column":60}},"61":{"start":{"line":223,"column":23},"end":{"line":223,"column":75}},"62":{"start":{"line":226,"column":17},"end":{"line":226,"column":39}},"63":{"start":{"line":228,"column":4},"end":{"line":237,"column":7}},"64":{"start":{"line":229,"column":18},"end":{"line":235,"column":8}},"65":{"start":{"line":230,"column":8},"end":{"line":230,"column":62}},"66":{"start":{"line":230,"column":38},"end":{"line":230,"column":62}},"67":{"start":{"line":231,"column":8},"end":{"line":231,"column":80}},"68":{"start":{"line":231,"column":35},"end":{"line":231,"column":80}},"69":{"start":{"line":232,"column":22},"end":{"line":232,"column":45}},"70":{"start":{"line":234,"column":8},"end":{"line":234,"column":56}},"71":{"start":{"line":236,"column":6},"end":{"line":236,"column":31}},"72":{"start":{"line":239,"column":4},"end":{"line":239,"column":27}},"73":{"start":{"line":246,"column":21},"end":{"line":252,"column":5}},"74":{"start":{"line":254,"column":4},"end":{"line":254,"column":23}},"75":{"start":{"line":261,"column":21},"end":{"line":264,"column":6}},"76":{"start":{"line":266,"column":4},"end":{"line":270,"column":5}},"77":{"start":{"line":268,"column":6},"end":{"line":268,"column":38}},"78":{"start":{"line":269,"column":6},"end":{"line":269,"column":87}},"79":{"start":{"line":272,"column":4},"end":{"line":272,"column":23}},"80":{"start":{"line":279,"column":4},"end":{"line":279,"column":47}},"81":{"start":{"line":287,"column":16},"end":{"line":287,"column":40}},"82":{"start":{"line":288,"column":4},"end":{"line":290,"column":5}},"83":{"start":{"line":289,"column":6},"end":{"line":289,"column":60}},"84":{"start":{"line":291,"column":4},"end":{"line":291,"column":15}},"85":{"start":{"line":298,"column":21},"end":{"line":305,"column":6}},"86":{"start":{"line":307,"column":4},"end":{"line":309,"column":5}},"87":{"start":{"line":308,"column":6},"end":{"line":308,"column":56}},"88":{"start":{"line":311,"column":4},"end":{"line":311,"column":27}},"89":{"start":{"line":318,"column":21},"end":{"line":320,"column":6}},"90":{"start":{"line":322,"column":4},"end":{"line":324,"column":5}},"91":{"start":{"line":323,"column":6},"end":{"line":323,"column":44}},"92":{"start":{"line":326,"column":4},"end":{"line":326,"column":27}},"93":{"start":{"line":335,"column":4},"end":{"line":337,"column":5}},"94":{"start":{"line":336,"column":6},"end":{"line":336,"column":51}},"95":{"start":{"line":339,"column":4},"end":{"line":339,"column":63}},"96":{"start":{"line":348,"column":26},"end":{"line":348,"column":76}},"97":{"start":{"line":351,"column":4},"end":{"line":354,"column":6}},"98":{"start":{"line":357,"column":4},"end":{"line":357,"column":85}},"99":{"start":{"line":359,"column":4},"end":{"line":359,"column":45}},"100":{"start":{"line":368,"column":22},"end":{"line":368,"column":60}},"101":{"start":{"line":369,"column":28},"end":{"line":369,"column":66}},"102":{"start":{"line":370,"column":26},"end":{"line":370,"column":53}},"103":{"start":{"line":372,"column":20},"end":{"line":372,"column":51}},"104":{"start":{"line":373,"column":21},"end":{"line":373,"column":70}},"105":{"start":{"line":374,"column":16},"end":{"line":374,"column":45}},"106":{"start":{"line":376,"column":17},"end":{"line":376,"column":44}},"107":{"start":{"line":377,"column":4},"end":{"line":377,"column":20}},"108":{"start":{"line":378,"column":4},"end":{"line":378,"column":34}},"109":{"start":{"line":379,"column":4},"end":{"line":379,"column":17}},"110":{"start":{"line":381,"column":4},"end":{"line":381,"column":29}},"111":{"start":{"line":386,"column":18},"end":{"line":386,"column":42}}},"fnMap":{"0":{"name":"(anonymous_0)","decl":{"start":{"line":11,"column":2},"end":{"line":11,"column":3}},"loc":{"start":{"line":11,"column":16},"end":{"line":16,"column":3}},"line":11},"1":{"name":"(anonymous_1)","decl":{"start":{"line":21,"column":2},"end":{"line":21,"column":3}},"loc":{"start":{"line":21,"column":21},"end":{"line":32,"column":3}},"line":21},"2":{"name":"(anonymous_2)","decl":{"start":{"line":38,"column":2},"end":{"line":38,"column":3}},"loc":{"start":{"line":38,"column":20},"end":{"line":48,"column":3}},"line":38},"3":{"name":"(anonymous_3)","decl":{"start":{"line":53,"column":2},"end":{"line":53,"column":3}},"loc":{"start":{"line":53,"column":37},"end":{"line":56,"column":3}},"line":53},"4":{"name":"(anonymous_4)","decl":{"start":{"line":61,"column":2},"end":{"line":61,"column":3}},"loc":{"start":{"line":61,"column":23},"end":{"line":71,"column":3}},"line":61},"5":{"name":"(anonymous_5)","decl":{"start":{"line":77,"column":2},"end":{"line":77,"column":3}},"loc":{"start":{"line":77,"column":27},"end":{"line":119,"column":3}},"line":77},"6":{"name":"(anonymous_6)","decl":{"start":{"line":124,"column":2},"end":{"line":124,"column":3}},"loc":{"start":{"line":124,"column":39},"end":{"line":141,"column":3}},"line":124},"7":{"name":"(anonymous_7)","decl":{"start":{"line":146,"column":2},"end":{"line":146,"column":3}},"loc":{"start":{"line":146,"column":20},"end":{"line":162,"column":3}},"line":146},"8":{"name":"(anonymous_8)","decl":{"start":{"line":158,"column":26},"end":{"line":158,"column":27}},"loc":{"start":{"line":158,"column":35},"end":{"line":161,"column":5}},"line":158},"9":{"name":"(anonymous_9)","decl":{"start":{"line":168,"column":2},"end":{"line":168,"column":3}},"loc":{"start":{"line":168,"column":45},"end":{"line":202,"column":3}},"line":168},"10":{"name":"(anonymous_10)","decl":{"start":{"line":187,"column":29},"end":{"line":187,"column":30}},"loc":{"start":{"line":187,"column":44},"end":{"line":197,"column":9}},"line":187},"11":{"name":"(anonymous_11)","decl":{"start":{"line":208,"column":2},"end":{"line":208,"column":3}},"loc":{"start":{"line":208,"column":26},"end":{"line":240,"column":3}},"line":208},"12":{"name":"(anonymous_12)","decl":{"start":{"line":217,"column":24},"end":{"line":217,"column":25}},"loc":{"start":{"line":217,"column":31},"end":{"line":221,"column":5}},"line":217},"13":{"name":"(anonymous_13)","decl":{"start":{"line":219,"column":38},"end":{"line":219,"column":39}},"loc":{"start":{"line":219,"column":45},"end":{"line":219,"column":60}},"line":219},"14":{"name":"(anonymous_14)","decl":{"start":{"line":228,"column":24},"end":{"line":228,"column":25}},"loc":{"start":{"line":228,"column":31},"end":{"line":237,"column":5}},"line":228},"15":{"name":"(anonymous_15)","decl":{"start":{"line":229,"column":33},"end":{"line":229,"column":34}},"loc":{"start":{"line":229,"column":42},"end":{"line":235,"column":7}},"line":229},"16":{"name":"(anonymous_16)","decl":{"start":{"line":245,"column":2},"end":{"line":245,"column":3}},"loc":{"start":{"line":245,"column":47},"end":{"line":255,"column":3}},"line":245},"17":{"name":"(anonymous_17)","decl":{"start":{"line":260,"column":2},"end":{"line":260,"column":3}},"loc":{"start":{"line":260,"column":27},"end":{"line":273,"column":3}},"line":260},"18":{"name":"(anonymous_18)","decl":{"start":{"line":278,"column":2},"end":{"line":278,"column":3}},"loc":{"start":{"line":278,"column":42},"end":{"line":280,"column":3}},"line":278},"19":{"name":"(anonymous_19)","decl":{"start":{"line":286,"column":2},"end":{"line":286,"column":3}},"loc":{"start":{"line":286,"column":27},"end":{"line":292,"column":3}},"line":286},"20":{"name":"(anonymous_20)","decl":{"start":{"line":297,"column":2},"end":{"line":297,"column":3}},"loc":{"start":{"line":297,"column":45},"end":{"line":312,"column":3}},"line":297},"21":{"name":"(anonymous_21)","decl":{"start":{"line":317,"column":2},"end":{"line":317,"column":3}},"loc":{"start":{"line":317,"column":24},"end":{"line":327,"column":3}},"line":317},"22":{"name":"(anonymous_22)","decl":{"start":{"line":334,"column":2},"end":{"line":334,"column":3}},"loc":{"start":{"line":334,"column":38},"end":{"line":340,"column":3}},"line":334},"23":{"name":"(anonymous_23)","decl":{"start":{"line":347,"column":2},"end":{"line":347,"column":3}},"loc":{"start":{"line":347,"column":55},"end":{"line":360,"column":3}},"line":347},"24":{"name":"(anonymous_24)","decl":{"start":{"line":367,"column":2},"end":{"line":367,"column":3}},"loc":{"start":{"line":367,"column":45},"end":{"line":382,"column":3}},"line":367}},"branchMap":{"0":{"loc":{"start":{"line":41,"column":6},"end":{"line":43,"column":7}},"type":"if","locations":[{"start":{"line":41,"column":6},"end":{"line":43,"column":7}},{"start":{},"end":{}}],"line":41},"1":{"loc":{"start":{"line":66,"column":4},"end":{"line":68,"column":5}},"type":"if","locations":[{"start":{"line":66,"column":4},"end":{"line":68,"column":5}},{"start":{},"end":{}}],"line":66},"2":{"loc":{"start":{"line":78,"column":26},"end":{"line":78,"column":39}},"type":"default-arg","locations":[{"start":{"line":78,"column":37},"end":{"line":78,"column":39}}],"line":78},"3":{"loc":{"start":{"line":105,"column":4},"end":{"line":107,"column":5}},"type":"if","locations":[{"start":{"line":105,"column":4},"end":{"line":107,"column":5}},{"start":{},"end":{}}],"line":105},"4":{"loc":{"start":{"line":151,"column":4},"end":{"line":153,"column":5}},"type":"if","locations":[{"start":{"line":151,"column":4},"end":{"line":153,"column":5}},{"start":{},"end":{}}],"line":151},"5":{"loc":{"start":{"line":168,"column":31},"end":{"line":168,"column":43}},"type":"default-arg","locations":[{"start":{"line":168,"column":41},"end":{"line":168,"column":43}}],"line":168},"6":{"loc":{"start":{"line":169,"column":12},"end":{"line":169,"column":22}},"type":"default-arg","locations":[{"start":{"line":169,"column":20},"end":{"line":169,"column":22}}],"line":169},"7":{"loc":{"start":{"line":169,"column":24},"end":{"line":169,"column":34}},"type":"default-arg","locations":[{"start":{"line":169,"column":33},"end":{"line":169,"column":34}}],"line":169},"8":{"loc":{"start":{"line":169,"column":36},"end":{"line":169,"column":50}},"type":"default-arg","locations":[{"start":{"line":169,"column":46},"end":{"line":169,"column":50}}],"line":169},"9":{"loc":{"start":{"line":176,"column":4},"end":{"line":178,"column":5}},"type":"if","locations":[{"start":{"line":176,"column":4},"end":{"line":178,"column":5}},{"start":{},"end":{}}],"line":176},"10":{"loc":{"start":{"line":183,"column":4},"end":{"line":199,"column":5}},"type":"if","locations":[{"start":{"line":183,"column":4},"end":{"line":199,"column":5}},{"start":{},"end":{}}],"line":183},"11":{"loc":{"start":{"line":183,"column":8},"end":{"line":183,"column":43}},"type":"binary-expr","locations":[{"start":{"line":183,"column":8},"end":{"line":183,"column":15}},{"start":{"line":183,"column":19},"end":{"line":183,"column":43}}],"line":183},"12":{"loc":{"start":{"line":188,"column":10},"end":{"line":195,"column":11}},"type":"if","locations":[{"start":{"line":188,"column":10},"end":{"line":195,"column":11}},{"start":{},"end":{}}],"line":188},"13":{"loc":{"start":{"line":211,"column":4},"end":{"line":213,"column":5}},"type":"if","locations":[{"start":{"line":211,"column":4},"end":{"line":213,"column":5}},{"start":{},"end":{}}],"line":211},"14":{"loc":{"start":{"line":218,"column":6},"end":{"line":220,"column":7}},"type":"if","locations":[{"start":{"line":218,"column":6},"end":{"line":220,"column":7}},{"start":{},"end":{}}],"line":218},"15":{"loc":{"start":{"line":230,"column":8},"end":{"line":230,"column":62}},"type":"if","locations":[{"start":{"line":230,"column":8},"end":{"line":230,"column":62}},{"start":{},"end":{}}],"line":230},"16":{"loc":{"start":{"line":231,"column":8},"end":{"line":231,"column":80}},"type":"if","locations":[{"start":{"line":231,"column":8},"end":{"line":231,"column":80}},{"start":{},"end":{}}],"line":231},"17":{"loc":{"start":{"line":232,"column":22},"end":{"line":232,"column":45}},"type":"binary-expr","locations":[{"start":{"line":232,"column":22},"end":{"line":232,"column":39}},{"start":{"line":232,"column":43},"end":{"line":232,"column":45}}],"line":232},"18":{"loc":{"start":{"line":266,"column":4},"end":{"line":270,"column":5}},"type":"if","locations":[{"start":{"line":266,"column":4},"end":{"line":270,"column":5}},{"start":{},"end":{}}],"line":266},"19":{"loc":{"start":{"line":288,"column":4},"end":{"line":290,"column":5}},"type":"if","locations":[{"start":{"line":288,"column":4},"end":{"line":290,"column":5}},{"start":{},"end":{}}],"line":288},"20":{"loc":{"start":{"line":307,"column":4},"end":{"line":309,"column":5}},"type":"if","locations":[{"start":{"line":307,"column":4},"end":{"line":309,"column":5}},{"start":{},"end":{}}],"line":307},"21":{"loc":{"start":{"line":322,"column":4},"end":{"line":324,"column":5}},"type":"if","locations":[{"start":{"line":322,"column":4},"end":{"line":324,"column":5}},{"start":{},"end":{}}],"line":322},"22":{"loc":{"start":{"line":335,"column":4},"end":{"line":337,"column":5}},"type":"if","locations":[{"start":{"line":335,"column":4},"end":{"line":337,"column":5}},{"start":{},"end":{}}],"line":335},"23":{"loc":{"start":{"line":367,"column":28},"end":{"line":367,"column":43}},"type":"default-arg","locations":[{"start":{"line":367,"column":39},"end":{"line":367,"column":43}}],"line":367},"24":{"loc":{"start":{"line":370,"column":26},"end":{"line":370,"column":53}},"type":"binary-expr","locations":[{"start":{"line":370,"column":26},"end":{"line":370,"column":34}},{"start":{"line":370,"column":38},"end":{"line":370,"column":53}}],"line":370}},"s":{"0":0,"1":0,"2":0,"3":0,"4":0,"5":0,"6":0,"7":0,"8":0,"9":0,"10":0,"11":0,"12":0,"13":0,"14":0,"15":0,"16":0,"17":0,"18":0,"19":0,"20":0,"21":0,"22":0,"23":0,"24":0,"25":0,"26":0,"27":0,"28":0,"29":0,"30":0,"31":0,"32":0,"33":0,"34":0,"35":0,"36":0,"37":0,"38":0,"39":0,"40":0,"41":0,"42":0,"43":0,"44":0,"45":0,"46":0,"47":0,"48":0,"49":0,"50":0,"51":0,"52":0,"53":0,"54":0,"55":0,"56":0,"57":0,"58":0,"59":0,"60":0,"61":0,"62":0,"63":0,"64":0,"65":0,"66":0,"67":0,"68":0,"69":0,"70":0,"71":0,"72":0,"73":0,"74":0,"75":0,"76":0,"77":0,"78":0,"79":0,"80":0,"81":0,"82":0,"83":0,"84":0,"85":0,"86":0,"87":0,"88":0,"89":0,"90":0,"91":0,"92":0,"93":0,"94":0,"95":0,"96":0,"97":0,"98":0,"99":0,"100":0,"101":0,"102":0,"103":0,"104":0,"105":0,"106":0,"107":0,"108":0,"109":0,"110":0,"111":0},"f":{"0":0,"1":0,"2":0,"3":0,"4":0,"5":0,"6":0,"7":0,"8":0,"9":0,"10":0,"11":0,"12":0,"13":0,"14":0,"15":0,"16":0,"17":0,"18":0,"19":0,"20":0,"21":0,"22":0,"23":0,"24":0},"b":{"0":[0,0],"1":[0,0],"2":[0],"3":[0,0],"4":[0,0],"5":[0],"6":[0],"7":[0],"8":[0],"9":[0,0],"10":[0,0],"11":[0,0],"12":[0,0],"13":[0,0],"14":[0,0],"15":[0,0],"16":[0,0],"17":[0,0],"18":[0,0],"19":[0,0],"20":[0,0],"21":[0,0],"22":[0,0],"23":[0],"24":[0,0]},"inputSourceMap":null}
}
