TN:
SF:netlify/functions/api-keys.js
FN:15,generateApiKey
FN:28,hashApiKey
FN:33,(anonymous_2)
FN:36,handler
FN:94,handleListKeys
FN:102,(anonymous_5)
FN:115,(anonymous_6)
FN:129,handleCreateKey
FN:203,handleRevokeKey
FN:226,(anonymous_9)
FNF:10
FNH:0
FNDA:0,generateApiKey
FNDA:0,hashApiKey
FNDA:0,(anonymous_2)
FNDA:0,handler
FNDA:0,handleListKeys
FNDA:0,(anonymous_5)
FNDA:0,(anonymous_6)
FNDA:0,handleCreateKey
FNDA:0,handleRevokeKey
FNDA:0,(anonymous_9)
DA:16,0
DA:17,0
DA:18,0
DA:19,0
DA:20,0
DA:21,0
DA:22,0
DA:24,0
DA:29,0
DA:30,0
DA:31,0
DA:32,0
DA:33,0
DA:37,0
DA:38,0
DA:42,0
DA:43,0
DA:47,0
DA:48,0
DA:49,0
DA:56,0
DA:57,0
DA:58,0
DA:61,0
DA:64,0
DA:65,0
DA:66,0
DA:68,0
DA:70,0
DA:71,0
DA:75,0
DA:76,0
DA:80,0
DA:81,0
DA:84,0
DA:86,0
DA:87,0
DA:95,0
DA:97,0
DA:98,0
DA:99,0
DA:102,0
DA:103,0
DA:104,0
DA:105,0
DA:115,0
DA:117,0
DA:120,0
DA:130,0
DA:131,0
DA:133,0
DA:134,0
DA:137,0
DA:138,0
DA:142,0
DA:143,0
DA:145,0
DA:146,0
DA:147,0
DA:152,0
DA:153,0
DA:154,0
DA:155,0
DA:157,0
DA:160,0
DA:161,0
DA:168,0
DA:169,0
DA:171,0
DA:182,0
DA:185,0
DA:186,0
DA:188,0
DA:205,0
DA:207,0
DA:208,0
DA:211,0
DA:212,0
DA:216,0
DA:219,0
DA:220,0
DA:221,0
DA:222,0
DA:224,0
DA:226,0
DA:227,0
DA:229,0
DA:235,0
LF:88
LH:0
BRDA:37,0,0,0
BRDA:37,0,1,0
BRDA:42,1,0,0
BRDA:42,1,1,0
BRDA:48,2,0,0
BRDA:48,2,1,0
BRDA:57,3,0,0
BRDA:57,3,1,0
BRDA:70,4,0,0
BRDA:70,4,1,0
BRDA:70,5,0,0
BRDA:70,5,1,0
BRDA:75,6,0,0
BRDA:75,6,1,0
BRDA:75,7,0,0
BRDA:75,7,1,0
BRDA:80,8,0,0
BRDA:80,8,1,0
BRDA:80,9,0,0
BRDA:80,9,1,0
BRDA:99,10,0,0
BRDA:99,10,1,0
BRDA:104,11,0,0
BRDA:104,11,1,0
BRDA:133,12,0,0
BRDA:133,12,1,0
BRDA:133,13,0,0
BRDA:133,13,1,0
BRDA:133,13,2,0
BRDA:137,14,0,0
BRDA:137,14,1,0
BRDA:143,15,0,0
BRDA:143,15,1,0
BRDA:146,16,0,0
BRDA:146,16,1,0
BRDA:155,17,0,0
BRDA:155,17,1,0
BRDA:160,18,0,0
BRDA:160,18,1,0
BRDA:207,19,0,0
BRDA:207,19,1,0
BRDA:211,20,0,0
BRDA:211,20,1,0
BRDA:222,21,0,0
BRDA:222,21,1,0
BRF:45
BRH:0
end_of_record
TN:
SF:netlify/functions/audit-logs.js
FN:14,handler
FNF:1
FNH:0
FNDA:0,handler
DA:15,0
DA:16,0
DA:20,0
DA:21,0
DA:24,0
DA:25,0
DA:29,0
DA:30,0
DA:31,0
DA:38,0
DA:39,0
DA:40,0
DA:43,0
DA:44,0
DA:45,0
DA:46,0
DA:47,0
DA:48,0
DA:51,0
DA:52,0
DA:53,0
DA:54,0
DA:57,0
DA:58,0
DA:62,0
DA:64,0
DA:66,0
DA:67,0
DA:71,0
LF:29
LH:0
BRDA:15,0,0,0
BRDA:15,0,1,0
BRDA:20,1,0,0
BRDA:20,1,1,0
BRDA:24,2,0,0
BRDA:24,2,1,0
BRDA:30,3,0,0
BRDA:30,3,1,0
BRDA:39,4,0,0
BRDA:39,4,1,0
BRDA:47,5,0,0
BRDA:47,5,1,0
BRDA:48,6,0,0
BRDA:48,6,1,0
BRDA:51,7,0,0
BRDA:51,7,1,0
BRDA:53,8,0,0
BRDA:53,8,1,0
BRDA:53,9,0,0
BRDA:53,9,1,0
BRF:20
BRH:0
end_of_record
TN:
SF:netlify/functions/auth-forgot.js
FN:9,handler
FN:54,(anonymous_1)
FNF:2
FNH:0
FNDA:0,handler
FNDA:0,(anonymous_1)
DA:10,0
DA:11,0
DA:13,0
DA:14,0
DA:17,0
DA:18,0
DA:22,0
DA:23,0
DA:24,0
DA:27,0
DA:28,0
DA:30,0
DA:31,0
DA:35,0
DA:36,0
DA:37,0
DA:42,0
DA:54,0
DA:60,0
DA:61,0
DA:63,0
DA:67,0
DA:70,0
DA:73,0
DA:74,0
DA:77,0
DA:78,0
DA:79,0
DA:80,0
DA:83,0
DA:87,0
DA:89,0
DA:90,0
DA:94,0
LF:34
LH:0
BRDA:10,0,0,0
BRDA:10,0,1,0
BRDA:13,1,0,0
BRDA:13,1,1,0
BRDA:17,2,0,0
BRDA:17,2,1,0
BRDA:23,3,0,0
BRDA:23,3,1,0
BRDA:30,4,0,0
BRDA:30,4,1,0
BRDA:36,5,0,0
BRDA:36,5,1,0
BRDA:61,6,0,0
BRDA:61,6,1,0
BRDA:73,7,0,0
BRDA:73,7,1,0
BRDA:79,8,0,0
BRDA:79,8,1,0
BRF:18
BRH:0
end_of_record
TN:
SF:netlify/functions/auth-login.js
FN:14,handler
FNF:1
FNH:0
FNDA:0,handler
DA:15,0
DA:16,0
DA:18,0
DA:19,0
DA:22,0
DA:23,0
DA:27,0
DA:28,0
DA:29,0
DA:32,0
DA:33,0
DA:35,0
DA:36,0
DA:42,0
DA:43,0
DA:44,0
DA:53,0
DA:54,0
DA:56,0
DA:57,0
DA:61,0
DA:62,0
DA:63,0
DA:64,0
DA:66,0
DA:72,0
DA:75,0
DA:76,0
DA:82,0
DA:84,0
DA:95,0
DA:96,0
DA:102,0
LF:33
LH:0
BRDA:15,0,0,0
BRDA:15,0,1,0
BRDA:18,1,0,0
BRDA:18,1,1,0
BRDA:22,2,0,0
BRDA:22,2,1,0
BRDA:28,3,0,0
BRDA:28,3,1,0
BRDA:35,4,0,0
BRDA:35,4,1,0
BRDA:35,5,0,0
BRDA:35,5,1,0
BRDA:43,6,0,0
BRDA:43,6,1,0
BRDA:54,7,0,0
BRDA:54,7,1,0
BRDA:62,8,0,0
BRDA:62,8,1,0
BRDA:67,9,0,0
BRDA:67,9,1,0
BRDA:67,10,0,0
BRDA:67,10,1,0
BRDA:75,11,0,0
BRDA:75,11,1,0
BRF:24
BRH:0
end_of_record
TN:
SF:netlify/functions/auth-logout.js
FN:5,handler
FNF:1
FNH:0
FNDA:0,handler
DA:6,0
DA:7,0
DA:9,0
DA:10,0
DA:13,0
DA:14,0
DA:17,0
DA:18,0
DA:20,0
DA:21,0
DA:25,0
DA:26,0
DA:27,0
DA:31,0
DA:33,0
DA:34,0
DA:35,0
DA:38,0
DA:43,0
DA:44,0
DA:48,0
LF:21
LH:0
BRDA:6,0,0,0
BRDA:6,0,1,0
BRDA:9,1,0,0
BRDA:9,1,1,0
BRDA:13,2,0,0
BRDA:13,2,1,0
BRDA:20,3,0,0
BRDA:20,3,1,0
BRDA:26,4,0,0
BRDA:26,4,1,0
BRDA:33,5,0,0
BRDA:33,5,1,0
BRF:12
BRH:0
end_of_record
TN:
SF:netlify/functions/auth-register.js
FN:9,handler
FN:82,(anonymous_1)
FNF:2
FNH:0
FNDA:0,handler
FNDA:0,(anonymous_1)
DA:10,0
DA:11,0
DA:13,0
DA:14,0
DA:17,0
DA:18,0
DA:21,0
DA:22,0
DA:24,0
DA:25,0
DA:29,0
DA:30,0
DA:31,0
DA:35,0
DA:36,0
DA:37,0
DA:41,0
DA:53,0
DA:54,0
DA:55,0
DA:64,0
DA:65,0
DA:66,0
DA:70,0
DA:71,0
DA:74,0
DA:75,0
DA:78,0
DA:79,0
DA:82,0
DA:83,0
DA:87,0
DA:89,0
DA:101,0
DA:102,0
DA:106,0
LF:36
LH:0
BRDA:10,0,0,0
BRDA:10,0,1,0
BRDA:13,1,0,0
BRDA:13,1,1,0
BRDA:17,2,0,0
BRDA:17,2,1,0
BRDA:24,3,0,0
BRDA:24,3,1,0
BRDA:24,4,0,0
BRDA:24,4,1,0
BRDA:30,5,0,0
BRDA:30,5,1,0
BRDA:36,6,0,0
BRDA:36,6,1,0
BRDA:54,7,0,0
BRDA:54,7,1,0
BRDA:65,8,0,0
BRDA:65,8,1,0
BRDA:78,9,0,0
BRDA:78,9,1,0
BRF:20
BRH:0
end_of_record
TN:
SF:netlify/functions/auth-resend-verification.js
FN:9,handler
FN:59,(anonymous_1)
FNF:2
FNH:0
FNDA:0,handler
FNDA:0,(anonymous_1)
DA:10,0
DA:11,0
DA:13,0
DA:14,0
DA:17,0
DA:18,0
DA:22,0
DA:23,0
DA:24,0
DA:32,0
DA:33,0
DA:35,0
DA:36,0
DA:40,0
DA:41,0
DA:42,0
DA:47,0
DA:59,0
DA:65,0
DA:66,0
DA:67,0
DA:71,0
DA:72,0
DA:80,0
DA:81,0
DA:82,0
DA:86,0
DA:87,0
DA:90,0
DA:91,0
DA:94,0
DA:95,0
DA:97,0
DA:100,0
DA:102,0
DA:103,0
DA:107,0
LF:37
LH:0
BRDA:10,0,0,0
BRDA:10,0,1,0
BRDA:13,1,0,0
BRDA:13,1,1,0
BRDA:17,2,0,0
BRDA:17,2,1,0
BRDA:23,3,0,0
BRDA:23,3,1,0
BRDA:35,4,0,0
BRDA:35,4,1,0
BRDA:41,5,0,0
BRDA:41,5,1,0
BRDA:66,6,0,0
BRDA:66,6,1,0
BRDA:71,7,0,0
BRDA:71,7,1,0
BRDA:81,8,0,0
BRDA:81,8,1,0
BRDA:90,9,0,0
BRDA:90,9,1,0
BRF:20
BRH:0
end_of_record
TN:
SF:netlify/functions/auth-reset.js
FN:7,handler
FNF:1
FNH:0
FNDA:0,handler
DA:8,0
DA:9,0
DA:11,0
DA:12,0
DA:15,0
DA:16,0
DA:20,0
DA:21,0
DA:22,0
DA:25,0
DA:26,0
DA:28,0
DA:29,0
DA:33,0
DA:34,0
DA:35,0
DA:44,0
DA:45,0
DA:46,0
DA:50,0
DA:53,0
DA:54,0
DA:55,0
DA:59,0
DA:61,0
DA:62,0
DA:65,0
DA:70,0
DA:71,0
DA:75,0
LF:30
LH:0
BRDA:8,0,0,0
BRDA:8,0,1,0
BRDA:11,1,0,0
BRDA:11,1,1,0
BRDA:15,2,0,0
BRDA:15,2,1,0
BRDA:21,3,0,0
BRDA:21,3,1,0
BRDA:28,4,0,0
BRDA:28,4,1,0
BRDA:28,5,0,0
BRDA:28,5,1,0
BRDA:34,6,0,0
BRDA:34,6,1,0
BRDA:45,7,0,0
BRDA:45,7,1,0
BRDA:54,8,0,0
BRDA:54,8,1,0
BRDA:61,9,0,0
BRDA:61,9,1,0
BRF:20
BRH:0
end_of_record
TN:
SF:netlify/functions/auth-verify.js
FN:6,handler
FNF:1
FNH:0
FNDA:0,handler
DA:7,0
DA:8,0
DA:10,0
DA:11,0
DA:15,0
DA:16,0
DA:17,0
DA:20,0
DA:23,0
DA:24,0
DA:25,0
DA:26,0
DA:27,0
DA:28,0
DA:30,0
DA:33,0
DA:34,0
DA:38,0
DA:39,0
DA:40,0
DA:49,0
DA:50,0
DA:51,0
DA:54,0
DA:56,0
DA:57,0
DA:65,0
DA:71,0
DA:73,0
DA:74,0
DA:77,0
DA:82,0
DA:83,0
DA:87,0
LF:34
LH:0
BRDA:7,0,0,0
BRDA:7,0,1,0
BRDA:10,1,0,0
BRDA:10,1,1,0
BRDA:16,2,0,0
BRDA:16,2,1,0
BRDA:23,3,0,0
BRDA:23,3,1,0
BRDA:26,4,0,0
BRDA:26,4,1,0
BRDA:33,5,0,0
BRDA:33,5,1,0
BRDA:39,6,0,0
BRDA:39,6,1,0
BRDA:50,7,0,0
BRDA:50,7,1,0
BRDA:54,8,0,0
BRDA:54,8,1,0
BRDA:73,9,0,0
BRDA:73,9,1,0
BRF:20
BRH:0
end_of_record
TN:
SF:netlify/functions/billing.js
FN:26,handler
FN:77,handleCheckout
FN:136,handlePortal
FN:164,handleGetSubscription
FN:197,handleCancel
FN:229,handleReactivate
FNF:6
FNH:0
FNDA:0,handler
FNDA:0,handleCheckout
FNDA:0,handlePortal
FNDA:0,handleGetSubscription
FNDA:0,handleCancel
FNDA:0,handleReactivate
DA:27,0
DA:28,0
DA:33,0
DA:34,0
DA:38,0
DA:39,0
DA:40,0
DA:42,0
DA:44,0
DA:45,0
DA:46,0
DA:49,0
DA:50,0
DA:51,0
DA:54,0
DA:56,0
DA:58,0
DA:60,0
DA:62,0
DA:64,0
DA:66,0
DA:69,0
DA:70,0
DA:78,0
DA:79,0
DA:82,0
DA:83,0
DA:86,0
DA:87,0
DA:88,0
DA:92,0
DA:93,0
DA:96,0
DA:98,0
DA:99,0
DA:100,0
DA:102,0
DA:110,0
DA:111,0
DA:116,0
DA:122,0
DA:128,0
DA:129,0
DA:137,0
DA:138,0
DA:141,0
DA:142,0
DA:145,0
DA:146,0
DA:147,0
DA:149,0
DA:151,0
DA:156,0
DA:157,0
DA:165,0
DA:166,0
DA:169,0
DA:170,0
DA:173,0
DA:174,0
DA:175,0
DA:176,0
DA:177,0
DA:181,0
DA:198,0
DA:199,0
DA:202,0
DA:203,0
DA:206,0
DA:207,0
DA:209,0
DA:215,0
DA:221,0
DA:222,0
DA:230,0
DA:231,0
DA:234,0
DA:235,0
DA:238,0
DA:239,0
DA:241,0
DA:246,0
DA:251,0
DA:252,0
LF:84
LH:0
BRDA:27,0,0,0
BRDA:27,0,1,0
BRDA:33,1,0,0
BRDA:33,1,1,0
BRDA:40,2,0,0
BRDA:40,2,1,0
BRDA:45,3,0,0
BRDA:45,3,1,0
BRDA:50,4,0,0
BRDA:50,4,1,0
BRDA:54,5,0,0
BRDA:54,5,1,0
BRDA:54,5,2,0
BRDA:54,5,3,0
BRDA:54,5,4,0
BRDA:54,5,5,0
BRDA:78,6,0,0
BRDA:78,6,1,0
BRDA:87,7,0,0
BRDA:87,7,1,0
BRDA:87,8,0,0
BRDA:87,8,1,0
BRDA:92,9,0,0
BRDA:92,9,1,0
BRDA:98,10,0,0
BRDA:98,10,1,0
BRDA:110,11,0,0
BRDA:110,11,1,0
BRDA:110,12,0,0
BRDA:110,12,1,0
BRDA:129,13,0,0
BRDA:129,13,1,0
BRDA:137,14,0,0
BRDA:137,14,1,0
BRDA:141,15,0,0
BRDA:141,15,1,0
BRDA:146,16,0,0
BRDA:146,16,1,0
BRDA:165,17,0,0
BRDA:165,17,1,0
BRDA:169,18,0,0
BRDA:169,18,1,0
BRDA:170,19,0,0
BRDA:170,19,1,0
BRDA:174,20,0,0
BRDA:174,20,1,0
BRDA:176,21,0,0
BRDA:176,21,1,0
BRDA:184,22,0,0
BRDA:184,22,1,0
BRDA:188,23,0,0
BRDA:188,23,1,0
BRDA:188,24,0,0
BRDA:188,24,1,0
BRDA:198,25,0,0
BRDA:198,25,1,0
BRDA:202,26,0,0
BRDA:202,26,1,0
BRDA:230,27,0,0
BRDA:230,27,1,0
BRDA:234,28,0,0
BRDA:234,28,1,0
BRF:62
BRH:0
end_of_record
TN:
SF:netlify/functions/csrf-token.js
FN:11,handler
FNF:1
FNH:0
FNDA:0,handler
DA:12,0
DA:13,0
DA:15,0
DA:16,0
DA:19,0
DA:20,0
DA:24,0
DA:25,0
DA:26,0
DA:30,0
DA:31,0
DA:33,0
DA:42,0
LF:13
LH:0
BRDA:12,0,0,0
BRDA:12,0,1,0
BRDA:15,1,0,0
BRDA:15,1,1,0
BRDA:19,2,0,0
BRDA:19,2,1,0
BRDA:25,3,0,0
BRDA:25,3,1,0
BRF:8
BRH:0
end_of_record
TN:
SF:netlify/functions/forms.js
FN:39,generateKeyPair
FN:57,handler
FN:148,handleListForms
FN:153,(anonymous_3)
FN:154,(anonymous_4)
FN:178,handleCreateForm
FN:194,(anonymous_6)
FN:273,handleGetForm
FN:292,handleUpdateForm
FN:404,handleDeleteForm
FN:426,handleGetStats
FN:483,(anonymous_11)
FN:490,(anonymous_12)
FN:492,(anonymous_13)
FN:506,(anonymous_14)
FN:514,handleRegenerateKeys
FNF:16
FNH:0
FNDA:0,generateKeyPair
FNDA:0,handler
FNDA:0,handleListForms
FNDA:0,(anonymous_3)
FNDA:0,(anonymous_4)
FNDA:0,handleCreateForm
FNDA:0,(anonymous_6)
FNDA:0,handleGetForm
FNDA:0,handleUpdateForm
FNDA:0,handleDeleteForm
FNDA:0,handleGetStats
FNDA:0,(anonymous_11)
FNDA:0,(anonymous_12)
FNDA:0,(anonymous_13)
FNDA:0,(anonymous_14)
FNDA:0,handleRegenerateKeys
DA:30,0
DA:40,0
DA:51,0
DA:52,0
DA:54,0
DA:58,0
DA:59,0
DA:61,0
DA:62,0
DA:66,0
DA:67,0
DA:68,0
DA:72,0
DA:73,0
DA:74,0
DA:78,0
DA:79,0
DA:80,0
DA:84,0
DA:85,0
DA:86,0
DA:88,0
DA:90,0
DA:93,0
DA:94,0
DA:98,0
DA:99,0
DA:103,0
DA:104,0
DA:108,0
DA:109,0
DA:110,0
DA:113,0
DA:114,0
DA:118,0
DA:119,0
DA:122,0
DA:123,0
DA:126,0
DA:127,0
DA:130,0
DA:131,0
DA:134,0
DA:135,0
DA:138,0
DA:140,0
DA:141,0
DA:149,0
DA:152,0
DA:153,0
DA:154,0
DA:169,0
DA:179,0
DA:180,0
DA:182,0
DA:183,0
DA:184,0
DA:188,0
DA:189,0
DA:190,0
DA:193,0
DA:194,0
DA:196,0
DA:197,0
DA:217,0
DA:220,0
DA:251,0
DA:256,0
DA:274,0
DA:293,0
DA:294,0
DA:296,0
DA:297,0
DA:299,0
DA:300,0
DA:301,0
DA:302,0
DA:304,0
DA:305,0
DA:308,0
DA:309,0
DA:310,0
DA:312,0
DA:313,0
DA:316,0
DA:317,0
DA:323,0
DA:324,0
DA:328,0
DA:329,0
DA:333,0
DA:334,0
DA:335,0
DA:336,0
DA:338,0
DA:342,0
DA:346,0
DA:347,0
DA:348,0
DA:349,0
DA:351,0
DA:355,0
DA:359,0
DA:361,0
DA:362,0
DA:363,0
DA:364,0
DA:368,0
DA:372,0
DA:375,0
DA:378,0
DA:381,0
DA:386,0
DA:406,0
DA:412,0
DA:416,0
DA:428,0
DA:431,0
DA:432,0
DA:433,0
DA:434,0
DA:437,0
DA:438,0
DA:439,0
DA:440,0
DA:441,0
DA:442,0
DA:450,0
DA:451,0
DA:452,0
DA:453,0
DA:454,0
DA:455,0
DA:457,0
DA:458,0
DA:461,0
DA:462,0
DA:463,0
DA:466,0
DA:467,0
DA:468,0
DA:469,0
DA:474,0
DA:475,0
DA:478,0
DA:479,0
DA:483,0
DA:489,0
DA:490,0
DA:492,0
DA:494,0
DA:506,0
DA:516,0
DA:519,0
DA:525,0
DA:530,0
DA:541,0
LF:157
LH:0
BRDA:58,0,0,0
BRDA:58,0,1,0
BRDA:61,1,0,0
BRDA:61,1,1,0
BRDA:67,2,0,0
BRDA:67,2,1,0
BRDA:73,3,0,0
BRDA:73,3,1,0
BRDA:79,4,0,0
BRDA:79,4,1,0
BRDA:79,5,0,0
BRDA:79,5,1,0
BRDA:93,6,0,0
BRDA:93,6,1,0
BRDA:93,7,0,0
BRDA:93,7,1,0
BRDA:98,8,0,0
BRDA:98,8,1,0
BRDA:98,9,0,0
BRDA:98,9,1,0
BRDA:103,10,0,0
BRDA:103,10,1,0
BRDA:103,11,0,0
BRDA:103,11,1,0
BRDA:109,12,0,0
BRDA:109,12,1,0
BRDA:113,13,0,0
BRDA:113,13,1,0
BRDA:118,14,0,0
BRDA:118,14,1,0
BRDA:118,15,0,0
BRDA:118,15,1,0
BRDA:122,16,0,0
BRDA:122,16,1,0
BRDA:126,17,0,0
BRDA:126,17,1,0
BRDA:130,18,0,0
BRDA:130,18,1,0
BRDA:134,19,0,0
BRDA:134,19,1,0
BRDA:134,20,0,0
BRDA:134,20,1,0
BRDA:157,21,0,0
BRDA:157,21,1,0
BRDA:160,22,0,0
BRDA:160,22,1,0
BRDA:183,23,0,0
BRDA:183,23,1,0
BRDA:189,24,0,0
BRDA:189,24,1,0
BRDA:190,25,0,0
BRDA:190,25,1,0
BRDA:196,26,0,0
BRDA:196,26,1,0
BRDA:205,27,0,0
BRDA:205,27,1,0
BRDA:207,28,0,0
BRDA:207,28,1,0
BRDA:209,29,0,0
BRDA:209,29,1,0
BRDA:225,30,0,0
BRDA:225,30,1,0
BRDA:226,31,0,0
BRDA:226,31,1,0
BRDA:227,32,0,0
BRDA:227,32,1,0
BRDA:228,33,0,0
BRDA:228,33,1,0
BRDA:231,34,0,0
BRDA:231,34,1,0
BRDA:232,35,0,0
BRDA:232,35,1,0
BRDA:233,36,0,0
BRDA:233,36,1,0
BRDA:237,37,0,0
BRDA:237,37,1,0
BRDA:238,38,0,0
BRDA:238,38,1,0
BRDA:242,39,0,0
BRDA:242,39,1,0
BRDA:243,40,0,0
BRDA:243,40,1,0
BRDA:244,41,0,0
BRDA:244,41,1,0
BRDA:278,42,0,0
BRDA:278,42,1,0
BRDA:281,43,0,0
BRDA:281,43,1,0
BRDA:299,44,0,0
BRDA:299,44,1,0
BRDA:301,45,0,0
BRDA:301,45,1,0
BRDA:308,46,0,0
BRDA:308,46,1,0
BRDA:309,47,0,0
BRDA:309,47,1,0
BRDA:316,48,0,0
BRDA:316,48,1,0
BRDA:323,49,0,0
BRDA:323,49,1,0
BRDA:323,50,0,0
BRDA:323,50,1,0
BRDA:328,51,0,0
BRDA:328,51,1,0
BRDA:328,52,0,0
BRDA:328,52,1,0
BRDA:333,53,0,0
BRDA:333,53,1,0
BRDA:335,54,0,0
BRDA:335,54,1,0
BRDA:346,55,0,0
BRDA:346,55,1,0
BRDA:348,56,0,0
BRDA:348,56,1,0
BRDA:359,57,0,0
BRDA:359,57,1,0
BRDA:361,58,0,0
BRDA:361,58,1,0
BRDA:363,59,0,0
BRDA:363,59,1,0
BRDA:390,60,0,0
BRDA:390,60,1,0
BRDA:393,61,0,0
BRDA:393,61,1,0
BRDA:458,62,0,0
BRDA:458,62,1,0
BRDA:461,63,0,0
BRDA:461,63,1,0
BRDA:462,64,0,0
BRDA:462,64,1,0
BRDA:463,65,0,0
BRDA:463,65,1,0
BRDA:467,66,0,0
BRDA:467,66,1,0
BRDA:467,67,0,0
BRDA:467,67,1,0
BRDA:474,68,0,0
BRDA:474,68,1,0
BRDA:475,69,0,0
BRDA:475,69,1,0
BRDA:478,70,0,0
BRDA:478,70,1,0
BRDA:478,70,2,0
BRDA:479,71,0,0
BRDA:479,71,1,0
BRDA:497,72,0,0
BRDA:497,72,1,0
BRDA:501,73,0,0
BRDA:501,73,1,0
BRF:149
BRH:0
end_of_record
TN:
SF:netlify/functions/health.js
FN:8,handler
FNF:1
FNH:0
FNDA:0,handler
DA:10,0
DA:11,0
DA:15,0
DA:23,0
LF:4
LH:0
BRDA:10,0,0,0
BRDA:10,0,1,0
BRF:2
BRH:0
end_of_record
TN:
SF:netlify/functions/retention-cleanup.js
FN:15,handler
FN:42,(anonymous_1)
FN:43,(anonymous_2)
FN:74,processForm
FN:99,(anonymous_4)
FN:113,(anonymous_5)
FN:118,(anonymous_6)
FN:147,chunkArray
FNF:8
FNH:0
FNDA:0,handler
FNDA:0,(anonymous_1)
FNDA:0,(anonymous_2)
FNDA:0,processForm
FNDA:0,(anonymous_4)
FNDA:0,(anonymous_5)
FNDA:0,(anonymous_6)
FNDA:0,chunkArray
DA:11,0
DA:12,0
DA:13,0
DA:16,0
DA:17,0
DA:20,0
DA:22,0
DA:23,0
DA:24,0
DA:25,0
DA:26,0
DA:29,0
DA:30,0
DA:31,0
DA:32,0
DA:35,0
DA:36,0
DA:37,0
DA:40,0
DA:42,0
DA:43,0
DA:47,0
DA:48,0
DA:49,0
DA:50,0
DA:55,0
DA:56,0
DA:59,0
DA:66,0
DA:67,0
DA:75,0
DA:76,0
DA:77,0
DA:78,0
DA:82,0
DA:83,0
DA:84,0
DA:87,0
DA:88,0
DA:92,0
DA:93,0
DA:95,0
DA:99,0
DA:101,0
DA:102,0
DA:105,0
DA:106,0
DA:110,0
DA:111,0
DA:112,0
DA:113,0
DA:118,0
DA:119,0
DA:122,0
DA:123,0
DA:130,0
DA:137,0
DA:139,0
DA:140,0
DA:148,0
DA:149,0
DA:150,0
DA:152,0
DA:156,0
LF:64
LH:0
BRDA:16,0,0,0
BRDA:16,0,1,0
BRDA:31,1,0,0
BRDA:31,1,1,0
BRDA:37,2,0,0
BRDA:37,2,1,0
BRDA:42,3,0,0
BRDA:42,3,1,0
BRDA:48,4,0,0
BRDA:48,4,1,0
BRDA:48,5,0,0
BRDA:48,5,1,0
BRDA:49,6,0,0
BRDA:49,6,1,0
BRDA:50,7,0,0
BRDA:50,7,1,0
BRDA:55,8,0,0
BRDA:55,8,1,0
BRDA:77,9,0,0
BRDA:77,9,1,0
BRDA:77,10,0,0
BRDA:77,10,1,0
BRDA:83,11,0,0
BRDA:83,11,1,0
BRDA:83,12,0,0
BRDA:83,12,1,0
BRDA:93,13,0,0
BRDA:93,13,1,0
BRDA:101,14,0,0
BRDA:101,14,1,0
BRDA:105,15,0,0
BRDA:105,15,1,0
BRDA:122,16,0,0
BRDA:122,16,1,0
BRF:34
BRH:0
end_of_record
TN:
SF:netlify/functions/save-progress.js
FN:25,generateResumeToken
FN:28,(anonymous_1)
FN:34,calculateExpiry
FN:41,handler
FN:182,updatePartialIndex
FN:199,(anonymous_5)
FNF:6
FNH:0
FNDA:0,generateResumeToken
FNDA:0,(anonymous_1)
FNDA:0,calculateExpiry
FNDA:0,handler
FNDA:0,updatePartialIndex
FNDA:0,(anonymous_5)
DA:17,0
DA:20,0
DA:26,0
DA:27,0
DA:28,0
DA:35,0
DA:36,0
DA:38,0
DA:43,0
DA:44,0
DA:51,0
DA:52,0
DA:55,0
DA:56,0
DA:60,0
DA:61,0
DA:62,0
DA:68,0
DA:69,0
DA:70,0
DA:73,0
DA:74,0
DA:78,0
DA:79,0
DA:83,0
DA:84,0
DA:85,0
DA:89,0
DA:90,0
DA:94,0
DA:95,0
DA:99,0
DA:100,0
DA:101,0
DA:105,0
DA:106,0
DA:107,0
DA:111,0
DA:112,0
DA:113,0
DA:118,0
DA:121,0
DA:124,0
DA:125,0
DA:128,0
DA:144,0
DA:147,0
DA:150,0
DA:151,0
DA:154,0
DA:155,0
DA:156,0
DA:157,0
DA:158,0
DA:160,0
DA:165,0
DA:173,0
DA:175,0
DA:183,0
DA:185,0
DA:186,0
DA:189,0
DA:195,0
DA:197,0
DA:198,0
DA:199,0
DA:201,0
DA:204,0
DA:206,0
DA:210,0
LF:70
LH:0
BRDA:35,0,0,0
BRDA:35,0,1,0
BRDA:35,1,0,0
BRDA:35,1,1,0
BRDA:43,2,0,0
BRDA:43,2,1,0
BRDA:51,3,0,0
BRDA:51,3,1,0
BRDA:55,4,0,0
BRDA:55,4,1,0
BRDA:61,5,0,0
BRDA:61,5,1,0
BRDA:73,6,0,0
BRDA:73,6,1,0
BRDA:73,7,0,0
BRDA:73,7,1,0
BRDA:78,8,0,0
BRDA:78,8,1,0
BRDA:84,9,0,0
BRDA:84,9,1,0
BRDA:89,10,0,0
BRDA:89,10,1,0
BRDA:89,11,0,0
BRDA:89,11,1,0
BRDA:94,12,0,0
BRDA:94,12,1,0
BRDA:99,13,0,0
BRDA:99,13,1,0
BRDA:100,14,0,0
BRDA:100,14,1,0
BRDA:100,15,0,0
BRDA:100,15,1,0
BRDA:100,15,2,0
BRDA:100,15,3,0
BRDA:105,16,0,0
BRDA:105,16,1,0
BRDA:105,17,0,0
BRDA:105,17,1,0
BRDA:111,18,0,0
BRDA:111,18,1,0
BRDA:111,19,0,0
BRDA:111,19,1,0
BRDA:112,20,0,0
BRDA:112,20,1,0
BRDA:124,21,0,0
BRDA:124,21,1,0
BRDA:132,22,0,0
BRDA:132,22,1,0
BRDA:136,23,0,0
BRDA:136,23,1,0
BRDA:137,24,0,0
BRDA:137,24,1,0
BRDA:138,25,0,0
BRDA:138,25,1,0
BRDA:150,26,0,0
BRDA:150,26,1,0
BRDA:155,27,0,0
BRDA:155,27,1,0
BRDA:155,28,0,0
BRDA:155,28,1,0
BRDA:186,29,0,0
BRDA:186,29,1,0
BRDA:195,30,0,0
BRDA:195,30,1,0
BRF:64
BRH:0
end_of_record
TN:
SF:netlify/functions/server.js
FN:21,loadFunctions
FN:42,parseBody
FN:43,(anonymous_2)
FN:45,(anonymous_3)
FN:46,(anonymous_4)
FN:58,(anonymous_5)
FN:101,(anonymous_6)
FN:110,(anonymous_7)
FN:127,parseCookies
FN:129,(anonymous_9)
FN:137,start
FN:140,(anonymous_11)
FN:148,(anonymous_12)
FN:150,(anonymous_13)
FN:156,(anonymous_14)
FN:158,(anonymous_15)
FN:165,(anonymous_16)
FNF:17
FNH:0
FNDA:0,loadFunctions
FNDA:0,parseBody
FNDA:0,(anonymous_2)
FNDA:0,(anonymous_3)
FNDA:0,(anonymous_4)
FNDA:0,(anonymous_5)
FNDA:0,(anonymous_6)
FNDA:0,(anonymous_7)
FNDA:0,parseCookies
FNDA:0,(anonymous_9)
FNDA:0,start
FNDA:0,(anonymous_11)
FNDA:0,(anonymous_12)
FNDA:0,(anonymous_13)
FNDA:0,(anonymous_14)
FNDA:0,(anonymous_15)
FNDA:0,(anonymous_16)
DA:11,0
DA:12,0
DA:14,0
DA:15,0
DA:18,0
DA:22,0
DA:24,0
DA:25,0
DA:26,0
DA:27,0
DA:28,0
DA:30,0
DA:31,0
DA:32,0
DA:35,0
DA:43,0
DA:44,0
DA:45,0
DA:46,0
DA:47,0
DA:48,0
DA:50,0
DA:53,0
DA:58,0
DA:59,0
DA:60,0
DA:63,0
DA:64,0
DA:66,0
DA:67,0
DA:69,0
DA:70,0
DA:71,0
DA:74,0
DA:75,0
DA:76,0
DA:77,0
DA:81,0
DA:83,0
DA:84,0
DA:85,0
DA:86,0
DA:89,0
DA:91,0
DA:92,0
DA:93,0
DA:97,0
DA:101,0
DA:105,0
DA:110,0
DA:114,0
DA:115,0
DA:117,0
DA:118,0
DA:119,0
DA:128,0
DA:129,0
DA:130,0
DA:131,0
DA:133,0
DA:138,0
DA:140,0
DA:141,0
DA:142,0
DA:143,0
DA:148,0
DA:149,0
DA:150,0
DA:151,0
DA:152,0
DA:156,0
DA:157,0
DA:158,0
DA:159,0
DA:160,0
DA:165,0
DA:166,0
DA:167,0
LF:78
LH:0
BRDA:14,0,0,0
BRDA:14,0,1,0
BRDA:15,1,0,0
BRDA:15,1,1,0
BRDA:25,2,0,0
BRDA:25,2,1,0
BRDA:25,3,0,0
BRDA:25,3,1,0
BRDA:30,4,0,0
BRDA:30,4,1,0
BRDA:30,5,0,0
BRDA:30,5,1,0
BRDA:48,6,0,0
BRDA:48,6,1,0
BRDA:63,7,0,0
BRDA:63,7,1,0
BRDA:66,8,0,0
BRDA:66,8,1,0
BRDA:66,9,0,0
BRDA:66,9,1,0
BRDA:66,9,2,0
BRDA:74,10,0,0
BRDA:74,10,1,0
BRDA:83,11,0,0
BRDA:83,11,1,0
BRDA:92,12,0,0
BRDA:92,12,1,0
BRDA:99,13,0,0
BRDA:99,13,1,0
BRDA:114,14,0,0
BRDA:114,14,1,0
BRDA:114,15,0,0
BRDA:114,15,1,0
BRDA:121,16,0,0
BRDA:121,16,1,0
BRDA:131,17,0,0
BRDA:131,17,1,0
BRDA:143,18,0,0
BRDA:143,18,1,0
BRF:39
BRH:0
end_of_record
TN:
SF:netlify/functions/stripe-webhook.js
FN:23,handler
FN:92,handleSubscriptionCreated
FN:128,handleSubscriptionUpdated
FN:164,handleSubscriptionDeleted
FN:196,handleInvoicePaid
FN:218,handlePaymentFailed
FN:246,handleCheckoutCompleted
FN:274,getUserByStripeCustomer
FNF:8
FNH:0
FNDA:0,handler
FNDA:0,handleSubscriptionCreated
FNDA:0,handleSubscriptionUpdated
FNDA:0,handleSubscriptionDeleted
FNDA:0,handleInvoicePaid
FNDA:0,handlePaymentFailed
FNDA:0,handleCheckoutCompleted
FNDA:0,getUserByStripeCustomer
DA:25,0
DA:26,0
DA:29,0
DA:31,0
DA:32,0
DA:37,0
DA:39,0
DA:40,0
DA:42,0
DA:43,0
DA:46,0
DA:47,0
DA:50,0
DA:51,0
DA:53,0
DA:54,0
DA:57,0
DA:58,0
DA:61,0
DA:62,0
DA:65,0
DA:66,0
DA:69,0
DA:70,0
DA:73,0
DA:74,0
DA:77,0
DA:78,0
DA:82,0
DA:84,0
DA:85,0
DA:93,0
DA:94,0
DA:95,0
DA:96,0
DA:99,0
DA:100,0
DA:101,0
DA:102,0
DA:105,0
DA:107,0
DA:114,0
DA:120,0
DA:121,0
DA:129,0
DA:130,0
DA:131,0
DA:132,0
DA:135,0
DA:136,0
DA:138,0
DA:147,0
DA:148,0
DA:156,0
DA:157,0
DA:165,0
DA:166,0
DA:167,0
DA:168,0
DA:171,0
DA:174,0
DA:182,0
DA:188,0
DA:189,0
DA:197,0
DA:198,0
DA:200,0
DA:201,0
DA:203,0
DA:210,0
DA:211,0
DA:219,0
DA:220,0
DA:222,0
DA:226,0
DA:234,0
DA:235,0
DA:247,0
DA:248,0
DA:250,0
DA:251,0
DA:252,0
DA:258,0
DA:266,0
DA:267,0
DA:279,0
DA:280,0
DA:281,0
DA:283,0
DA:284,0
DA:285,0
DA:289,0
DA:290,0
DA:293,0
DA:296,0
LF:95
LH:0
BRDA:25,0,0,0
BRDA:25,0,1,0
BRDA:31,1,0,0
BRDA:31,1,1,0
BRDA:46,2,0,0
BRDA:46,2,1,0
BRDA:51,3,0,0
BRDA:51,3,1,0
BRDA:51,3,2,0
BRDA:51,3,3,0
BRDA:51,3,4,0
BRDA:51,3,5,0
BRDA:51,3,6,0
BRDA:77,4,0,0
BRDA:77,4,1,0
BRDA:94,5,0,0
BRDA:94,5,1,0
BRDA:100,6,0,0
BRDA:100,6,1,0
BRDA:120,7,0,0
BRDA:120,7,1,0
BRDA:130,8,0,0
BRDA:130,8,1,0
BRDA:147,9,0,0
BRDA:147,9,1,0
BRDA:156,10,0,0
BRDA:156,10,1,0
BRDA:166,11,0,0
BRDA:166,11,1,0
BRDA:188,12,0,0
BRDA:188,12,1,0
BRDA:198,13,0,0
BRDA:198,13,1,0
BRDA:201,14,0,0
BRDA:201,14,1,0
BRDA:210,15,0,0
BRDA:210,15,1,0
BRDA:220,16,0,0
BRDA:220,16,1,0
BRDA:234,17,0,0
BRDA:234,17,1,0
BRDA:250,18,0,0
BRDA:250,18,1,0
BRDA:250,19,0,0
BRDA:250,19,1,0
BRDA:266,20,0,0
BRDA:266,20,1,0
BRDA:283,21,0,0
BRDA:283,21,1,0
BRDA:289,22,0,0
BRDA:289,22,1,0
BRF:51
BRH:0
end_of_record
TN:
SF:netlify/functions/submissions.js
FN:16,handler
FN:80,handleGetSingle
FN:97,handleList
FN:110,(anonymous_3)
FN:137,handleDeleteSingle
FN:162,handleDeleteAll
FNF:6
FNH:0
FNDA:0,handler
FNDA:0,handleGetSingle
FNDA:0,handleList
FNDA:0,(anonymous_3)
FNDA:0,handleDeleteSingle
FNDA:0,handleDeleteAll
DA:17,0
DA:18,0
DA:20,0
DA:21,0
DA:25,0
DA:26,0
DA:27,0
DA:31,0
DA:32,0
DA:33,0
DA:37,0
DA:38,0
DA:39,0
DA:42,0
DA:43,0
DA:47,0
DA:48,0
DA:49,0
DA:52,0
DA:53,0
DA:56,0
DA:58,0
DA:59,0
DA:64,0
DA:65,0
DA:70,0
DA:72,0
DA:73,0
DA:82,0
DA:83,0
DA:86,0
DA:87,0
DA:88,0
DA:91,0
DA:98,0
DA:99,0
DA:100,0
DA:101,0
DA:103,0
DA:106,0
DA:107,0
DA:108,0
DA:110,0
DA:111,0
DA:112,0
DA:117,0
DA:118,0
DA:119,0
DA:123,0
DA:127,0
DA:139,0
DA:140,0
DA:144,0
DA:145,0
DA:146,0
DA:149,0
DA:152,0
DA:156,0
DA:163,0
DA:166,0
DA:168,0
DA:171,0
LF:62
LH:0
BRDA:17,0,0,0
BRDA:17,0,1,0
BRDA:20,1,0,0
BRDA:20,1,1,0
BRDA:26,2,0,0
BRDA:26,2,1,0
BRDA:32,3,0,0
BRDA:32,3,1,0
BRDA:42,4,0,0
BRDA:42,4,1,0
BRDA:48,5,0,0
BRDA:48,5,1,0
BRDA:52,6,0,0
BRDA:52,6,1,0
BRDA:58,7,0,0
BRDA:58,7,1,0
BRDA:59,8,0,0
BRDA:59,8,1,0
BRDA:64,9,0,0
BRDA:64,9,1,0
BRDA:65,10,0,0
BRDA:65,10,1,0
BRDA:82,11,0,0
BRDA:82,11,1,0
BRDA:87,12,0,0
BRDA:87,12,1,0
BRDA:98,13,0,0
BRDA:98,13,1,0
BRDA:99,14,0,0
BRDA:99,14,1,0
BRDA:106,15,0,0
BRDA:106,15,1,0
BRDA:106,16,0,0
BRDA:106,16,1,0
BRDA:107,17,0,0
BRDA:107,17,1,0
BRDA:108,18,0,0
BRDA:108,18,1,0
BRDA:111,19,0,0
BRDA:111,19,1,0
BRDA:112,20,0,0
BRDA:112,20,1,0
BRDA:118,21,0,0
BRDA:118,21,1,0
BRDA:123,22,0,0
BRDA:123,22,1,0
BRDA:123,23,0,0
BRDA:123,23,1,0
BRDA:139,24,0,0
BRDA:139,24,1,0
BRDA:145,25,0,0
BRDA:145,25,1,0
BRDA:153,26,0,0
BRDA:153,26,1,0
BRF:54
BRH:0
end_of_record
TN:
SF:netlify/functions/submit.js
FN:23,handler
FN:254,(anonymous_1)
FN:284,updateIndex
FN:311,verifyRecaptcha
FNF:4
FNH:0
FNDA:0,handler
FNDA:0,(anonymous_1)
FNDA:0,updateIndex
FNDA:0,verifyRecaptcha
DA:16,0
DA:25,0
DA:26,0
DA:33,0
DA:34,0
DA:37,0
DA:38,0
DA:42,0
DA:43,0
DA:44,0
DA:51,0
DA:52,0
DA:54,0
DA:55,0
DA:58,0
DA:60,0
DA:63,0
DA:64,0
DA:65,0
DA:68,0
DA:69,0
DA:72,0
DA:73,0
DA:79,0
DA:80,0
DA:87,0
DA:88,0
DA:89,0
DA:90,0
DA:91,0
DA:93,0
DA:97,0
DA:107,0
DA:112,0
DA:113,0
DA:120,0
DA:121,0
DA:122,0
DA:129,0
DA:130,0
DA:137,0
DA:138,0
DA:139,0
DA:146,0
DA:147,0
DA:150,0
DA:151,0
DA:154,0
DA:156,0
DA:157,0
DA:162,0
DA:163,0
DA:164,0
DA:165,0
DA:167,0
DA:168,0
DA:171,0
DA:172,0
DA:173,0
DA:177,0
DA:179,0
DA:180,0
DA:181,0
DA:188,0
DA:189,0
DA:190,0
DA:191,0
DA:192,0
DA:205,0
DA:206,0
DA:207,0
DA:215,0
DA:216,0
DA:217,0
DA:221,0
DA:224,0
DA:240,0
DA:243,0
DA:246,0
DA:253,0
DA:254,0
DA:255,0
DA:260,0
DA:267,0
DA:268,0
DA:271,0
DA:273,0
DA:275,0
DA:285,0
DA:287,0
DA:288,0
DA:291,0
DA:297,0
DA:298,0
DA:301,0
DA:303,0
DA:312,0
DA:313,0
DA:321,0
DA:325,0
DA:326,0
DA:333,0
DA:334,0
DA:335,0
DA:341,0
DA:346,0
DA:347,0
DA:354,0
LF:108
LH:0
BRDA:25,0,0,0
BRDA:25,0,1,0
BRDA:33,1,0,0
BRDA:33,1,1,0
BRDA:37,2,0,0
BRDA:37,2,1,0
BRDA:43,3,0,0
BRDA:43,3,1,0
BRDA:54,4,0,0
BRDA:54,4,1,0
BRDA:54,5,0,0
BRDA:54,5,1,0
BRDA:64,6,0,0
BRDA:64,6,1,0
BRDA:72,7,0,0
BRDA:72,7,1,0
BRDA:72,8,0,0
BRDA:72,8,1,0
BRDA:72,8,2,0
BRDA:79,9,0,0
BRDA:79,9,1,0
BRDA:88,10,0,0
BRDA:88,10,1,0
BRDA:91,11,0,0
BRDA:91,11,1,0
BRDA:112,12,0,0
BRDA:112,12,1,0
BRDA:121,13,0,0
BRDA:121,13,1,0
BRDA:129,14,0,0
BRDA:129,14,1,0
BRDA:129,15,0,0
BRDA:129,15,1,0
BRDA:132,16,0,0
BRDA:132,16,1,0
BRDA:137,17,0,0
BRDA:137,17,1,0
BRDA:137,18,0,0
BRDA:137,18,1,0
BRDA:138,19,0,0
BRDA:138,19,1,0
BRDA:146,20,0,0
BRDA:146,20,1,0
BRDA:150,21,0,0
BRDA:150,21,1,0
BRDA:154,22,0,0
BRDA:154,22,1,0
BRDA:162,23,0,0
BRDA:162,23,1,0
BRDA:165,24,0,0
BRDA:165,24,1,0
BRDA:167,25,0,0
BRDA:167,25,1,0
BRDA:171,26,0,0
BRDA:171,26,1,0
BRDA:179,27,0,0
BRDA:179,27,1,0
BRDA:189,28,0,0
BRDA:189,28,1,0
BRDA:190,29,0,0
BRDA:190,29,1,0
BRDA:191,30,0,0
BRDA:191,30,1,0
BRDA:205,31,0,0
BRDA:205,31,1,0
BRDA:206,32,0,0
BRDA:206,32,1,0
BRDA:206,33,0,0
BRDA:206,33,1,0
BRDA:206,33,2,0
BRDA:206,33,3,0
BRDA:215,34,0,0
BRDA:215,34,1,0
BRDA:215,35,0,0
BRDA:215,35,1,0
BRDA:228,36,0,0
BRDA:228,36,1,0
BRDA:231,37,0,0
BRDA:231,37,1,0
BRDA:232,38,0,0
BRDA:232,38,1,0
BRDA:233,39,0,0
BRDA:233,39,1,0
BRDA:234,40,0,0
BRDA:234,40,1,0
BRDA:247,41,0,0
BRDA:247,41,1,0
BRDA:253,42,0,0
BRDA:253,42,1,0
BRDA:267,43,0,0
BRDA:267,43,1,0
BRDA:288,44,0,0
BRDA:288,44,1,0
BRDA:297,45,0,0
BRDA:297,45,1,0
BRDA:311,46,0,0
BRDA:325,47,0,0
BRDA:325,47,1,0
BRDA:328,48,0,0
BRDA:328,48,1,0
BRDA:333,49,0,0
BRDA:333,49,1,0
BRDA:334,50,0,0
BRDA:334,50,1,0
BRF:104
BRH:0
end_of_record
TN:
SF:netlify/functions/lib/audit.js
FN:58,logAudit
FN:110,getAuditLogs
FN:119,(anonymous_2)
FN:127,(anonymous_3)
FN:137,(anonymous_4)
FN:153,getFormAuditLogs
FN:156,(anonymous_6)
FN:170,getAuditContext
FNF:8
FNH:0
FNDA:0,logAudit
FNDA:0,getAuditLogs
FNDA:0,(anonymous_2)
FNDA:0,(anonymous_3)
FNDA:0,(anonymous_4)
FNDA:0,getFormAuditLogs
FNDA:0,(anonymous_6)
FNDA:0,getAuditContext
DA:8,0
DA:11,0
DA:59,0
DA:61,0
DA:76,0
DA:79,0
DA:80,0
DA:81,0
DA:82,0
DA:84,0
DA:87,0
DA:94,0
DA:95,0
DA:98,0
DA:100,0
DA:111,0
DA:113,0
DA:114,0
DA:115,0
DA:118,0
DA:119,0
DA:122,0
DA:123,0
DA:126,0
DA:128,0
DA:129,0
DA:131,0
DA:136,0
DA:137,0
DA:143,0
DA:154,0
DA:156,0
DA:157,0
DA:161,0
DA:171,0
LF:35
LH:0
BRDA:58,0,0,0
BRDA:58,1,0,0
BRDA:67,2,0,0
BRDA:67,2,1,0
BRDA:68,3,0,0
BRDA:68,3,1,0
BRDA:69,4,0,0
BRDA:69,4,1,0
BRDA:82,5,0,0
BRDA:82,5,1,0
BRDA:94,6,0,0
BRDA:94,6,1,0
BRDA:110,7,0,0
BRDA:110,8,0,0
BRDA:110,9,0,0
BRDA:115,10,0,0
BRDA:115,10,1,0
BRDA:118,11,0,0
BRDA:118,11,1,0
BRDA:119,12,0,0
BRDA:119,12,1,0
BRDA:153,13,0,0
BRDA:157,14,0,0
BRDA:157,14,1,0
BRDA:170,15,0,0
BRDA:172,16,0,0
BRDA:172,16,1,0
BRDA:172,16,2,0
BRDA:175,17,0,0
BRDA:175,17,1,0
BRDA:176,18,0,0
BRDA:176,18,1,0
BRDA:177,19,0,0
BRDA:177,19,1,0
BRF:34
BRH:0
end_of_record
TN:
SF:netlify/functions/lib/auth.js
FN:24,validatePassword
FN:51,hashPassword
FN:56,verifyPassword
FN:61,createToken
FN:72,verifyToken
FN:94,getTokenFromHeader
FN:105,authenticateRequest
FN:120,generateApiKey
FN:123,(anonymous_8)
FN:129,revokeToken
FNF:10
FNH:0
FNDA:0,validatePassword
FNDA:0,hashPassword
FNDA:0,verifyPassword
FNDA:0,createToken
FNDA:0,verifyToken
FNDA:0,getTokenFromHeader
FNDA:0,authenticateRequest
FNDA:0,generateApiKey
FNDA:0,(anonymous_8)
FNDA:0,revokeToken
DA:6,0
DA:7,0
DA:8,0
DA:12,0
DA:15,0
DA:25,0
DA:27,0
DA:28,0
DA:30,0
DA:31,0
DA:33,0
DA:34,0
DA:36,0
DA:37,0
DA:39,0
DA:40,0
DA:43,0
DA:52,0
DA:57,0
DA:62,0
DA:73,0
DA:75,0
DA:82,0
DA:83,0
DA:84,0
DA:87,0
DA:89,0
DA:95,0
DA:96,0
DA:98,0
DA:99,0
DA:101,0
DA:106,0
DA:107,0
DA:108,0
DA:111,0
DA:112,0
DA:113,0
DA:116,0
DA:121,0
DA:122,0
DA:123,0
DA:125,0
DA:130,0
LF:44
LH:0
BRDA:7,0,0,0
BRDA:7,0,1,0
BRDA:27,1,0,0
BRDA:27,1,1,0
BRDA:27,2,0,0
BRDA:27,2,1,0
BRDA:30,3,0,0
BRDA:30,3,1,0
BRDA:30,4,0,0
BRDA:30,4,1,0
BRDA:33,5,0,0
BRDA:33,5,1,0
BRDA:33,6,0,0
BRDA:33,6,1,0
BRDA:36,7,0,0
BRDA:36,7,1,0
BRDA:36,8,0,0
BRDA:36,8,1,0
BRDA:39,9,0,0
BRDA:39,9,1,0
BRDA:39,10,0,0
BRDA:39,10,1,0
BRDA:83,11,0,0
BRDA:83,11,1,0
BRDA:95,12,0,0
BRDA:95,12,1,0
BRDA:96,13,0,0
BRDA:96,13,1,0
BRDA:99,14,0,0
BRDA:99,14,1,0
BRDA:99,15,0,0
BRDA:99,15,1,0
BRDA:107,16,0,0
BRDA:107,16,1,0
BRDA:112,17,0,0
BRDA:112,17,1,0
BRDA:121,18,0,0
BRDA:121,18,1,0
BRF:38
BRH:0
end_of_record
TN:
SF:netlify/functions/lib/cors.js
FN:11,(anonymous_0)
FN:26,getCorsHeaders
FN:55,handlePreflight
FN:64,isOriginAllowed
FN:72,getAllowedOrigins
FNF:5
FNH:0
FNDA:0,(anonymous_0)
FNDA:0,getCorsHeaders
FNDA:0,handlePreflight
FNDA:0,isOriginAllowed
FNDA:0,getAllowedOrigins
DA:7,0
DA:10,0
DA:11,0
DA:31,0
DA:35,0
DA:36,0
DA:41,0
DA:56,0
DA:65,0
DA:73,0
LF:10
LH:0
BRDA:10,0,0,0
BRDA:10,0,1,0
BRDA:26,1,0,0
BRDA:28,2,0,0
BRDA:29,3,0,0
BRDA:30,4,0,0
BRDA:35,5,0,0
BRDA:35,5,1,0
BRDA:45,6,0,0
BRDA:45,6,1,0
BRF:10
BRH:0
end_of_record
TN:
SF:netlify/functions/lib/csrf.js
FN:10,generateCsrfToken
FN:13,(anonymous_1)
FN:26,validateCsrfToken
FN:58,createCsrfCookie
FN:86,getCsrfHeaders
FNF:5
FNH:5
FNDA:119,generateCsrfToken
FNDA:3808,(anonymous_1)
FNDA:1009,validateCsrfToken
FNDA:8,createCsrfCookie
FNDA:2,getCsrfHeaders
DA:11,119
DA:12,119
DA:13,3808
DA:28,1009
DA:29,1009
DA:30,1009
DA:33,1009
DA:36,1009
DA:37,4
DA:41,1005
DA:42,1
DA:45,1004
DA:46,1004
DA:47,64256
DA:50,1004
DA:59,8
DA:60,8
DA:62,8
DA:70,8
DA:71,1
DA:74,8
DA:75,1
DA:78,8
DA:87,2
LF:24
LH:24
BRDA:28,0,0,1009
BRDA:28,0,1,2
BRDA:30,1,0,1006
BRDA:30,1,1,3
BRDA:36,2,0,4
BRDA:36,2,1,1005
BRDA:36,3,0,1009
BRDA:36,3,1,1006
BRDA:41,4,0,1
BRDA:41,4,1,1004
BRDA:60,5,0,8
BRDA:60,5,1,7
BRDA:70,6,0,1
BRDA:70,6,1,7
BRDA:74,7,0,1
BRDA:74,7,1,7
BRF:16
BRH:16
end_of_record
TN:
SF:netlify/functions/lib/email-rate-limit.js
FN:37,checkEmailRateLimit
FN:61,(anonymous_1)
FN:106,getEmailRateLimitHeaders
FN:122,resetEmailRateLimit
FN:137,getEmailRateLimitStatus
FN:158,(anonymous_5)
FN:167,(anonymous_6)
FNF:7
FNH:0
FNDA:0,checkEmailRateLimit
FNDA:0,(anonymous_1)
FNDA:0,getEmailRateLimitHeaders
FNDA:0,resetEmailRateLimit
FNDA:0,getEmailRateLimitStatus
FNDA:0,(anonymous_5)
FNDA:0,(anonymous_6)
DA:13,0
DA:14,0
DA:17,0
DA:38,0
DA:39,0
DA:40,0
DA:43,0
DA:44,0
DA:46,0
DA:48,0
DA:49,0
DA:52,0
DA:53,0
DA:61,0
DA:64,0
DA:65,0
DA:66,0
DA:68,0
DA:78,0
DA:79,0
DA:82,0
DA:84,0
DA:90,0
DA:94,0
DA:107,0
DA:109,0
DA:123,0
DA:124,0
DA:126,0
DA:127,0
DA:128,0
DA:130,0
DA:138,0
DA:139,0
DA:140,0
DA:142,0
DA:143,0
DA:144,0
DA:146,0
DA:147,0
DA:158,0
DA:160,0
DA:167,0
DA:170,0
LF:44
LH:0
BRDA:39,0,0,0
BRDA:39,0,1,0
BRDA:52,1,0,0
BRDA:52,1,1,0
BRDA:52,2,0,0
BRDA:52,2,1,0
BRDA:64,3,0,0
BRDA:64,3,1,0
BRDA:113,4,0,0
BRDA:113,4,1,0
BRDA:146,5,0,0
BRDA:146,5,1,0
BRDA:146,6,0,0
BRDA:146,6,1,0
BRF:14
BRH:0
end_of_record
TN:
SF:netlify/functions/lib/email.js
FN:11,getPasswordResetEmailHtml
FN:71,getPasswordResetEmailText
FN:90,getWelcomeEmailHtml
FN:154,getWelcomeEmailText
FN:176,sendViaResend
FN:197,sendPasswordResetEmail
FN:220,sendWelcomeEmail
FN:243,getEmailVerificationHtml
FN:303,getEmailVerificationText
FN:322,sendEmailVerification
FN:345,getSubmissionNotificationHtml
FN:359,(anonymous_11)
FN:453,getSubmissionNotificationText
FN:467,(anonymous_13)
FN:490,escapeHtml
FN:501,getResumeEmailHtml
FN:561,getResumeEmailText
FN:578,sendResumeEmail
FN:601,sendSubmissionNotification
FN:614,(anonymous_19)
FN:617,(anonymous_20)
FN:618,(anonymous_21)
FNF:22
FNH:0
FNDA:0,getPasswordResetEmailHtml
FNDA:0,getPasswordResetEmailText
FNDA:0,getWelcomeEmailHtml
FNDA:0,getWelcomeEmailText
FNDA:0,sendViaResend
FNDA:0,sendPasswordResetEmail
FNDA:0,sendWelcomeEmail
FNDA:0,getEmailVerificationHtml
FNDA:0,getEmailVerificationText
FNDA:0,sendEmailVerification
FNDA:0,getSubmissionNotificationHtml
FNDA:0,(anonymous_11)
FNDA:0,getSubmissionNotificationText
FNDA:0,(anonymous_13)
FNDA:0,escapeHtml
FNDA:0,getResumeEmailHtml
FNDA:0,getResumeEmailText
FNDA:0,sendResumeEmail
FNDA:0,sendSubmissionNotification
FNDA:0,(anonymous_19)
FNDA:0,(anonymous_20)
FNDA:0,(anonymous_21)
DA:4,0
DA:6,0
DA:7,0
DA:8,0
DA:12,0
DA:72,0
DA:91,0
DA:155,0
DA:177,0
DA:178,0
DA:181,0
DA:189,0
DA:190,0
DA:193,0
DA:198,0
DA:199,0
DA:200,0
DA:202,0
DA:203,0
DA:204,0
DA:205,0
DA:206,0
DA:208,0
DA:209,0
DA:214,0
DA:215,0
DA:216,0
DA:221,0
DA:222,0
DA:223,0
DA:225,0
DA:226,0
DA:227,0
DA:228,0
DA:229,0
DA:231,0
DA:233,0
DA:238,0
DA:239,0
DA:244,0
DA:304,0
DA:323,0
DA:324,0
DA:325,0
DA:327,0
DA:328,0
DA:329,0
DA:330,0
DA:331,0
DA:333,0
DA:334,0
DA:339,0
DA:340,0
DA:341,0
DA:346,0
DA:356,0
DA:357,0
DA:358,0
DA:359,0
DA:370,0
DA:380,0
DA:454,0
DA:464,0
DA:465,0
DA:466,0
DA:467,0
DA:470,0
DA:473,0
DA:491,0
DA:492,0
DA:502,0
DA:562,0
DA:579,0
DA:580,0
DA:581,0
DA:583,0
DA:584,0
DA:585,0
DA:586,0
DA:587,0
DA:589,0
DA:590,0
DA:595,0
DA:596,0
DA:597,0
DA:602,0
DA:603,0
DA:606,0
DA:607,0
DA:608,0
DA:609,0
DA:611,0
DA:612,0
DA:613,0
DA:614,0
DA:617,0
DA:618,0
DA:620,0
DA:622,0
DA:629,0
DA:630,0
DA:635,0
DA:636,0
DA:637,0
LF:104
LH:0
BRDA:4,0,0,0
BRDA:4,0,1,0
BRDA:6,1,0,0
BRDA:6,1,1,0
BRDA:8,2,0,0
BRDA:8,2,1,0
BRDA:177,3,0,0
BRDA:177,3,1,0
BRDA:189,4,0,0
BRDA:189,4,1,0
BRDA:202,5,0,0
BRDA:202,5,1,0
BRDA:225,6,0,0
BRDA:225,6,1,0
BRDA:327,7,0,0
BRDA:327,7,1,0
BRDA:357,8,0,0
BRDA:357,8,1,0
BRDA:357,9,0,0
BRDA:357,9,1,0
BRDA:417,10,0,0
BRDA:417,10,1,0
BRDA:465,11,0,0
BRDA:465,11,1,0
BRDA:465,12,0,0
BRDA:465,12,1,0
BRDA:491,13,0,0
BRDA:491,13,1,0
BRDA:491,14,0,0
BRDA:491,14,1,0
BRDA:583,15,0,0
BRDA:583,15,1,0
BRDA:601,16,0,0
BRDA:601,17,0,0
BRDA:602,18,0,0
BRDA:602,18,1,0
BRDA:602,19,0,0
BRDA:602,19,1,0
BRDA:611,20,0,0
BRDA:611,20,1,0
BRF:40
BRH:0
end_of_record
TN:
SF:netlify/functions/lib/errors.js
FN:288,createError
FN:307,errorResponse
FN:326,validationErrorResponse
FN:346,getErrorDefinition
FNF:4
FNH:0
FNDA:0,createError
FNDA:0,errorResponse
FNDA:0,validationErrorResponse
FNDA:0,getErrorDefinition
DA:9,0
DA:67,0
DA:289,0
DA:291,0
DA:308,0
DA:309,0
DA:311,0
DA:327,0
DA:347,0
LF:9
LH:0
BRDA:288,0,0,0
BRDA:289,1,0,0
BRDA:289,1,1,0
BRDA:292,2,0,0
BRDA:292,2,1,0
BRDA:294,3,0,0
BRDA:294,3,1,0
BRDA:295,4,0,0
BRDA:295,4,1,0
BRDA:296,5,0,0
BRDA:296,5,1,0
BRDA:307,6,0,0
BRDA:308,7,0,0
BRDA:308,7,1,0
BRDA:312,8,0,0
BRDA:312,8,1,0
BRDA:347,9,0,0
BRDA:347,9,1,0
BRF:18
BRH:0
end_of_record
TN:
SF:netlify/functions/lib/idempotency.js
FN:27,checkIdempotencyKey
FN:78,storeIdempotencyKey
FN:107,addToIdempotencyIndex
FN:134,isValidIdempotencyKey
FN:151,getIdempotencyKeyFromRequest
FN:158,getIdempotencyHeaders
FN:173,cleanupExpiredIdempotencyKeys
FN:194,(anonymous_7)
FN:209,getIdempotencyStats
FN:217,(anonymous_9)
FN:225,(anonymous_10)
FNF:11
FNH:11
FNDA:23,checkIdempotencyKey
FNDA:10,storeIdempotencyKey
FNDA:8,addToIdempotencyIndex
FNDA:22,isValidIdempotencyKey
FNDA:4,getIdempotencyKeyFromRequest
FNDA:4,getIdempotencyHeaders
FNDA:6,cleanupExpiredIdempotencyKeys
FNDA:5,(anonymous_7)
FNDA:4,getIdempotencyStats
FNDA:3,(anonymous_9)
FNDA:2,(anonymous_10)
DA:17,1
DA:18,1
DA:28,23
DA:29,1
DA:33,22
DA:34,3
DA:37,19
DA:38,19
DA:40,19
DA:41,19
DA:43,18
DA:44,13
DA:47,5
DA:48,5
DA:51,5
DA:53,2
DA:54,2
DA:58,3
DA:65,1
DA:67,1
DA:79,10
DA:80,1
DA:83,9
DA:84,9
DA:86,9
DA:93,9
DA:94,9
DA:97,8
DA:99,1
DA:108,8
DA:109,8
DA:111,8
DA:112,8
DA:115,7
DA:121,7
DA:122,1
DA:125,7
DA:127,1
DA:135,22
DA:136,0
DA:140,22
DA:141,2
DA:145,20
DA:152,4
DA:159,4
DA:160,1
DA:163,3
DA:174,6
DA:175,6
DA:176,6
DA:178,6
DA:180,6
DA:181,5
DA:182,5
DA:184,4
DA:185,3
DA:186,5
DA:187,5
DA:188,3
DA:189,3
DA:194,5
DA:195,3
DA:199,5
DA:201,1
DA:202,1
DA:210,4
DA:211,4
DA:213,4
DA:214,4
DA:215,3
DA:217,3
DA:218,3
DA:220,3
DA:225,2
DA:228,1
LF:75
LH:74
BRDA:28,0,0,1
BRDA:28,0,1,22
BRDA:33,1,0,3
BRDA:33,1,1,19
BRDA:43,2,0,13
BRDA:43,2,1,5
BRDA:51,3,0,2
BRDA:51,3,1,3
BRDA:79,4,0,1
BRDA:79,4,1,9
BRDA:112,5,0,8
BRDA:112,5,1,1
BRDA:121,6,0,1
BRDA:121,6,1,6
BRDA:135,7,0,0
BRDA:135,7,1,22
BRDA:140,8,0,2
BRDA:140,8,1,20
BRDA:140,9,0,22
BRDA:140,9,1,21
BRDA:152,10,0,4
BRDA:152,10,1,2
BRDA:152,10,2,1
BRDA:159,11,0,1
BRDA:159,11,1,3
BRDA:173,12,0,1
BRDA:180,13,0,5
BRDA:180,13,1,1
BRDA:184,14,0,3
BRDA:184,14,1,1
BRDA:187,15,0,3
BRDA:187,15,1,2
BRDA:214,16,0,4
BRDA:214,16,1,1
BRDA:225,17,0,1
BRDA:225,17,1,2
BRF:36
BRH:35
end_of_record
TN:
SF:netlify/functions/lib/key-utils.js
FN:13,validateJWK
FN:48,validateKeyPassword
FN:79,keyErrorResponse
FN:88,validateKeyBundle
FNF:4
FNH:0
FNDA:0,validateJWK
FNDA:0,validateKeyPassword
FNDA:0,keyErrorResponse
FNDA:0,validateKeyBundle
DA:14,0
DA:15,0
DA:22,0
DA:23,0
DA:24,0
DA:25,0
DA:33,0
DA:34,0
DA:40,0
DA:49,0
DA:50,0
DA:56,0
DA:57,0
DA:69,0
DA:80,0
DA:89,0
DA:90,0
DA:96,0
DA:97,0
DA:98,0
DA:99,0
DA:107,0
DA:108,0
DA:115,0
DA:116,0
DA:122,0
LF:26
LH:0
BRDA:14,0,0,0
BRDA:14,0,1,0
BRDA:14,1,0,0
BRDA:14,1,1,0
BRDA:24,2,0,0
BRDA:24,2,1,0
BRDA:33,3,0,0
BRDA:33,3,1,0
BRDA:49,4,0,0
BRDA:49,4,1,0
BRDA:49,5,0,0
BRDA:49,5,1,0
BRDA:56,6,0,0
BRDA:56,6,1,0
BRDA:79,7,0,0
BRDA:89,8,0,0
BRDA:89,8,1,0
BRDA:89,9,0,0
BRDA:89,9,1,0
BRDA:98,10,0,0
BRDA:98,10,1,0
BRDA:107,11,0,0
BRDA:107,11,1,0
BRDA:115,12,0,0
BRDA:115,12,1,0
BRF:25
BRH:0
end_of_record
TN:
SF:netlify/functions/lib/rate-limit.js
FN:12,getRateLimitStore
FN:17,cleanup
FN:30,getClientId
FN:37,checkRateLimit
FN:80,recordFailedAttempt
FN:105,clearFailedAttempts
FN:110,isAccountLocked
FN:134,getRateLimitHeaders
FNF:8
FNH:8
FNDA:27,getRateLimitStore
FNDA:13,cleanup
FNDA:13,getClientId
FNDA:13,checkRateLimit
FNDA:6,recordFailedAttempt
FNDA:2,clearFailedAttempts
FNDA:6,isAccountLocked
FNDA:3,getRateLimitHeaders
DA:6,1
DA:7,1
DA:8,1
DA:9,1
DA:13,27
DA:18,13
DA:19,13
DA:20,13
DA:21,12
DA:22,1
DA:31,13
DA:42,13
DA:44,13
DA:45,13
DA:46,13
DA:47,13
DA:50,13
DA:52,13
DA:54,13
DA:56,9
DA:60,9
DA:61,9
DA:64,4
DA:66,4
DA:68,3
DA:75,1
DA:76,1
DA:81,6
DA:82,6
DA:83,6
DA:85,6
DA:87,6
DA:89,3
DA:95,3
DA:96,3
DA:97,2
DA:101,6
DA:102,6
DA:106,2
DA:107,2
DA:111,6
DA:112,6
DA:113,6
DA:115,6
DA:116,3
DA:119,3
DA:120,3
DA:122,1
DA:123,1
DA:126,2
DA:135,3
DA:139,3
DA:140,1
DA:143,3
LF:54
LH:54
BRDA:21,0,0,1
BRDA:21,0,1,11
BRDA:21,1,0,12
BRDA:21,1,1,6
BRDA:31,2,0,13
BRDA:31,2,1,2
BRDA:31,2,2,1
BRDA:37,3,0,12
BRDA:39,4,0,12
BRDA:40,5,0,12
BRDA:41,6,0,12
BRDA:54,7,0,9
BRDA:54,7,1,4
BRDA:54,8,0,13
BRDA:54,8,1,5
BRDA:66,9,0,3
BRDA:66,9,1,1
BRDA:87,10,0,3
BRDA:87,10,1,3
BRDA:87,11,0,6
BRDA:87,11,1,4
BRDA:96,12,0,2
BRDA:96,12,1,1
BRDA:115,13,0,3
BRDA:115,13,1,3
BRDA:115,14,0,6
BRDA:115,14,1,4
BRDA:120,15,0,1
BRDA:120,15,1,2
BRDA:139,16,0,1
BRDA:139,16,1,2
BRF:31
BRH:31
end_of_record
TN:
SF:netlify/functions/lib/responses.js
FN:13,success
FN:28,error
FN:41,badRequest
FN:51,unauthorized
FN:61,forbidden
FN:71,notFound
FN:80,methodNotAllowed
FN:90,tooManyRequests
FN:100,serverError
FN:110,created
FN:119,noContent
FNF:11
FNH:0
FNDA:0,success
FNDA:0,error
FNDA:0,badRequest
FNDA:0,unauthorized
FNDA:0,forbidden
FNDA:0,notFound
FNDA:0,methodNotAllowed
FNDA:0,tooManyRequests
FNDA:0,serverError
FNDA:0,created
FNDA:0,noContent
DA:14,0
DA:29,0
DA:42,0
DA:52,0
DA:62,0
DA:72,0
DA:81,0
DA:91,0
DA:101,0
DA:111,0
DA:120,0
LF:11
LH:0
BRDA:13,0,0,0
BRDA:28,1,0,0
BRDA:28,2,0,0
BRDA:51,3,0,0
BRDA:61,4,0,0
BRDA:71,5,0,0
BRDA:100,6,0,0
BRF:7
BRH:0
end_of_record
TN:
SF:netlify/functions/lib/storage.js
FN:14,store
FN:20,createUser
FN:39,getUser
FN:48,getUserById
FN:63,updateUser
FN:74,createPasswordResetToken
FN:89,getPasswordResetToken
FN:107,deletePasswordResetToken
FN:115,createEmailVerificationToken
FN:134,getEmailVerificationToken
FN:152,getEmailVerificationTokenByEmail
FN:170,deleteEmailVerificationToken
FN:189,createForm
FN:234,getForm
FN:243,updateForm
FN:258,deleteForm
FN:272,(anonymous_16)
FN:278,getUserForms
FN:285,(anonymous_18)
FN:287,(anonymous_19)
FN:295,createApiKey
FN:322,getApiKeyData
FN:331,updateApiKeyLastUsed
FN:341,revokeApiKey
FN:354,(anonymous_24)
FN:362,getSubmissions
FN:370,(anonymous_26)
FN:377,(anonymous_27)
FN:387,getSubmission
FN:396,deleteSubmission
FN:404,(anonymous_30)
FN:413,deleteAllSubmissions
FN:422,(anonymous_32)
FNF:33
FNH:0
FNDA:0,store
FNDA:0,createUser
FNDA:0,getUser
FNDA:0,getUserById
FNDA:0,updateUser
FNDA:0,createPasswordResetToken
FNDA:0,getPasswordResetToken
FNDA:0,deletePasswordResetToken
FNDA:0,createEmailVerificationToken
FNDA:0,getEmailVerificationToken
FNDA:0,getEmailVerificationTokenByEmail
FNDA:0,deleteEmailVerificationToken
FNDA:0,createForm
FNDA:0,getForm
FNDA:0,updateForm
FNDA:0,deleteForm
FNDA:0,(anonymous_16)
FNDA:0,getUserForms
FNDA:0,(anonymous_18)
FNDA:0,(anonymous_19)
FNDA:0,createApiKey
FNDA:0,getApiKeyData
FNDA:0,updateApiKeyLastUsed
FNDA:0,revokeApiKey
FNDA:0,(anonymous_24)
FNDA:0,getSubmissions
FNDA:0,(anonymous_26)
FNDA:0,(anonymous_27)
FNDA:0,getSubmission
FNDA:0,deleteSubmission
FNDA:0,(anonymous_30)
FNDA:0,deleteAllSubmissions
FNDA:0,(anonymous_32)
DA:4,0
DA:15,0
DA:21,0
DA:22,0
DA:23,0
DA:33,0
DA:35,0
DA:36,0
DA:40,0
DA:41,0
DA:42,0
DA:44,0
DA:49,0
DA:50,0
DA:53,0
DA:54,0
DA:55,0
DA:57,0
DA:59,0
DA:64,0
DA:65,0
DA:66,0
DA:67,0
DA:68,0
DA:69,0
DA:75,0
DA:76,0
DA:77,0
DA:79,0
DA:85,0
DA:86,0
DA:90,0
DA:91,0
DA:92,0
DA:93,0
DA:96,0
DA:97,0
DA:98,0
DA:101,0
DA:103,0
DA:108,0
DA:109,0
DA:110,0
DA:116,0
DA:117,0
DA:118,0
DA:120,0
DA:126,0
DA:129,0
DA:131,0
DA:135,0
DA:136,0
DA:137,0
DA:138,0
DA:141,0
DA:142,0
DA:143,0
DA:146,0
DA:148,0
DA:153,0
DA:154,0
DA:155,0
DA:156,0
DA:159,0
DA:160,0
DA:161,0
DA:164,0
DA:166,0
DA:171,0
DA:174,0
DA:175,0
DA:176,0
DA:177,0
DA:183,0
DA:184,0
DA:190,0
DA:191,0
DA:193,0
DA:218,0
DA:221,0
DA:222,0
DA:223,0
DA:224,0
DA:226,0
DA:228,0
DA:229,0
DA:231,0
DA:235,0
DA:236,0
DA:237,0
DA:239,0
DA:244,0
DA:245,0
DA:246,0
DA:248,0
DA:254,0
DA:255,0
DA:259,0
DA:262,0
DA:265,0
DA:266,0
DA:267,0
DA:268,0
DA:270,0
DA:272,0
DA:273,0
DA:275,0
DA:279,0
DA:280,0
DA:282,0
DA:283,0
DA:284,0
DA:285,0
DA:287,0
DA:289,0
DA:296,0
DA:298,0
DA:306,0
DA:309,0
DA:310,0
DA:311,0
DA:312,0
DA:314,0
DA:316,0
DA:317,0
DA:319,0
DA:323,0
DA:324,0
DA:325,0
DA:327,0
DA:332,0
DA:333,0
DA:334,0
DA:336,0
DA:337,0
DA:338,0
DA:342,0
DA:344,0
DA:347,0
DA:348,0
DA:349,0
DA:350,0
DA:352,0
DA:354,0
DA:355,0
DA:357,0
DA:363,0
DA:365,0
DA:366,0
DA:368,0
DA:369,0
DA:371,0
DA:372,0
DA:376,0
DA:377,0
DA:383,0
DA:388,0
DA:389,0
DA:390,0
DA:392,0
DA:397,0
DA:399,0
DA:402,0
DA:403,0
DA:404,0
DA:405,0
DA:407,0
DA:410,0
DA:414,0
DA:416,0
DA:417,0
DA:418,0
DA:421,0
DA:422,0
DA:426,0
DA:428,0
DA:430,0
LF:177
LH:0
BRDA:54,0,0,0
BRDA:54,0,1,0
BRDA:66,1,0,0
BRDA:66,1,1,0
BRDA:93,2,0,0
BRDA:93,2,1,0
BRDA:96,3,0,0
BRDA:96,3,1,0
BRDA:138,4,0,0
BRDA:138,4,1,0
BRDA:141,5,0,0
BRDA:141,5,1,0
BRDA:156,6,0,0
BRDA:156,6,1,0
BRDA:159,7,0,0
BRDA:159,7,1,0
BRDA:176,8,0,0
BRDA:176,8,1,0
BRDA:200,9,0,0
BRDA:200,9,1,0
BRDA:201,10,0,0
BRDA:201,10,1,0
BRDA:202,11,0,0
BRDA:202,11,1,0
BRDA:206,12,0,0
BRDA:206,12,1,0
BRDA:207,13,0,0
BRDA:207,13,1,0
BRDA:208,14,0,0
BRDA:208,14,1,0
BRDA:209,15,0,0
BRDA:209,15,1,0
BRDA:224,16,0,0
BRDA:224,16,1,0
BRDA:246,17,0,0
BRDA:246,17,1,0
BRDA:268,18,0,0
BRDA:268,18,1,0
BRDA:283,19,0,0
BRDA:283,19,1,0
BRDA:295,20,0,0
BRDA:312,21,0,0
BRDA:312,21,1,0
BRDA:334,22,0,0
BRDA:334,22,1,0
BRDA:350,23,0,0
BRDA:350,23,1,0
BRDA:362,24,0,0
BRDA:362,25,0,0
BRDA:366,26,0,0
BRDA:366,26,1,0
BRDA:403,27,0,0
BRDA:403,27,1,0
BRDA:417,28,0,0
BRDA:417,28,1,0
BRF:55
BRH:0
end_of_record
TN:
SF:netlify/functions/lib/stripe.js
FN:69,getPlanConfig
FN:76,getPlanLimits
FN:84,canCreateForm
FN:93,canAcceptSubmission
FN:102,getOrCreateCustomer
FN:130,createCheckoutSession
FN:173,createPortalSession
FN:185,getSubscription
FN:199,cancelSubscription
FN:212,reactivateSubscription
FN:221,constructWebhookEvent
FN:232,mapSubscriptionStatus
FN:249,getPlanFromPriceId
FN:261,formatSubscriptionData
FNF:14
FNH:0
FNDA:0,getPlanConfig
FNDA:0,getPlanLimits
FNDA:0,canCreateForm
FNDA:0,canAcceptSubmission
FNDA:0,getOrCreateCustomer
FNDA:0,createCheckoutSession
FNDA:0,createPortalSession
FNDA:0,getSubscription
FNDA:0,cancelSubscription
FNDA:0,reactivateSubscription
FNDA:0,constructWebhookEvent
FNDA:0,mapSubscriptionStatus
FNDA:0,getPlanFromPriceId
FNDA:0,formatSubscriptionData
DA:4,0
DA:7,0
DA:70,0
DA:77,0
DA:78,0
DA:85,0
DA:86,0
DA:87,0
DA:94,0
DA:95,0
DA:96,0
DA:104,0
DA:105,0
DA:106,0
DA:107,0
DA:108,0
DA:116,0
DA:124,0
DA:131,0
DA:133,0
DA:134,0
DA:138,0
DA:141,0
DA:167,0
DA:174,0
DA:179,0
DA:186,0
DA:188,0
DA:189,0
DA:190,0
DA:192,0
DA:200,0
DA:201,0
DA:203,0
DA:213,0
DA:222,0
DA:233,0
DA:243,0
DA:250,0
DA:251,0
DA:252,0
DA:255,0
DA:262,0
DA:263,0
DA:265,0
LF:45
LH:0
BRDA:70,0,0,0
BRDA:70,0,1,0
BRDA:86,1,0,0
BRDA:86,1,1,0
BRDA:95,2,0,0
BRDA:95,2,1,0
BRDA:104,3,0,0
BRDA:104,3,1,0
BRDA:107,4,0,0
BRDA:107,4,1,0
BRDA:120,5,0,0
BRDA:120,5,1,0
BRDA:133,6,0,0
BRDA:133,6,1,0
BRDA:186,7,0,0
BRDA:186,7,1,0
BRDA:199,8,0,0
BRDA:200,9,0,0
BRDA:200,9,1,0
BRDA:243,10,0,0
BRDA:243,10,1,0
BRDA:251,11,0,0
BRDA:251,11,1,0
BRDA:274,12,0,0
BRDA:274,12,1,0
BRDA:275,13,0,0
BRDA:275,13,1,0
BRF:27
BRH:0
end_of_record
TN:
SF:netlify/functions/lib/token-blocklist.js
FN:18,getBlocklistStore
FN:27,getRemainingTTL
FN:50,hashToken
FN:55,(anonymous_3)
FN:66,revokeToken
FN:105,isTokenRevoked
FN:131,cleanupExpiredTokens
FN:164,getBlocklistStats
FNF:8
FNH:0
FNDA:0,getBlocklistStore
FNDA:0,getRemainingTTL
FNDA:0,hashToken
FNDA:0,(anonymous_3)
FNDA:0,revokeToken
FNDA:0,isTokenRevoked
FNDA:0,cleanupExpiredTokens
FNDA:0,getBlocklistStats
DA:12,0
DA:19,0
DA:28,0
DA:29,0
DA:30,0
DA:31,0
DA:34,0
DA:35,0
DA:38,0
DA:40,0
DA:51,0
DA:52,0
DA:53,0
DA:54,0
DA:55,0
DA:67,0
DA:68,0
DA:71,0
DA:73,0
DA:75,0
DA:77,0
DA:81,0
DA:84,0
DA:85,0
DA:92,0
DA:94,0
DA:95,0
DA:106,0
DA:107,0
DA:110,0
DA:111,0
DA:112,0
DA:113,0
DA:116,0
DA:120,0
DA:121,0
DA:132,0
DA:133,0
DA:134,0
DA:136,0
DA:137,0
DA:139,0
DA:140,0
DA:141,0
DA:143,0
DA:144,0
DA:145,0
DA:146,0
DA:147,0
DA:152,0
DA:154,0
DA:155,0
DA:165,0
DA:166,0
DA:167,0
DA:169,0
DA:170,0
DA:171,0
DA:173,0
DA:175,0
DA:176,0
DA:177,0
DA:179,0
DA:180,0
DA:181,0
DA:182,0
DA:184,0
DA:189,0
DA:196,0
DA:197,0
LF:70
LH:0
BRDA:30,0,0,0
BRDA:30,0,1,0
BRDA:30,1,0,0
BRDA:30,1,1,0
BRDA:38,2,0,0
BRDA:38,2,1,0
BRDA:67,3,0,0
BRDA:67,3,1,0
BRDA:75,4,0,0
BRDA:75,4,1,0
BRDA:106,5,0,0
BRDA:106,5,1,0
BRDA:143,6,0,0
BRDA:143,6,1,0
BRDA:143,7,0,0
BRDA:143,7,1,0
BRDA:145,8,0,0
BRDA:145,8,1,0
BRDA:179,9,0,0
BRDA:179,9,1,0
BRDA:179,10,0,0
BRDA:179,10,1,0
BRDA:181,11,0,0
BRDA:181,11,1,0
BRF:24
BRH:0
end_of_record
TN:
SF:netlify/functions/lib/validation.js
FN:25,isValidFormId
FN:34,isValidSubmissionId
FN:43,isValidUserId
FN:52,isValidApiKey
FN:61,isValidUuid
FN:70,isValidEmail
FN:79,isValidWebhookUrl
FN:94,isValidHexColor
FN:106,sanitizeString
FN:123,validateFormName
FN:142,validateRecipients
FN:162,validateRetention
FN:175,validateBranding
FN:200,parseUrlPath
FNF:14
FNH:0
FNDA:0,isValidFormId
FNDA:0,isValidSubmissionId
FNDA:0,isValidUserId
FNDA:0,isValidApiKey
FNDA:0,isValidUuid
FNDA:0,isValidEmail
FNDA:0,isValidWebhookUrl
FNDA:0,isValidHexColor
FNDA:0,sanitizeString
FNDA:0,validateFormName
FNDA:0,validateRecipients
FNDA:0,validateRetention
FNDA:0,validateBranding
FNDA:0,parseUrlPath
DA:7,0
DA:26,0
DA:35,0
DA:44,0
DA:53,0
DA:62,0
DA:71,0
DA:80,0
DA:81,0
DA:82,0
DA:83,0
DA:85,0
DA:95,0
DA:107,0
DA:109,0
DA:111,0
DA:112,0
DA:113,0
DA:115,0
DA:124,0
DA:125,0
DA:127,0
DA:128,0
DA:129,0
DA:131,0
DA:132,0
DA:134,0
DA:143,0
DA:144,0
DA:146,0
DA:147,0
DA:149,0
DA:150,0
DA:151,0
DA:154,0
DA:163,0
DA:164,0
DA:165,0
DA:167,0
DA:176,0
DA:178,0
DA:179,0
DA:182,0
DA:183,0
DA:184,0
DA:186,0
DA:187,0
DA:191,0
DA:201,0
DA:202,0
LF:50
LH:0
BRDA:26,0,0,0
BRDA:26,0,1,0
BRDA:35,1,0,0
BRDA:35,1,1,0
BRDA:44,2,0,0
BRDA:44,2,1,0
BRDA:53,3,0,0
BRDA:53,3,1,0
BRDA:62,4,0,0
BRDA:62,4,1,0
BRDA:71,5,0,0
BRDA:71,5,1,0
BRDA:80,6,0,0
BRDA:80,6,1,0
BRDA:80,7,0,0
BRDA:80,7,1,0
BRDA:95,8,0,0
BRDA:95,8,1,0
BRDA:106,9,0,0
BRDA:107,10,0,0
BRDA:107,11,0,0
BRDA:109,12,0,0
BRDA:109,12,1,0
BRDA:112,13,0,0
BRDA:112,13,1,0
BRDA:113,14,0,0
BRDA:113,14,1,0
BRDA:113,15,0,0
BRDA:113,15,1,0
BRDA:124,16,0,0
BRDA:124,16,1,0
BRDA:124,17,0,0
BRDA:124,17,1,0
BRDA:128,18,0,0
BRDA:128,18,1,0
BRDA:131,19,0,0
BRDA:131,19,1,0
BRDA:143,20,0,0
BRDA:143,20,1,0
BRDA:146,21,0,0
BRDA:146,21,1,0
BRDA:150,22,0,0
BRDA:150,22,1,0
BRDA:163,23,0,0
BRDA:163,23,1,0
BRDA:164,24,0,0
BRDA:164,24,1,0
BRDA:164,25,0,0
BRDA:164,25,1,0
BRDA:164,25,2,0
BRDA:176,26,0,0
BRDA:176,26,1,0
BRDA:178,27,0,0
BRDA:178,27,1,0
BRDA:178,28,0,0
BRDA:178,28,1,0
BRDA:182,29,0,0
BRDA:182,29,1,0
BRDA:182,30,0,0
BRDA:182,30,1,0
BRDA:183,31,0,0
BRDA:183,31,1,0
BRDA:186,32,0,0
BRDA:186,32,1,0
BRF:64
BRH:0
end_of_record
TN:
SF:netlify/functions/lib/webhook-retry.js
FN:20,fireWebhookWithRetry
FN:94,buildWebhookPayload
FN:108,buildWebhookHeaders
FN:138,storeFailedWebhook
FN:163,addToFailedIndex
FN:189,logWebhookDelivery
FN:212,getFailedWebhooks
FN:221,(anonymous_7)
FN:224,(anonymous_8)
FN:233,retryFailedWebhook
FN:264,getWebhookDeliveryLog
FN:278,sleep
FN:279,(anonymous_12)
FNF:13
FNH:0
FNDA:0,fireWebhookWithRetry
FNDA:0,buildWebhookPayload
FNDA:0,buildWebhookHeaders
FNDA:0,storeFailedWebhook
FNDA:0,addToFailedIndex
FNDA:0,logWebhookDelivery
FNDA:0,getFailedWebhooks
FNDA:0,(anonymous_7)
FNDA:0,(anonymous_8)
FNDA:0,retryFailedWebhook
FNDA:0,getWebhookDeliveryLog
FNDA:0,sleep
FNDA:0,(anonymous_12)
DA:13,0
DA:14,0
DA:15,0
DA:21,0
DA:22,0
DA:24,0
DA:25,0
DA:28,0
DA:29,0
DA:30,0
DA:37,0
DA:39,0
DA:46,0
DA:49,0
DA:52,0
DA:53,0
DA:57,0
DA:60,0
DA:61,0
DA:65,0
DA:66,0
DA:70,0
DA:74,0
DA:77,0
DA:84,0
DA:95,0
DA:109,0
DA:115,0
DA:116,0
DA:117,0
DA:124,0
DA:129,0
DA:132,0
DA:139,0
DA:141,0
DA:152,0
DA:155,0
DA:157,0
DA:164,0
DA:165,0
DA:167,0
DA:168,0
DA:170,0
DA:176,0
DA:177,0
DA:180,0
DA:182,0
DA:190,0
DA:191,0
DA:193,0
DA:194,0
DA:196,0
DA:199,0
DA:200,0
DA:203,0
DA:205,0
DA:213,0
DA:214,0
DA:216,0
DA:217,0
DA:219,0
DA:220,0
DA:221,0
DA:224,0
DA:226,0
DA:234,0
DA:236,0
DA:237,0
DA:238,0
DA:239,0
DA:243,0
DA:249,0
DA:251,0
DA:252,0
DA:255,0
DA:257,0
DA:265,0
DA:266,0
DA:268,0
DA:269,0
DA:271,0
DA:279,0
LF:82
LH:0
BRDA:20,0,0,0
BRDA:37,1,0,0
BRDA:37,1,1,0
BRDA:52,2,0,0
BRDA:52,2,1,0
BRDA:52,3,0,0
BRDA:52,3,1,0
BRDA:60,4,0,0
BRDA:60,4,1,0
BRDA:65,5,0,0
BRDA:65,5,1,0
BRDA:115,6,0,0
BRDA:115,6,1,0
BRDA:168,7,0,0
BRDA:168,7,1,0
BRDA:176,8,0,0
BRDA:176,8,1,0
BRDA:194,9,0,0
BRDA:194,9,1,0
BRDA:199,10,0,0
BRDA:199,10,1,0
BRDA:212,11,0,0
BRDA:217,12,0,0
BRDA:217,12,1,0
BRDA:238,13,0,0
BRDA:238,13,1,0
BRDA:249,14,0,0
BRDA:249,14,1,0
BRDA:269,15,0,0
BRDA:269,15,1,0
BRF:30
BRH:0
end_of_record
TN:
SF:src/client/veilforms.js
FN:16,(anonymous_0)
FN:37,init
FN:57,bindForms
FN:58,(anonymous_3)
FN:68,handleFormSubmit
FN:109,collectFormData
FN:135,submit
FN:192,(anonymous_7)
FN:208,track
FN:218,log
FNF:10
FNH:0
FNDA:0,(anonymous_0)
FNDA:0,init
FNDA:0,bindForms
FNDA:0,(anonymous_3)
FNDA:0,handleFormSubmit
FNDA:0,collectFormData
FNDA:0,submit
FNDA:0,(anonymous_7)
FNDA:0,track
FNDA:0,log
DA:16,0
DA:20,0
DA:22,0
DA:38,0
DA:39,0
DA:40,0
DA:41,0
DA:42,0
DA:43,0
DA:44,0
DA:46,0
DA:49,0
DA:50,0
DA:58,0
DA:59,0
DA:60,0
DA:69,0
DA:70,0
DA:72,0
DA:74,0
DA:77,0
DA:82,0
DA:85,0
DA:88,0
DA:89,0
DA:92,0
DA:95,0
DA:98,0
DA:100,0
DA:110,0
DA:111,0
DA:113,0
DA:115,0
DA:116,0
DA:117,0
DA:119,0
DA:122,0
DA:126,0
DA:136,0
DA:137,0
DA:140,0
DA:143,0
DA:144,0
DA:146,0
DA:147,0
DA:148,0
DA:149,0
DA:150,0
DA:151,0
DA:152,0
DA:158,0
DA:162,0
DA:163,0
DA:164,0
DA:166,0
DA:170,0
DA:183,0
DA:191,0
DA:192,0
DA:193,0
DA:196,0
DA:209,0
DA:219,0
DA:220,0
DA:225,0
DA:241,0
DA:242,0
LF:67
LH:0
BRDA:37,0,0,0
BRDA:39,1,0,0
BRDA:39,1,1,0
BRDA:40,2,0,0
BRDA:40,2,1,0
BRDA:41,3,0,0
BRDA:41,3,1,0
BRDA:44,4,0,0
BRDA:44,4,1,0
BRDA:49,5,0,0
BRDA:49,5,1,0
BRDA:60,6,0,0
BRDA:60,6,1,0
BRDA:60,6,2,0
BRDA:88,7,0,0
BRDA:88,7,1,0
BRDA:115,8,0,0
BRDA:115,8,1,0
BRDA:116,9,0,0
BRDA:116,9,1,0
BRDA:135,10,0,0
BRDA:136,11,0,0
BRDA:136,11,1,0
BRDA:143,12,0,0
BRDA:143,12,1,0
BRDA:143,13,0,0
BRDA:143,13,1,0
BRDA:146,14,0,0
BRDA:146,14,1,0
BRDA:147,15,0,0
BRDA:147,15,1,0
BRDA:151,16,0,0
BRDA:151,16,1,0
BRDA:162,17,0,0
BRDA:162,17,1,0
BRDA:162,18,0,0
BRDA:162,18,1,0
BRDA:191,19,0,0
BRDA:191,19,1,0
BRDA:193,20,0,0
BRDA:193,20,1,0
BRDA:208,21,0,0
BRDA:219,22,0,0
BRDA:219,22,1,0
BRDA:219,23,0,0
BRDA:219,23,1,0
BRDA:241,24,0,0
BRDA:241,24,1,0
BRF:48
BRH:0
end_of_record
TN:
SF:src/core/encryption.js
FN:12,generateKeyPair
FN:38,generateSymmetricKey
FN:53,encryptSubmission
FN:101,decryptSubmission
FN:153,hashField
FN:161,arrayBufferToBase64
FN:170,base64ToArrayBuffer
FN:186,deriveKeyFromPassword
FN:217,exportPrivateKeys
FN:261,importPrivateKeys
FNF:10
FNH:0
FNDA:0,generateKeyPair
FNDA:0,generateSymmetricKey
FNDA:0,encryptSubmission
FNDA:0,decryptSubmission
FNDA:0,hashField
FNDA:0,arrayBufferToBase64
FNDA:0,base64ToArrayBuffer
FNDA:0,deriveKeyFromPassword
FNDA:0,exportPrivateKeys
FNDA:0,importPrivateKeys
DA:13,0
DA:24,0
DA:25,0
DA:27,0
DA:39,0
DA:55,0
DA:64,0
DA:67,0
DA:68,0
DA:69,0
DA:71,0
DA:78,0
DA:79,0
DA:86,0
DA:102,0
DA:103,0
DA:107,0
DA:116,0
DA:117,0
DA:124,0
DA:133,0
DA:134,0
DA:136,0
DA:142,0
DA:143,0
DA:154,0
DA:155,0
DA:156,0
DA:157,0
DA:162,0
DA:163,0
DA:164,0
DA:165,0
DA:167,0
DA:171,0
DA:172,0
DA:173,0
DA:174,0
DA:176,0
DA:187,0
DA:188,0
DA:196,0
DA:218,0
DA:219,0
DA:223,0
DA:224,0
DA:225,0
DA:228,0
DA:231,0
DA:232,0
DA:233,0
DA:236,0
DA:243,0
DA:262,0
DA:263,0
DA:266,0
DA:267,0
DA:271,0
DA:272,0
DA:276,0
DA:277,0
DA:278,0
DA:279,0
DA:282,0
DA:285,0
DA:286,0
DA:292,0
DA:293,0
DA:294,0
DA:297,0
LF:70
LH:0
BRDA:102,0,0,0
BRDA:102,0,1,0
BRDA:153,1,0,0
BRDA:186,2,0,0
BRDA:218,3,0,0
BRDA:218,3,1,0
BRDA:218,4,0,0
BRDA:218,4,1,0
BRDA:262,5,0,0
BRDA:262,5,1,0
BRDA:262,6,0,0
BRDA:262,6,1,0
BRDA:266,7,0,0
BRDA:266,7,1,0
BRDA:271,8,0,0
BRDA:271,8,1,0
BRDA:279,9,0,0
BRDA:279,9,1,0
BRF:18
BRH:0
end_of_record
TN:
SF:src/core/identity.js
FN:14,createIdentityHash
FN:29,(anonymous_1)
FN:44,generateEntropy
FN:47,(anonymous_3)
FN:56,createAnonymousId
FN:57,(anonymous_5)
FN:69,isValidSubmissionId
FNF:7
FNH:0
FNDA:0,createIdentityHash
FNDA:0,(anonymous_1)
FNDA:0,generateEntropy
FNDA:0,(anonymous_3)
FNDA:0,createAnonymousId
FNDA:0,(anonymous_5)
FNDA:0,isValidSubmissionId
DA:15,0
DA:16,0
DA:17,0
DA:20,0
DA:23,0
DA:24,0
DA:25,0
DA:28,0
DA:29,0
DA:31,0
DA:45,0
DA:46,0
DA:47,0
DA:57,0
DA:58,0
DA:59,0
DA:60,0
DA:72,0
DA:73,0
DA:75,0
LF:20
LH:0
BRDA:14,0,0,0
BRDA:17,1,0,0
BRDA:17,1,1,0
BRDA:44,2,0,0
BRDA:59,3,0,0
BRDA:59,3,1,0
BRDA:75,4,0,0
BRDA:75,4,1,0
BRF:8
BRH:0
end_of_record
TN:
SF:src/core/pii.js
FN:39,detectPII
FN:50,(anonymous_1)
FN:84,validateNoPII
FN:92,(anonymous_3)
FN:93,(anonymous_4)
FN:114,stripPII
FN:131,(anonymous_6)
FN:172,hashValue
FN:177,(anonymous_8)
FN:186,createPIISchema
FN:187,validate
FNF:11
FNH:0
FNDA:0,detectPII
FNDA:0,(anonymous_1)
FNDA:0,validateNoPII
FNDA:0,(anonymous_3)
FNDA:0,(anonymous_4)
FNDA:0,stripPII
FNDA:0,(anonymous_6)
FNDA:0,hashValue
FNDA:0,(anonymous_8)
FNDA:0,createPIISchema
FNDA:0,validate
DA:8,0
DA:22,0
DA:40,0
DA:46,0
DA:47,0
DA:50,0
DA:51,0
DA:52,0
DA:59,0
DA:60,0
DA:62,0
DA:63,0
DA:64,0
DA:65,0
DA:74,0
DA:85,0
DA:87,0
DA:89,0
DA:91,0
DA:92,0
DA:93,0
DA:96,0
DA:97,0
DA:98,0
DA:99,0
DA:100,0
DA:104,0
DA:119,0
DA:121,0
DA:122,0
DA:124,0
DA:126,0
DA:128,0
DA:131,0
DA:133,0
DA:134,0
DA:136,0
DA:138,0
DA:140,0
DA:141,0
DA:145,0
DA:146,0
DA:147,0
DA:148,0
DA:149,0
DA:150,0
DA:151,0
DA:152,0
DA:156,0
DA:160,0
DA:173,0
DA:174,0
DA:175,0
DA:176,0
DA:177,0
DA:187,0
DA:188,0
DA:189,0
DA:191,0
DA:192,0
DA:194,0
DA:195,0
DA:196,0
DA:199,0
DA:200,0
DA:201,0
DA:202,0
DA:203,0
DA:209,0
LF:69
LH:0
BRDA:50,0,0,0
BRDA:50,0,1,0
BRDA:59,1,0,0
BRDA:59,1,1,0
BRDA:63,2,0,0
BRDA:63,2,1,0
BRDA:84,3,0,0
BRDA:85,4,0,0
BRDA:85,5,0,0
BRDA:89,6,0,0
BRDA:89,6,1,0
BRDA:96,7,0,0
BRDA:96,7,1,0
BRDA:96,8,0,0
BRDA:96,8,1,0
BRDA:114,9,0,0
BRDA:116,10,0,0
BRDA:117,11,0,0
BRDA:118,12,0,0
BRDA:126,13,0,0
BRDA:126,13,1,0
BRDA:133,14,0,0
BRDA:133,14,1,0
BRDA:134,15,0,0
BRDA:134,15,1,0
BRDA:134,16,0,0
BRDA:134,16,1,0
BRDA:145,17,0,0
BRDA:145,17,1,0
BRDA:149,18,0,0
BRDA:149,18,1,0
BRDA:151,19,0,0
BRDA:151,19,1,0
BRDA:194,20,0,0
BRDA:194,20,1,0
BRDA:199,21,0,0
BRDA:199,21,1,0
BRDA:199,22,0,0
BRDA:199,22,1,0
BRDA:202,23,0,0
BRDA:202,23,1,0
BRF:41
BRH:0
end_of_record
TN:
SF:src/core/storage.js
FN:15,(anonymous_0)
FN:16,(anonymous_1)
FN:17,(anonymous_2)
FN:18,(anonymous_3)
FN:25,(anonymous_4)
FN:30,(anonymous_5)
FN:34,(anonymous_6)
FN:43,(anonymous_7)
FN:49,(anonymous_8)
FN:56,(anonymous_9)
FN:64,(anonymous_10)
FN:79,(anonymous_11)
FN:85,(anonymous_12)
FN:104,(anonymous_13)
FN:109,(anonymous_14)
FN:113,(anonymous_15)
FN:118,(anonymous_16)
FN:128,(anonymous_17)
FN:143,(anonymous_18)
FN:196,(anonymous_19)
FN:216,(anonymous_20)
FN:227,(anonymous_21)
FN:243,(anonymous_22)
FN:251,(anonymous_23)
FN:265,(anonymous_24)
FNF:25
FNH:0
FNDA:0,(anonymous_0)
FNDA:0,(anonymous_1)
FNDA:0,(anonymous_2)
FNDA:0,(anonymous_3)
FNDA:0,(anonymous_4)
FNDA:0,(anonymous_5)
FNDA:0,(anonymous_6)
FNDA:0,(anonymous_7)
FNDA:0,(anonymous_8)
FNDA:0,(anonymous_9)
FNDA:0,(anonymous_10)
FNDA:0,(anonymous_11)
FNDA:0,(anonymous_12)
FNDA:0,(anonymous_13)
FNDA:0,(anonymous_14)
FNDA:0,(anonymous_15)
FNDA:0,(anonymous_16)
FNDA:0,(anonymous_17)
FNDA:0,(anonymous_18)
FNDA:0,(anonymous_19)
FNDA:0,(anonymous_20)
FNDA:0,(anonymous_21)
FNDA:0,(anonymous_22)
FNDA:0,(anonymous_23)
FNDA:0,(anonymous_24)
DA:15,0
DA:16,0
DA:17,0
DA:18,0
DA:26,0
DA:27,0
DA:31,0
DA:35,0
DA:36,0
DA:37,0
DA:39,0
DA:40,0
DA:44,0
DA:45,0
DA:46,0
DA:50,0
DA:51,0
DA:52,0
DA:53,0
DA:55,0
DA:56,0
DA:58,0
DA:65,0
DA:66,0
DA:67,0
DA:68,0
DA:69,0
DA:71,0
DA:80,0
DA:81,0
DA:82,0
DA:86,0
DA:95,0
DA:96,0
DA:97,0
DA:98,0
DA:101,0
DA:105,0
DA:106,0
DA:110,0
DA:114,0
DA:115,0
DA:119,0
DA:120,0
DA:129,0
DA:130,0
DA:131,0
DA:132,0
DA:145,0
DA:146,0
DA:148,0
DA:149,0
DA:152,0
DA:155,0
DA:156,0
DA:157,0
DA:158,0
DA:160,0
DA:165,0
DA:167,0
DA:181,0
DA:183,0
DA:198,0
DA:201,0
DA:202,0
DA:203,0
DA:206,0
DA:217,0
DA:229,0
DA:230,0
DA:231,0
DA:234,0
DA:244,0
DA:246,0
DA:251,0
DA:266,0
DA:267,0
DA:269,0
DA:270,0
DA:271,0
DA:274,0
LF:81
LH:0
BRDA:36,0,0,0
BRDA:36,0,1,0
BRDA:46,1,0,0
BRDA:46,1,1,0
BRDA:49,2,0,0
BRDA:50,3,0,0
BRDA:50,4,0,0
BRDA:53,5,0,0
BRDA:53,5,1,0
BRDA:67,6,0,0
BRDA:67,6,1,0
BRDA:85,7,0,0
BRDA:92,8,0,0
BRDA:92,8,1,0
BRDA:95,9,0,0
BRDA:95,9,1,0
BRDA:113,10,0,0
BRDA:128,11,0,0
BRDA:129,12,0,0
BRDA:129,12,1,0
BRDA:132,13,0,0
BRDA:132,13,1,0
BRDA:143,14,0,0
BRDA:145,15,0,0
BRDA:145,15,1,0
BRDA:145,16,0,0
BRDA:145,16,1,0
BRDA:148,17,0,0
BRDA:148,17,1,0
BRDA:148,18,0,0
BRDA:148,18,1,0
BRDA:155,19,0,0
BRDA:155,19,1,0
BRDA:156,20,0,0
BRDA:156,20,1,0
BRDA:175,21,0,0
BRDA:175,21,1,0
BRDA:201,22,0,0
BRDA:201,22,1,0
BRDA:201,23,0,0
BRDA:201,23,1,0
BRDA:216,24,0,0
BRDA:230,25,0,0
BRDA:230,25,1,0
BRDA:271,26,0,0
BRDA:271,26,1,0
BRF:46
BRH:0
end_of_record
TN:
SF:src/dashboard/app.js
FN:11,(anonymous_0)
FN:21,(anonymous_1)
FN:38,(anonymous_2)
FN:53,(anonymous_3)
FN:61,(anonymous_4)
FN:77,(anonymous_5)
FN:124,(anonymous_6)
FN:146,(anonymous_7)
FN:158,(anonymous_8)
FN:168,(anonymous_9)
FN:187,(anonymous_10)
FN:208,(anonymous_11)
FN:217,(anonymous_12)
FN:219,(anonymous_13)
FN:228,(anonymous_14)
FN:229,(anonymous_15)
FN:245,(anonymous_16)
FN:260,(anonymous_17)
FN:278,(anonymous_18)
FN:286,(anonymous_19)
FN:297,(anonymous_20)
FN:317,(anonymous_21)
FN:334,(anonymous_22)
FN:347,(anonymous_23)
FN:367,(anonymous_24)
FNF:25
FNH:0
FNDA:0,(anonymous_0)
FNDA:0,(anonymous_1)
FNDA:0,(anonymous_2)
FNDA:0,(anonymous_3)
FNDA:0,(anonymous_4)
FNDA:0,(anonymous_5)
FNDA:0,(anonymous_6)
FNDA:0,(anonymous_7)
FNDA:0,(anonymous_8)
FNDA:0,(anonymous_9)
FNDA:0,(anonymous_10)
FNDA:0,(anonymous_11)
FNDA:0,(anonymous_12)
FNDA:0,(anonymous_13)
FNDA:0,(anonymous_14)
FNDA:0,(anonymous_15)
FNDA:0,(anonymous_16)
FNDA:0,(anonymous_17)
FNDA:0,(anonymous_18)
FNDA:0,(anonymous_19)
FNDA:0,(anonymous_20)
FNDA:0,(anonymous_21)
FNDA:0,(anonymous_22)
FNDA:0,(anonymous_23)
FNDA:0,(anonymous_24)
DA:12,0
DA:13,0
DA:14,0
DA:15,0
DA:22,0
DA:25,0
DA:28,0
DA:29,0
DA:31,0
DA:39,0
DA:40,0
DA:41,0
DA:42,0
DA:45,0
DA:46,0
DA:54,0
DA:55,0
DA:62,0
DA:66,0
DA:67,0
DA:70,0
DA:78,0
DA:81,0
DA:84,0
DA:87,0
DA:96,0
DA:105,0
DA:106,0
DA:110,0
DA:112,0
DA:125,0
DA:127,0
DA:147,0
DA:151,0
DA:152,0
DA:155,0
DA:158,0
DA:169,0
DA:171,0
DA:176,0
DA:177,0
DA:180,0
DA:183,0
DA:184,0
DA:186,0
DA:188,0
DA:189,0
DA:190,0
DA:191,0
DA:193,0
DA:196,0
DA:201,0
DA:209,0
DA:211,0
DA:212,0
DA:216,0
DA:217,0
DA:218,0
DA:219,0
DA:223,0
DA:226,0
DA:228,0
DA:229,0
DA:230,0
DA:231,0
DA:232,0
DA:234,0
DA:236,0
DA:239,0
DA:246,0
DA:254,0
DA:261,0
DA:266,0
DA:268,0
DA:269,0
DA:272,0
DA:279,0
DA:287,0
DA:288,0
DA:289,0
DA:291,0
DA:298,0
DA:307,0
DA:308,0
DA:311,0
DA:318,0
DA:322,0
DA:323,0
DA:326,0
DA:335,0
DA:336,0
DA:339,0
DA:348,0
DA:351,0
DA:357,0
DA:359,0
DA:368,0
DA:369,0
DA:370,0
DA:372,0
DA:373,0
DA:374,0
DA:376,0
DA:377,0
DA:378,0
DA:379,0
DA:381,0
DA:386,0
LF:108
LH:0
BRDA:41,0,0,0
BRDA:41,0,1,0
BRDA:66,1,0,0
BRDA:66,1,1,0
BRDA:78,2,0,0
BRDA:105,3,0,0
BRDA:105,3,1,0
BRDA:151,4,0,0
BRDA:151,4,1,0
BRDA:168,5,0,0
BRDA:169,6,0,0
BRDA:169,7,0,0
BRDA:169,8,0,0
BRDA:176,9,0,0
BRDA:176,9,1,0
BRDA:183,10,0,0
BRDA:183,10,1,0
BRDA:183,11,0,0
BRDA:183,11,1,0
BRDA:188,12,0,0
BRDA:188,12,1,0
BRDA:211,13,0,0
BRDA:211,13,1,0
BRDA:218,14,0,0
BRDA:218,14,1,0
BRDA:230,15,0,0
BRDA:230,15,1,0
BRDA:231,16,0,0
BRDA:231,16,1,0
BRDA:232,17,0,0
BRDA:232,17,1,0
BRDA:266,18,0,0
BRDA:266,18,1,0
BRDA:288,19,0,0
BRDA:288,19,1,0
BRDA:307,20,0,0
BRDA:307,20,1,0
BRDA:322,21,0,0
BRDA:322,21,1,0
BRDA:335,22,0,0
BRDA:335,22,1,0
BRDA:367,23,0,0
BRDA:370,24,0,0
BRDA:370,24,1,0
BRF:44
BRH:0
end_of_record
